ERROR - 2024-03-05 01:26:58 --> mysqli_sql_exception: You have an error in your SQL syntax; check the manual that corresponds to your MariaDB server version for the right syntax to use near '`pengirim`) VALUES ('Selamat datang di Codeigntier', 'codeigniter-intro', 'Se...' at line 1 in C:\xampp\htdocs\nasi-campur\system\Database\MySQLi\Connection.php:306
Stack trace:
#0 C:\xampp\htdocs\nasi-campur\system\Database\MySQLi\Connection.php(306): mysqli->query('INSERT INTO `su...', 0)
#1 C:\xampp\htdocs\nasi-campur\system\Database\BaseConnection.php(693): CodeIgniter\Database\MySQLi\Connection->execute('INSERT INTO `su...')
#2 C:\xampp\htdocs\nasi-campur\system\Database\BaseConnection.php(607): CodeIgniter\Database\BaseConnection->simpleQuery('INSERT INTO `su...')
#3 C:\xampp\htdocs\nasi-campur\system\Database\BaseBuilder.php(2302): CodeIgniter\Database\BaseConnection->query('INSERT INTO `su...', Array, false)
#4 C:\xampp\htdocs\nasi-campur\app\Database\Seeds\Surkom.php(37): CodeIgniter\Database\BaseBuilder->insert(Array)
#5 C:\xampp\htdocs\nasi-campur\system\Database\Seeder.php(145): App\Database\Seeds\surkom->run()
#6 C:\xampp\htdocs\nasi-campur\system\Commands\Database\Seed.php(77): CodeIgniter\Database\Seeder->call('App\\Database\\Se...')
#7 C:\xampp\htdocs\nasi-campur\system\CLI\Commands.php(65): CodeIgniter\Commands\Database\Seed->run(Array)
#8 C:\xampp\htdocs\nasi-campur\system\CLI\Console.php(46): CodeIgniter\CLI\Commands->run('db:seed', Array)
#9 C:\xampp\htdocs\nasi-campur\spark(102): CodeIgniter\CLI\Console->run()
#10 {main}
ERROR - 2024-03-05 01:32:47 --> mysqli_sql_exception: You have an error in your SQL syntax; check the manual that corresponds to your MariaDB server version for the right syntax to use near '`pengirim`) VALUES ('Selamat datang di Codeigntier', 'codeigniter-intro', 'Se...' at line 1 in C:\xampp\htdocs\nasi-campur\system\Database\MySQLi\Connection.php:306
Stack trace:
#0 C:\xampp\htdocs\nasi-campur\system\Database\MySQLi\Connection.php(306): mysqli->query('INSERT INTO `su...', 0)
#1 C:\xampp\htdocs\nasi-campur\system\Database\BaseConnection.php(693): CodeIgniter\Database\MySQLi\Connection->execute('INSERT INTO `su...')
#2 C:\xampp\htdocs\nasi-campur\system\Database\BaseConnection.php(607): CodeIgniter\Database\BaseConnection->simpleQuery('INSERT INTO `su...')
#3 C:\xampp\htdocs\nasi-campur\system\Database\BaseBuilder.php(2302): CodeIgniter\Database\BaseConnection->query('INSERT INTO `su...', Array, false)
#4 C:\xampp\htdocs\nasi-campur\app\Database\Seeds\Surkom.php(37): CodeIgniter\Database\BaseBuilder->insert(Array)
#5 C:\xampp\htdocs\nasi-campur\system\Database\Seeder.php(145): App\Database\Seeds\surkom->run()
#6 C:\xampp\htdocs\nasi-campur\system\Commands\Database\Seed.php(77): CodeIgniter\Database\Seeder->call('App\\Database\\Se...')
#7 C:\xampp\htdocs\nasi-campur\system\CLI\Commands.php(65): CodeIgniter\Commands\Database\Seed->run(Array)
#8 C:\xampp\htdocs\nasi-campur\system\CLI\Console.php(46): CodeIgniter\CLI\Commands->run('db:seed', Array)
#9 C:\xampp\htdocs\nasi-campur\spark(102): CodeIgniter\CLI\Console->run()
#10 {main}
ERROR - 2024-03-05 01:35:13 --> mysqli_sql_exception: You have an error in your SQL syntax; check the manual that corresponds to your MariaDB server version for the right syntax to use near '`pengirim`) VALUES ('Selamat datang di Codeigntier', 'codeigniter-intro', 'Se...' at line 1 in C:\xampp\htdocs\nasi-campur\system\Database\MySQLi\Connection.php:306
Stack trace:
#0 C:\xampp\htdocs\nasi-campur\system\Database\MySQLi\Connection.php(306): mysqli->query('INSERT INTO `su...', 0)
#1 C:\xampp\htdocs\nasi-campur\system\Database\BaseConnection.php(693): CodeIgniter\Database\MySQLi\Connection->execute('INSERT INTO `su...')
#2 C:\xampp\htdocs\nasi-campur\system\Database\BaseConnection.php(607): CodeIgniter\Database\BaseConnection->simpleQuery('INSERT INTO `su...')
#3 C:\xampp\htdocs\nasi-campur\system\Database\BaseBuilder.php(2302): CodeIgniter\Database\BaseConnection->query('INSERT INTO `su...', Array, false)
#4 C:\xampp\htdocs\nasi-campur\app\Database\Seeds\Surkom.php(37): CodeIgniter\Database\BaseBuilder->insert(Array)
#5 C:\xampp\htdocs\nasi-campur\system\Database\Seeder.php(145): App\Database\Seeds\surkom->run()
#6 C:\xampp\htdocs\nasi-campur\system\Commands\Database\Seed.php(77): CodeIgniter\Database\Seeder->call('App\\Database\\Se...')
#7 C:\xampp\htdocs\nasi-campur\system\CLI\Commands.php(65): CodeIgniter\Commands\Database\Seed->run(Array)
#8 C:\xampp\htdocs\nasi-campur\system\CLI\Console.php(46): CodeIgniter\CLI\Commands->run('db:seed', Array)
#9 C:\xampp\htdocs\nasi-campur\spark(102): CodeIgniter\CLI\Console->run()
#10 {main}
ERROR - 2024-03-05 01:36:04 --> mysqli_sql_exception: You have an error in your SQL syntax; check the manual that corresponds to your MariaDB server version for the right syntax to use near '`pengirim`) VALUES ('Selamat datang di Codeigntier', 'codeigniter-intro', 'Se...' at line 1 in C:\xampp\htdocs\nasi-campur\system\Database\MySQLi\Connection.php:306
Stack trace:
#0 C:\xampp\htdocs\nasi-campur\system\Database\MySQLi\Connection.php(306): mysqli->query('INSERT INTO `su...', 0)
#1 C:\xampp\htdocs\nasi-campur\system\Database\BaseConnection.php(693): CodeIgniter\Database\MySQLi\Connection->execute('INSERT INTO `su...')
#2 C:\xampp\htdocs\nasi-campur\system\Database\BaseConnection.php(607): CodeIgniter\Database\BaseConnection->simpleQuery('INSERT INTO `su...')
#3 C:\xampp\htdocs\nasi-campur\system\Database\BaseBuilder.php(2302): CodeIgniter\Database\BaseConnection->query('INSERT INTO `su...', Array, false)
#4 C:\xampp\htdocs\nasi-campur\app\Database\Seeds\Surkom.php(37): CodeIgniter\Database\BaseBuilder->insert(Array)
#5 C:\xampp\htdocs\nasi-campur\system\Database\Seeder.php(145): App\Database\Seeds\surkom->run()
#6 C:\xampp\htdocs\nasi-campur\system\Commands\Database\Seed.php(77): CodeIgniter\Database\Seeder->call('App\\Database\\Se...')
#7 C:\xampp\htdocs\nasi-campur\system\CLI\Commands.php(65): CodeIgniter\Commands\Database\Seed->run(Array)
#8 C:\xampp\htdocs\nasi-campur\system\CLI\Console.php(46): CodeIgniter\CLI\Commands->run('db:seed', Array)
#9 C:\xampp\htdocs\nasi-campur\spark(102): CodeIgniter\CLI\Console->run()
#10 {main}
ERROR - 2024-03-05 01:46:44 --> mysqli_sql_exception: You have an error in your SQL syntax; check the manual that corresponds to your MariaDB server version for the right syntax to use near '`pengirim`) VALUES ('Selamat datang di Codeigntier', 'codeigniter-intro', 'Se...' at line 1 in C:\xampp\htdocs\nasi-campur\system\Database\MySQLi\Connection.php:306
Stack trace:
#0 C:\xampp\htdocs\nasi-campur\system\Database\MySQLi\Connection.php(306): mysqli->query('INSERT INTO `su...', 0)
#1 C:\xampp\htdocs\nasi-campur\system\Database\BaseConnection.php(693): CodeIgniter\Database\MySQLi\Connection->execute('INSERT INTO `su...')
#2 C:\xampp\htdocs\nasi-campur\system\Database\BaseConnection.php(607): CodeIgniter\Database\BaseConnection->simpleQuery('INSERT INTO `su...')
#3 C:\xampp\htdocs\nasi-campur\system\Database\BaseBuilder.php(2302): CodeIgniter\Database\BaseConnection->query('INSERT INTO `su...', Array, false)
#4 C:\xampp\htdocs\nasi-campur\app\Database\Seeds\Surkom.php(37): CodeIgniter\Database\BaseBuilder->insert(Array)
#5 C:\xampp\htdocs\nasi-campur\system\Database\Seeder.php(145): App\Database\Seeds\surkom->run()
#6 C:\xampp\htdocs\nasi-campur\system\Commands\Database\Seed.php(77): CodeIgniter\Database\Seeder->call('App\\Database\\Se...')
#7 C:\xampp\htdocs\nasi-campur\system\CLI\Commands.php(65): CodeIgniter\Commands\Database\Seed->run(Array)
#8 C:\xampp\htdocs\nasi-campur\system\CLI\Console.php(46): CodeIgniter\CLI\Commands->run('db:seed', Array)
#9 C:\xampp\htdocs\nasi-campur\spark(102): CodeIgniter\CLI\Console->run()
#10 {main}
ERROR - 2024-03-05 01:47:29 --> mysqli_sql_exception: You have an error in your SQL syntax; check the manual that corresponds to your MariaDB server version for the right syntax to use near '`pengirim`) VALUES ('Selamat datang di Codeigntier', 'codeigniter-intro', 'Se...' at line 1 in C:\xampp\htdocs\nasi-campur\system\Database\MySQLi\Connection.php:306
Stack trace:
#0 C:\xampp\htdocs\nasi-campur\system\Database\MySQLi\Connection.php(306): mysqli->query('INSERT INTO `su...', 0)
#1 C:\xampp\htdocs\nasi-campur\system\Database\BaseConnection.php(693): CodeIgniter\Database\MySQLi\Connection->execute('INSERT INTO `su...')
#2 C:\xampp\htdocs\nasi-campur\system\Database\BaseConnection.php(607): CodeIgniter\Database\BaseConnection->simpleQuery('INSERT INTO `su...')
#3 C:\xampp\htdocs\nasi-campur\system\Database\BaseBuilder.php(2302): CodeIgniter\Database\BaseConnection->query('INSERT INTO `su...', Array, false)
#4 C:\xampp\htdocs\nasi-campur\app\Database\Seeds\Surkom.php(37): CodeIgniter\Database\BaseBuilder->insert(Array)
#5 C:\xampp\htdocs\nasi-campur\system\Database\Seeder.php(145): App\Database\Seeds\surkom->run()
#6 C:\xampp\htdocs\nasi-campur\system\Commands\Database\Seed.php(77): CodeIgniter\Database\Seeder->call('App\\Database\\Se...')
#7 C:\xampp\htdocs\nasi-campur\system\CLI\Commands.php(65): CodeIgniter\Commands\Database\Seed->run(Array)
#8 C:\xampp\htdocs\nasi-campur\system\CLI\Console.php(46): CodeIgniter\CLI\Commands->run('db:seed', Array)
#9 C:\xampp\htdocs\nasi-campur\spark(102): CodeIgniter\CLI\Console->run()
#10 {main}
ERROR - 2024-03-05 01:47:39 --> mysqli_sql_exception: You have an error in your SQL syntax; check the manual that corresponds to your MariaDB server version for the right syntax to use near '`pengirim`) VALUES ('Selamat datang di Codeigntier', 'codeigniter-intro', 'Se...' at line 1 in C:\xampp\htdocs\nasi-campur\system\Database\MySQLi\Connection.php:306
Stack trace:
#0 C:\xampp\htdocs\nasi-campur\system\Database\MySQLi\Connection.php(306): mysqli->query('INSERT INTO `su...', 0)
#1 C:\xampp\htdocs\nasi-campur\system\Database\BaseConnection.php(693): CodeIgniter\Database\MySQLi\Connection->execute('INSERT INTO `su...')
#2 C:\xampp\htdocs\nasi-campur\system\Database\BaseConnection.php(607): CodeIgniter\Database\BaseConnection->simpleQuery('INSERT INTO `su...')
#3 C:\xampp\htdocs\nasi-campur\system\Database\BaseBuilder.php(2302): CodeIgniter\Database\BaseConnection->query('INSERT INTO `su...', Array, false)
#4 C:\xampp\htdocs\nasi-campur\app\Database\Seeds\Surkom.php(37): CodeIgniter\Database\BaseBuilder->insert(Array)
#5 C:\xampp\htdocs\nasi-campur\system\Database\Seeder.php(145): App\Database\Seeds\surkom->run()
#6 C:\xampp\htdocs\nasi-campur\system\Commands\Database\Seed.php(77): CodeIgniter\Database\Seeder->call('App\\Database\\Se...')
#7 C:\xampp\htdocs\nasi-campur\system\CLI\Commands.php(65): CodeIgniter\Commands\Database\Seed->run(Array)
#8 C:\xampp\htdocs\nasi-campur\system\CLI\Console.php(46): CodeIgniter\CLI\Commands->run('db:seed', Array)
#9 C:\xampp\htdocs\nasi-campur\spark(102): CodeIgniter\CLI\Console->run()
#10 {main}
ERROR - 2024-03-05 01:50:01 --> mysqli_sql_exception: You have an error in your SQL syntax; check the manual that corresponds to your MariaDB server version for the right syntax to use near '`pengirim`) VALUES ('Selamat datang di Codeigntier', 'codeigniter-intro', 'Se...' at line 1 in C:\xampp\htdocs\nasi-campur\system\Database\MySQLi\Connection.php:306
Stack trace:
#0 C:\xampp\htdocs\nasi-campur\system\Database\MySQLi\Connection.php(306): mysqli->query('INSERT INTO `su...', 0)
#1 C:\xampp\htdocs\nasi-campur\system\Database\BaseConnection.php(693): CodeIgniter\Database\MySQLi\Connection->execute('INSERT INTO `su...')
#2 C:\xampp\htdocs\nasi-campur\system\Database\BaseConnection.php(607): CodeIgniter\Database\BaseConnection->simpleQuery('INSERT INTO `su...')
#3 C:\xampp\htdocs\nasi-campur\system\Database\BaseBuilder.php(2302): CodeIgniter\Database\BaseConnection->query('INSERT INTO `su...', Array, false)
#4 C:\xampp\htdocs\nasi-campur\app\Database\Seeds\Surkom.php(37): CodeIgniter\Database\BaseBuilder->insert(Array)
#5 C:\xampp\htdocs\nasi-campur\system\Database\Seeder.php(145): App\Database\Seeds\surkom->run()
#6 C:\xampp\htdocs\nasi-campur\system\Commands\Database\Seed.php(77): CodeIgniter\Database\Seeder->call('App\\Database\\Se...')
#7 C:\xampp\htdocs\nasi-campur\system\CLI\Commands.php(65): CodeIgniter\Commands\Database\Seed->run(Array)
#8 C:\xampp\htdocs\nasi-campur\system\CLI\Console.php(46): CodeIgniter\CLI\Commands->run('db:seed', Array)
#9 C:\xampp\htdocs\nasi-campur\spark(102): CodeIgniter\CLI\Console->run()
#10 {main}
ERROR - 2024-03-05 01:51:59 --> mysqli_sql_exception: You have an error in your SQL syntax; check the manual that corresponds to your MariaDB server version for the right syntax to use near '`pengirim`) VALUES ('Selamat datang di Codeigntier', 'codeigniter-intro', 'Se...' at line 1 in C:\xampp\htdocs\nasi-campur\system\Database\MySQLi\Connection.php:306
Stack trace:
#0 C:\xampp\htdocs\nasi-campur\system\Database\MySQLi\Connection.php(306): mysqli->query('INSERT INTO `su...', 0)
#1 C:\xampp\htdocs\nasi-campur\system\Database\BaseConnection.php(693): CodeIgniter\Database\MySQLi\Connection->execute('INSERT INTO `su...')
#2 C:\xampp\htdocs\nasi-campur\system\Database\BaseConnection.php(607): CodeIgniter\Database\BaseConnection->simpleQuery('INSERT INTO `su...')
#3 C:\xampp\htdocs\nasi-campur\system\Database\BaseBuilder.php(2302): CodeIgniter\Database\BaseConnection->query('INSERT INTO `su...', Array, false)
#4 C:\xampp\htdocs\nasi-campur\app\Database\Seeds\Surkom.php(37): CodeIgniter\Database\BaseBuilder->insert(Array)
#5 C:\xampp\htdocs\nasi-campur\system\Database\Seeder.php(145): App\Database\Seeds\surkom->run()
#6 C:\xampp\htdocs\nasi-campur\system\Commands\Database\Seed.php(77): CodeIgniter\Database\Seeder->call('App\\Database\\Se...')
#7 C:\xampp\htdocs\nasi-campur\system\CLI\Commands.php(65): CodeIgniter\Commands\Database\Seed->run(Array)
#8 C:\xampp\htdocs\nasi-campur\system\CLI\Console.php(46): CodeIgniter\CLI\Commands->run('db:seed', Array)
#9 C:\xampp\htdocs\nasi-campur\spark(102): CodeIgniter\CLI\Console->run()
#10 {main}
CRITICAL - 2024-03-05 04:13:15 --> Error: Class "App\Models\surkomModel" not found
in APPPATH\Controllers\surkom.php on line 13.
 1 SYSTEMPATH\CodeIgniter.php(941): App\Controllers\surkom->index()
 2 SYSTEMPATH\CodeIgniter.php(502): CodeIgniter\CodeIgniter->runController(Object(App\Controllers\surkom))
 3 SYSTEMPATH\CodeIgniter.php(361): CodeIgniter\CodeIgniter->handleRequest(null, Object(Config\Cache), false)
 4 FCPATH\index.php(79): CodeIgniter\CodeIgniter->run()
 5 SYSTEMPATH\Commands\Server\rewrite.php(47): require_once('C:\\xampp\\htdocs\\nasi-campur\\public\\index.php')
CRITICAL - 2024-03-05 04:16:23 --> Error: Class "App\Models\surkomModel" not found
in APPPATH\Controllers\surkomAdmin.php on line 41.
 1 SYSTEMPATH\CodeIgniter.php(941): App\Controllers\surkomAdmin->create()
 2 SYSTEMPATH\CodeIgniter.php(502): CodeIgniter\CodeIgniter->runController(Object(App\Controllers\surkomAdmin))
 3 SYSTEMPATH\CodeIgniter.php(361): CodeIgniter\CodeIgniter->handleRequest(null, Object(Config\Cache), false)
 4 FCPATH\index.php(79): CodeIgniter\CodeIgniter->run()
 5 SYSTEMPATH\Commands\Server\rewrite.php(47): require_once('C:\\xampp\\htdocs\\nasi-campur\\public\\index.php')
CRITICAL - 2024-03-05 04:30:36 --> Error: Class "App\Models\surkomModel" not found
in APPPATH\Controllers\surkomAdmin.php on line 41.
 1 SYSTEMPATH\CodeIgniter.php(941): App\Controllers\surkomAdmin->create()
 2 SYSTEMPATH\CodeIgniter.php(502): CodeIgniter\CodeIgniter->runController(Object(App\Controllers\surkomAdmin))
 3 SYSTEMPATH\CodeIgniter.php(361): CodeIgniter\CodeIgniter->handleRequest(null, Object(Config\Cache), false)
 4 FCPATH\index.php(79): CodeIgniter\CodeIgniter->run()
 5 SYSTEMPATH\Commands\Server\rewrite.php(47): require_once('C:\\xampp\\htdocs\\nasi-campur\\public\\index.php')
CRITICAL - 2024-03-05 04:30:39 --> Error: Class "App\Models\surkomModel" not found
in APPPATH\Controllers\surkomAdmin.php on line 41.
 1 SYSTEMPATH\CodeIgniter.php(941): App\Controllers\surkomAdmin->create()
 2 SYSTEMPATH\CodeIgniter.php(502): CodeIgniter\CodeIgniter->runController(Object(App\Controllers\surkomAdmin))
 3 SYSTEMPATH\CodeIgniter.php(361): CodeIgniter\CodeIgniter->handleRequest(null, Object(Config\Cache), false)
 4 FCPATH\index.php(79): CodeIgniter\CodeIgniter->run()
 5 SYSTEMPATH\Commands\Server\rewrite.php(47): require_once('C:\\xampp\\htdocs\\nasi-campur\\public\\index.php')
CRITICAL - 2024-03-05 05:03:00 --> CodeIgniter\View\Exceptions\ViewException: Invalid file: "surkom.php"
in SYSTEMPATH\Exceptions\FrameworkException.php on line 39.
 1 SYSTEMPATH\View\View.php(216): CodeIgniter\Exceptions\FrameworkException::forInvalidFile('surkom.php')
 2 SYSTEMPATH\Common.php(1178): CodeIgniter\View\View->render('surkom', [], true)
 3 APPPATH\Controllers\surkom.php(22): view('surkom', [...])
 4 SYSTEMPATH\CodeIgniter.php(941): App\Controllers\surkom->index()
 5 SYSTEMPATH\CodeIgniter.php(502): CodeIgniter\CodeIgniter->runController(Object(App\Controllers\surkom))
 6 SYSTEMPATH\CodeIgniter.php(361): CodeIgniter\CodeIgniter->handleRequest(null, Object(Config\Cache), false)
 7 FCPATH\index.php(79): CodeIgniter\CodeIgniter->run()
 8 SYSTEMPATH\Commands\Server\rewrite.php(47): require_once('C:\\xampp\\htdocs\\nasi-campur\\public\\index.php')
CRITICAL - 2024-03-05 05:04:50 --> CodeIgniter\View\Exceptions\ViewException: Invalid file: "surkom.php"
in SYSTEMPATH\Exceptions\FrameworkException.php on line 39.
 1 SYSTEMPATH\View\View.php(216): CodeIgniter\Exceptions\FrameworkException::forInvalidFile('surkom.php')
 2 SYSTEMPATH\Common.php(1178): CodeIgniter\View\View->render('surkom', [], true)
 3 APPPATH\Controllers\surkom.php(22): view('surkom', [...])
 4 SYSTEMPATH\CodeIgniter.php(941): App\Controllers\surkom->index()
 5 SYSTEMPATH\CodeIgniter.php(502): CodeIgniter\CodeIgniter->runController(Object(App\Controllers\surkom))
 6 SYSTEMPATH\CodeIgniter.php(361): CodeIgniter\CodeIgniter->handleRequest(null, Object(Config\Cache), false)
 7 FCPATH\index.php(79): CodeIgniter\CodeIgniter->run()
 8 SYSTEMPATH\Commands\Server\rewrite.php(47): require_once('C:\\xampp\\htdocs\\nasi-campur\\public\\index.php')
CRITICAL - 2024-03-05 05:05:23 --> CodeIgniter\View\Exceptions\ViewException: Invalid file: "surkom.php"
in SYSTEMPATH\Exceptions\FrameworkException.php on line 39.
 1 SYSTEMPATH\View\View.php(216): CodeIgniter\Exceptions\FrameworkException::forInvalidFile('surkom.php')
 2 SYSTEMPATH\Common.php(1178): CodeIgniter\View\View->render('surkom', [], true)
 3 APPPATH\Controllers\surkom.php(22): view('surkom', [...])
 4 SYSTEMPATH\CodeIgniter.php(941): App\Controllers\surkom->index()
 5 SYSTEMPATH\CodeIgniter.php(502): CodeIgniter\CodeIgniter->runController(Object(App\Controllers\surkom))
 6 SYSTEMPATH\CodeIgniter.php(361): CodeIgniter\CodeIgniter->handleRequest(null, Object(Config\Cache), false)
 7 FCPATH\index.php(79): CodeIgniter\CodeIgniter->run()
 8 SYSTEMPATH\Commands\Server\rewrite.php(47): require_once('C:\\xampp\\htdocs\\nasi-campur\\public\\index.php')
ERROR - 2024-03-05 05:06:18 --> mysqli_sql_exception: You have an error in your SQL syntax; check the manual that corresponds to your MariaDB server version for the right syntax to use near '`pengirim`, `status`, `slug`) VALUES ('d', '123', 'd', 's', '33', 'fdf', '444...' at line 1 in C:\xampp\htdocs\nasi-campur\system\Database\MySQLi\Connection.php:306
Stack trace:
#0 C:\xampp\htdocs\nasi-campur\system\Database\MySQLi\Connection.php(306): mysqli->query('INSERT INTO `su...', 0)
#1 C:\xampp\htdocs\nasi-campur\system\Database\BaseConnection.php(693): CodeIgniter\Database\MySQLi\Connection->execute('INSERT INTO `su...')
#2 C:\xampp\htdocs\nasi-campur\system\Database\BaseConnection.php(607): CodeIgniter\Database\BaseConnection->simpleQuery('INSERT INTO `su...')
#3 C:\xampp\htdocs\nasi-campur\system\Database\BaseBuilder.php(2302): CodeIgniter\Database\BaseConnection->query('INSERT INTO `su...', Array, false)
#4 C:\xampp\htdocs\nasi-campur\system\Model.php(326): CodeIgniter\Database\BaseBuilder->insert()
#5 C:\xampp\htdocs\nasi-campur\system\BaseModel.php(802): CodeIgniter\Model->doInsert(Array)
#6 C:\xampp\htdocs\nasi-campur\system\Model.php(744): CodeIgniter\BaseModel->insert(Array, true)
#7 C:\xampp\htdocs\nasi-campur\app\Controllers\surkomAdmin.php(61): CodeIgniter\Model->insert(Array)
#8 C:\xampp\htdocs\nasi-campur\system\CodeIgniter.php(941): App\Controllers\surkomAdmin->create()
#9 C:\xampp\htdocs\nasi-campur\system\CodeIgniter.php(502): CodeIgniter\CodeIgniter->runController(Object(App\Controllers\surkomAdmin))
#10 C:\xampp\htdocs\nasi-campur\system\CodeIgniter.php(361): CodeIgniter\CodeIgniter->handleRequest(NULL, Object(Config\Cache), false)
#11 C:\xampp\htdocs\nasi-campur\public\index.php(79): CodeIgniter\CodeIgniter->run()
#12 C:\xampp\htdocs\nasi-campur\system\Commands\Server\rewrite.php(47): require_once('C:\\xampp\\htdocs...')
#13 {main}
CRITICAL - 2024-03-05 05:06:18 --> CodeIgniter\Database\Exceptions\DatabaseException: You have an error in your SQL syntax; check the manual that corresponds to your MariaDB server version for the right syntax to use near '`pengirim`, `status`, `slug`) VALUES ('d', '123', 'd', 's', '33', 'fdf', '444...' at line 1
in SYSTEMPATH\Database\BaseConnection.php on line 647.
 1 SYSTEMPATH\Database\BaseBuilder.php(2302): CodeIgniter\Database\BaseConnection->query('INSERT INTO `surkom` (`title`, `no`, `nama1`, `jabatan`, `nip`, `e-mail`, `telp`, `nama2`, `nim`, `jurusan`, `fakultas`, `semester`, `ipk`, `sks`, `content`, `tanggal`, `nama` `pengirim`, `status`, `slug`) VALUES (:title:, :no:, :nama1:, :jabatan:, :nip:, :e-mail:, :telp:, :nama2:, :nim:, :jurusan:, :fakultas:, :semester:, :ipk:, :sks:, :content:, :tanggal:, :nama pengirim:, :status:, :slug:)', [...], false)
 2 SYSTEMPATH\Model.php(326): CodeIgniter\Database\BaseBuilder->insert()
 3 SYSTEMPATH\BaseModel.php(802): CodeIgniter\Model->doInsert([...])
 4 SYSTEMPATH\Model.php(744): CodeIgniter\BaseModel->insert([...], true)
 5 APPPATH\Controllers\surkomAdmin.php(61): CodeIgniter\Model->insert([...])
 6 SYSTEMPATH\CodeIgniter.php(941): App\Controllers\surkomAdmin->create()
 7 SYSTEMPATH\CodeIgniter.php(502): CodeIgniter\CodeIgniter->runController(Object(App\Controllers\surkomAdmin))
 8 SYSTEMPATH\CodeIgniter.php(361): CodeIgniter\CodeIgniter->handleRequest(null, Object(Config\Cache), false)
 9 FCPATH\index.php(79): CodeIgniter\CodeIgniter->run()
10 SYSTEMPATH\Commands\Server\rewrite.php(47): require_once('C:\\xampp\\htdocs\\nasi-campur\\public\\index.php')
CRITICAL - 2024-03-05 05:06:18 --> [Caused by] CodeIgniter\Database\Exceptions\DatabaseException: You have an error in your SQL syntax; check the manual that corresponds to your MariaDB server version for the right syntax to use near '`pengirim`, `status`, `slug`) VALUES ('d', '123', 'd', 's', '33', 'fdf', '444...' at line 1
in SYSTEMPATH\Database\MySQLi\Connection.php on line 311.
 1 SYSTEMPATH\Database\BaseConnection.php(693): CodeIgniter\Database\MySQLi\Connection->execute('INSERT INTO `surkom` (`title`, `no`, `nama1`, `jabatan`, `nip`, `e-mail`, `telp`, `nama2`, `nim`, `jurusan`, `fakultas`, `semester`, `ipk`, `sks`, `content`, `tanggal`, `nama` `pengirim`, `status`, `slug`) VALUES (\'d\', \'123\', \'d\', \'s\', \'33\', \'fdf\', \'4444\', \'gg\', \'45345\', \'ggf\', \'h\', \'5\', \'33\', \'3432\', \'fbfv\', \'23/02/2024\', NULL, \'published\', \'d\')')
 2 SYSTEMPATH\Database\BaseConnection.php(607): CodeIgniter\Database\BaseConnection->simpleQuery('INSERT INTO `surkom` (`title`, `no`, `nama1`, `jabatan`, `nip`, `e-mail`, `telp`, `nama2`, `nim`, `jurusan`, `fakultas`, `semester`, `ipk`, `sks`, `content`, `tanggal`, `nama` `pengirim`, `status`, `slug`) VALUES (\'d\', \'123\', \'d\', \'s\', \'33\', \'fdf\', \'4444\', \'gg\', \'45345\', \'ggf\', \'h\', \'5\', \'33\', \'3432\', \'fbfv\', \'23/02/2024\', NULL, \'published\', \'d\')')
 3 SYSTEMPATH\Database\BaseBuilder.php(2302): CodeIgniter\Database\BaseConnection->query('INSERT INTO `surkom` (`title`, `no`, `nama1`, `jabatan`, `nip`, `e-mail`, `telp`, `nama2`, `nim`, `jurusan`, `fakultas`, `semester`, `ipk`, `sks`, `content`, `tanggal`, `nama` `pengirim`, `status`, `slug`) VALUES (:title:, :no:, :nama1:, :jabatan:, :nip:, :e-mail:, :telp:, :nama2:, :nim:, :jurusan:, :fakultas:, :semester:, :ipk:, :sks:, :content:, :tanggal:, :nama pengirim:, :status:, :slug:)', [...], false)
 4 SYSTEMPATH\Model.php(326): CodeIgniter\Database\BaseBuilder->insert()
 5 SYSTEMPATH\BaseModel.php(802): CodeIgniter\Model->doInsert([...])
 6 SYSTEMPATH\Model.php(744): CodeIgniter\BaseModel->insert([...], true)
 7 APPPATH\Controllers\surkomAdmin.php(61): CodeIgniter\Model->insert([...])
 8 SYSTEMPATH\CodeIgniter.php(941): App\Controllers\surkomAdmin->create()
 9 SYSTEMPATH\CodeIgniter.php(502): CodeIgniter\CodeIgniter->runController(Object(App\Controllers\surkomAdmin))
10 SYSTEMPATH\CodeIgniter.php(361): CodeIgniter\CodeIgniter->handleRequest(null, Object(Config\Cache), false)
11 FCPATH\index.php(79): CodeIgniter\CodeIgniter->run()
12 SYSTEMPATH\Commands\Server\rewrite.php(47): require_once('C:\\xampp\\htdocs\\nasi-campur\\public\\index.php')
CRITICAL - 2024-03-05 05:06:18 --> [Caused by] mysqli_sql_exception: You have an error in your SQL syntax; check the manual that corresponds to your MariaDB server version for the right syntax to use near '`pengirim`, `status`, `slug`) VALUES ('d', '123', 'd', 's', '33', 'fdf', '444...' at line 1
in SYSTEMPATH\Database\MySQLi\Connection.php on line 306.
 1 SYSTEMPATH\Database\MySQLi\Connection.php(306): mysqli->query('INSERT INTO `surkom` (`title`, `no`, `nama1`, `jabatan`, `nip`, `e-mail`, `telp`, `nama2`, `nim`, `jurusan`, `fakultas`, `semester`, `ipk`, `sks`, `content`, `tanggal`, `nama` `pengirim`, `status`, `slug`) VALUES (\'d\', \'123\', \'d\', \'s\', \'33\', \'fdf\', \'4444\', \'gg\', \'45345\', \'ggf\', \'h\', \'5\', \'33\', \'3432\', \'fbfv\', \'23/02/2024\', NULL, \'published\', \'d\')', 0)
 2 SYSTEMPATH\Database\BaseConnection.php(693): CodeIgniter\Database\MySQLi\Connection->execute('INSERT INTO `surkom` (`title`, `no`, `nama1`, `jabatan`, `nip`, `e-mail`, `telp`, `nama2`, `nim`, `jurusan`, `fakultas`, `semester`, `ipk`, `sks`, `content`, `tanggal`, `nama` `pengirim`, `status`, `slug`) VALUES (\'d\', \'123\', \'d\', \'s\', \'33\', \'fdf\', \'4444\', \'gg\', \'45345\', \'ggf\', \'h\', \'5\', \'33\', \'3432\', \'fbfv\', \'23/02/2024\', NULL, \'published\', \'d\')')
 3 SYSTEMPATH\Database\BaseConnection.php(607): CodeIgniter\Database\BaseConnection->simpleQuery('INSERT INTO `surkom` (`title`, `no`, `nama1`, `jabatan`, `nip`, `e-mail`, `telp`, `nama2`, `nim`, `jurusan`, `fakultas`, `semester`, `ipk`, `sks`, `content`, `tanggal`, `nama` `pengirim`, `status`, `slug`) VALUES (\'d\', \'123\', \'d\', \'s\', \'33\', \'fdf\', \'4444\', \'gg\', \'45345\', \'ggf\', \'h\', \'5\', \'33\', \'3432\', \'fbfv\', \'23/02/2024\', NULL, \'published\', \'d\')')
 4 SYSTEMPATH\Database\BaseBuilder.php(2302): CodeIgniter\Database\BaseConnection->query('INSERT INTO `surkom` (`title`, `no`, `nama1`, `jabatan`, `nip`, `e-mail`, `telp`, `nama2`, `nim`, `jurusan`, `fakultas`, `semester`, `ipk`, `sks`, `content`, `tanggal`, `nama` `pengirim`, `status`, `slug`) VALUES (:title:, :no:, :nama1:, :jabatan:, :nip:, :e-mail:, :telp:, :nama2:, :nim:, :jurusan:, :fakultas:, :semester:, :ipk:, :sks:, :content:, :tanggal:, :nama pengirim:, :status:, :slug:)', [...], false)
 5 SYSTEMPATH\Model.php(326): CodeIgniter\Database\BaseBuilder->insert()
 6 SYSTEMPATH\BaseModel.php(802): CodeIgniter\Model->doInsert([...])
 7 SYSTEMPATH\Model.php(744): CodeIgniter\BaseModel->insert([...], true)
 8 APPPATH\Controllers\surkomAdmin.php(61): CodeIgniter\Model->insert([...])
 9 SYSTEMPATH\CodeIgniter.php(941): App\Controllers\surkomAdmin->create()
10 SYSTEMPATH\CodeIgniter.php(502): CodeIgniter\CodeIgniter->runController(Object(App\Controllers\surkomAdmin))
11 SYSTEMPATH\CodeIgniter.php(361): CodeIgniter\CodeIgniter->handleRequest(null, Object(Config\Cache), false)
12 FCPATH\index.php(79): CodeIgniter\CodeIgniter->run()
13 SYSTEMPATH\Commands\Server\rewrite.php(47): require_once('C:\\xampp\\htdocs\\nasi-campur\\public\\index.php')
CRITICAL - 2024-03-05 05:07:44 --> CodeIgniter\View\Exceptions\ViewException: Invalid file: "surkom.php"
in SYSTEMPATH\Exceptions\FrameworkException.php on line 39.
 1 SYSTEMPATH\View\View.php(216): CodeIgniter\Exceptions\FrameworkException::forInvalidFile('surkom.php')
 2 SYSTEMPATH\Common.php(1178): CodeIgniter\View\View->render('surkom', [], true)
 3 APPPATH\Controllers\surkom.php(22): view('surkom', [...])
 4 SYSTEMPATH\CodeIgniter.php(941): App\Controllers\surkom->index()
 5 SYSTEMPATH\CodeIgniter.php(502): CodeIgniter\CodeIgniter->runController(Object(App\Controllers\surkom))
 6 SYSTEMPATH\CodeIgniter.php(361): CodeIgniter\CodeIgniter->handleRequest(null, Object(Config\Cache), false)
 7 FCPATH\index.php(79): CodeIgniter\CodeIgniter->run()
 8 SYSTEMPATH\Commands\Server\rewrite.php(47): require_once('C:\\xampp\\htdocs\\nasi-campur\\public\\index.php')
ERROR - 2024-03-05 05:09:37 --> mysqli_sql_exception: You have an error in your SQL syntax; check the manual that corresponds to your MariaDB server version for the right syntax to use near '`pengirim`, `status`, `slug`) VALUES ('d', '123', 'd', 's', '33', 'fdf', '444...' at line 1 in C:\xampp\htdocs\nasi-campur\system\Database\MySQLi\Connection.php:306
Stack trace:
#0 C:\xampp\htdocs\nasi-campur\system\Database\MySQLi\Connection.php(306): mysqli->query('INSERT INTO `su...', 0)
#1 C:\xampp\htdocs\nasi-campur\system\Database\BaseConnection.php(693): CodeIgniter\Database\MySQLi\Connection->execute('INSERT INTO `su...')
#2 C:\xampp\htdocs\nasi-campur\system\Database\BaseConnection.php(607): CodeIgniter\Database\BaseConnection->simpleQuery('INSERT INTO `su...')
#3 C:\xampp\htdocs\nasi-campur\system\Database\BaseBuilder.php(2302): CodeIgniter\Database\BaseConnection->query('INSERT INTO `su...', Array, false)
#4 C:\xampp\htdocs\nasi-campur\system\Model.php(326): CodeIgniter\Database\BaseBuilder->insert()
#5 C:\xampp\htdocs\nasi-campur\system\BaseModel.php(802): CodeIgniter\Model->doInsert(Array)
#6 C:\xampp\htdocs\nasi-campur\system\Model.php(744): CodeIgniter\BaseModel->insert(Array, true)
#7 C:\xampp\htdocs\nasi-campur\app\Controllers\surkomAdmin.php(61): CodeIgniter\Model->insert(Array)
#8 C:\xampp\htdocs\nasi-campur\system\CodeIgniter.php(941): App\Controllers\surkomAdmin->create()
#9 C:\xampp\htdocs\nasi-campur\system\CodeIgniter.php(502): CodeIgniter\CodeIgniter->runController(Object(App\Controllers\surkomAdmin))
#10 C:\xampp\htdocs\nasi-campur\system\CodeIgniter.php(361): CodeIgniter\CodeIgniter->handleRequest(NULL, Object(Config\Cache), false)
#11 C:\xampp\htdocs\nasi-campur\public\index.php(79): CodeIgniter\CodeIgniter->run()
#12 C:\xampp\htdocs\nasi-campur\system\Commands\Server\rewrite.php(47): require_once('C:\\xampp\\htdocs...')
#13 {main}
CRITICAL - 2024-03-05 05:09:37 --> CodeIgniter\Database\Exceptions\DatabaseException: You have an error in your SQL syntax; check the manual that corresponds to your MariaDB server version for the right syntax to use near '`pengirim`, `status`, `slug`) VALUES ('d', '123', 'd', 's', '33', 'fdf', '444...' at line 1
in SYSTEMPATH\Database\BaseConnection.php on line 647.
 1 SYSTEMPATH\Database\BaseBuilder.php(2302): CodeIgniter\Database\BaseConnection->query('INSERT INTO `surkom` (`title`, `no`, `nama1`, `jabatan`, `nip`, `e-mail`, `telp`, `nama2`, `nim`, `jurusan`, `fakultas`, `semester`, `ipk`, `sks`, `content`, `tanggal`, `nama` `pengirim`, `status`, `slug`) VALUES (:title:, :no:, :nama1:, :jabatan:, :nip:, :e-mail:, :telp:, :nama2:, :nim:, :jurusan:, :fakultas:, :semester:, :ipk:, :sks:, :content:, :tanggal:, :nama pengirim:, :status:, :slug:)', [...], false)
 2 SYSTEMPATH\Model.php(326): CodeIgniter\Database\BaseBuilder->insert()
 3 SYSTEMPATH\BaseModel.php(802): CodeIgniter\Model->doInsert([...])
 4 SYSTEMPATH\Model.php(744): CodeIgniter\BaseModel->insert([...], true)
 5 APPPATH\Controllers\surkomAdmin.php(61): CodeIgniter\Model->insert([...])
 6 SYSTEMPATH\CodeIgniter.php(941): App\Controllers\surkomAdmin->create()
 7 SYSTEMPATH\CodeIgniter.php(502): CodeIgniter\CodeIgniter->runController(Object(App\Controllers\surkomAdmin))
 8 SYSTEMPATH\CodeIgniter.php(361): CodeIgniter\CodeIgniter->handleRequest(null, Object(Config\Cache), false)
 9 FCPATH\index.php(79): CodeIgniter\CodeIgniter->run()
10 SYSTEMPATH\Commands\Server\rewrite.php(47): require_once('C:\\xampp\\htdocs\\nasi-campur\\public\\index.php')
CRITICAL - 2024-03-05 05:09:37 --> [Caused by] CodeIgniter\Database\Exceptions\DatabaseException: You have an error in your SQL syntax; check the manual that corresponds to your MariaDB server version for the right syntax to use near '`pengirim`, `status`, `slug`) VALUES ('d', '123', 'd', 's', '33', 'fdf', '444...' at line 1
in SYSTEMPATH\Database\MySQLi\Connection.php on line 311.
 1 SYSTEMPATH\Database\BaseConnection.php(693): CodeIgniter\Database\MySQLi\Connection->execute('INSERT INTO `surkom` (`title`, `no`, `nama1`, `jabatan`, `nip`, `e-mail`, `telp`, `nama2`, `nim`, `jurusan`, `fakultas`, `semester`, `ipk`, `sks`, `content`, `tanggal`, `nama` `pengirim`, `status`, `slug`) VALUES (\'d\', \'123\', \'d\', \'s\', \'33\', \'fdf\', \'4444\', \'gg\', \'45345\', \'ggf\', \'h\', \'5\', \'33\', \'3432\', \'fbfv\', \'23/02/2024\', NULL, \'published\', \'d\')')
 2 SYSTEMPATH\Database\BaseConnection.php(607): CodeIgniter\Database\BaseConnection->simpleQuery('INSERT INTO `surkom` (`title`, `no`, `nama1`, `jabatan`, `nip`, `e-mail`, `telp`, `nama2`, `nim`, `jurusan`, `fakultas`, `semester`, `ipk`, `sks`, `content`, `tanggal`, `nama` `pengirim`, `status`, `slug`) VALUES (\'d\', \'123\', \'d\', \'s\', \'33\', \'fdf\', \'4444\', \'gg\', \'45345\', \'ggf\', \'h\', \'5\', \'33\', \'3432\', \'fbfv\', \'23/02/2024\', NULL, \'published\', \'d\')')
 3 SYSTEMPATH\Database\BaseBuilder.php(2302): CodeIgniter\Database\BaseConnection->query('INSERT INTO `surkom` (`title`, `no`, `nama1`, `jabatan`, `nip`, `e-mail`, `telp`, `nama2`, `nim`, `jurusan`, `fakultas`, `semester`, `ipk`, `sks`, `content`, `tanggal`, `nama` `pengirim`, `status`, `slug`) VALUES (:title:, :no:, :nama1:, :jabatan:, :nip:, :e-mail:, :telp:, :nama2:, :nim:, :jurusan:, :fakultas:, :semester:, :ipk:, :sks:, :content:, :tanggal:, :nama pengirim:, :status:, :slug:)', [...], false)
 4 SYSTEMPATH\Model.php(326): CodeIgniter\Database\BaseBuilder->insert()
 5 SYSTEMPATH\BaseModel.php(802): CodeIgniter\Model->doInsert([...])
 6 SYSTEMPATH\Model.php(744): CodeIgniter\BaseModel->insert([...], true)
 7 APPPATH\Controllers\surkomAdmin.php(61): CodeIgniter\Model->insert([...])
 8 SYSTEMPATH\CodeIgniter.php(941): App\Controllers\surkomAdmin->create()
 9 SYSTEMPATH\CodeIgniter.php(502): CodeIgniter\CodeIgniter->runController(Object(App\Controllers\surkomAdmin))
10 SYSTEMPATH\CodeIgniter.php(361): CodeIgniter\CodeIgniter->handleRequest(null, Object(Config\Cache), false)
11 FCPATH\index.php(79): CodeIgniter\CodeIgniter->run()
12 SYSTEMPATH\Commands\Server\rewrite.php(47): require_once('C:\\xampp\\htdocs\\nasi-campur\\public\\index.php')
CRITICAL - 2024-03-05 05:09:37 --> [Caused by] mysqli_sql_exception: You have an error in your SQL syntax; check the manual that corresponds to your MariaDB server version for the right syntax to use near '`pengirim`, `status`, `slug`) VALUES ('d', '123', 'd', 's', '33', 'fdf', '444...' at line 1
in SYSTEMPATH\Database\MySQLi\Connection.php on line 306.
 1 SYSTEMPATH\Database\MySQLi\Connection.php(306): mysqli->query('INSERT INTO `surkom` (`title`, `no`, `nama1`, `jabatan`, `nip`, `e-mail`, `telp`, `nama2`, `nim`, `jurusan`, `fakultas`, `semester`, `ipk`, `sks`, `content`, `tanggal`, `nama` `pengirim`, `status`, `slug`) VALUES (\'d\', \'123\', \'d\', \'s\', \'33\', \'fdf\', \'4444\', \'gg\', \'45345\', \'ggf\', \'h\', \'5\', \'33\', \'3432\', \'fbfv\', \'23/02/2024\', NULL, \'published\', \'d\')', 0)
 2 SYSTEMPATH\Database\BaseConnection.php(693): CodeIgniter\Database\MySQLi\Connection->execute('INSERT INTO `surkom` (`title`, `no`, `nama1`, `jabatan`, `nip`, `e-mail`, `telp`, `nama2`, `nim`, `jurusan`, `fakultas`, `semester`, `ipk`, `sks`, `content`, `tanggal`, `nama` `pengirim`, `status`, `slug`) VALUES (\'d\', \'123\', \'d\', \'s\', \'33\', \'fdf\', \'4444\', \'gg\', \'45345\', \'ggf\', \'h\', \'5\', \'33\', \'3432\', \'fbfv\', \'23/02/2024\', NULL, \'published\', \'d\')')
 3 SYSTEMPATH\Database\BaseConnection.php(607): CodeIgniter\Database\BaseConnection->simpleQuery('INSERT INTO `surkom` (`title`, `no`, `nama1`, `jabatan`, `nip`, `e-mail`, `telp`, `nama2`, `nim`, `jurusan`, `fakultas`, `semester`, `ipk`, `sks`, `content`, `tanggal`, `nama` `pengirim`, `status`, `slug`) VALUES (\'d\', \'123\', \'d\', \'s\', \'33\', \'fdf\', \'4444\', \'gg\', \'45345\', \'ggf\', \'h\', \'5\', \'33\', \'3432\', \'fbfv\', \'23/02/2024\', NULL, \'published\', \'d\')')
 4 SYSTEMPATH\Database\BaseBuilder.php(2302): CodeIgniter\Database\BaseConnection->query('INSERT INTO `surkom` (`title`, `no`, `nama1`, `jabatan`, `nip`, `e-mail`, `telp`, `nama2`, `nim`, `jurusan`, `fakultas`, `semester`, `ipk`, `sks`, `content`, `tanggal`, `nama` `pengirim`, `status`, `slug`) VALUES (:title:, :no:, :nama1:, :jabatan:, :nip:, :e-mail:, :telp:, :nama2:, :nim:, :jurusan:, :fakultas:, :semester:, :ipk:, :sks:, :content:, :tanggal:, :nama pengirim:, :status:, :slug:)', [...], false)
 5 SYSTEMPATH\Model.php(326): CodeIgniter\Database\BaseBuilder->insert()
 6 SYSTEMPATH\BaseModel.php(802): CodeIgniter\Model->doInsert([...])
 7 SYSTEMPATH\Model.php(744): CodeIgniter\BaseModel->insert([...], true)
 8 APPPATH\Controllers\surkomAdmin.php(61): CodeIgniter\Model->insert([...])
 9 SYSTEMPATH\CodeIgniter.php(941): App\Controllers\surkomAdmin->create()
10 SYSTEMPATH\CodeIgniter.php(502): CodeIgniter\CodeIgniter->runController(Object(App\Controllers\surkomAdmin))
11 SYSTEMPATH\CodeIgniter.php(361): CodeIgniter\CodeIgniter->handleRequest(null, Object(Config\Cache), false)
12 FCPATH\index.php(79): CodeIgniter\CodeIgniter->run()
13 SYSTEMPATH\Commands\Server\rewrite.php(47): require_once('C:\\xampp\\htdocs\\nasi-campur\\public\\index.php')
ERROR - 2024-03-05 07:36:40 --> mysqli_sql_exception: You have an error in your SQL syntax; check the manual that corresponds to your MariaDB server version for the right syntax to use near '`pengirim`, `status`, `slug`) VALUES ('d', '123', 'd', 's', '33', 'fdf', '444...' at line 1 in C:\xampp\htdocs\nasi-campur\system\Database\MySQLi\Connection.php:306
Stack trace:
#0 C:\xampp\htdocs\nasi-campur\system\Database\MySQLi\Connection.php(306): mysqli->query('INSERT INTO `su...', 0)
#1 C:\xampp\htdocs\nasi-campur\system\Database\BaseConnection.php(693): CodeIgniter\Database\MySQLi\Connection->execute('INSERT INTO `su...')
#2 C:\xampp\htdocs\nasi-campur\system\Database\BaseConnection.php(607): CodeIgniter\Database\BaseConnection->simpleQuery('INSERT INTO `su...')
#3 C:\xampp\htdocs\nasi-campur\system\Database\BaseBuilder.php(2302): CodeIgniter\Database\BaseConnection->query('INSERT INTO `su...', Array, false)
#4 C:\xampp\htdocs\nasi-campur\system\Model.php(326): CodeIgniter\Database\BaseBuilder->insert()
#5 C:\xampp\htdocs\nasi-campur\system\BaseModel.php(802): CodeIgniter\Model->doInsert(Array)
#6 C:\xampp\htdocs\nasi-campur\system\Model.php(744): CodeIgniter\BaseModel->insert(Array, true)
#7 C:\xampp\htdocs\nasi-campur\app\Controllers\surkomAdmin.php(61): CodeIgniter\Model->insert(Array)
#8 C:\xampp\htdocs\nasi-campur\system\CodeIgniter.php(941): App\Controllers\surkomAdmin->create()
#9 C:\xampp\htdocs\nasi-campur\system\CodeIgniter.php(502): CodeIgniter\CodeIgniter->runController(Object(App\Controllers\surkomAdmin))
#10 C:\xampp\htdocs\nasi-campur\system\CodeIgniter.php(361): CodeIgniter\CodeIgniter->handleRequest(NULL, Object(Config\Cache), false)
#11 C:\xampp\htdocs\nasi-campur\public\index.php(79): CodeIgniter\CodeIgniter->run()
#12 C:\xampp\htdocs\nasi-campur\system\Commands\Server\rewrite.php(47): require_once('C:\\xampp\\htdocs...')
#13 {main}
CRITICAL - 2024-03-05 07:36:40 --> CodeIgniter\Database\Exceptions\DatabaseException: You have an error in your SQL syntax; check the manual that corresponds to your MariaDB server version for the right syntax to use near '`pengirim`, `status`, `slug`) VALUES ('d', '123', 'd', 's', '33', 'fdf', '444...' at line 1
in SYSTEMPATH\Database\BaseConnection.php on line 647.
 1 SYSTEMPATH\Database\BaseBuilder.php(2302): CodeIgniter\Database\BaseConnection->query('INSERT INTO `surkom` (`title`, `no`, `nama1`, `jabatan`, `nip`, `e-mail`, `telp`, `nama2`, `nim`, `jurusan`, `fakultas`, `semester`, `ipk`, `sks`, `content`, `tanggal`, `nama` `pengirim`, `status`, `slug`) VALUES (:title:, :no:, :nama1:, :jabatan:, :nip:, :e-mail:, :telp:, :nama2:, :nim:, :jurusan:, :fakultas:, :semester:, :ipk:, :sks:, :content:, :tanggal:, :nama pengirim:, :status:, :slug:)', [...], false)
 2 SYSTEMPATH\Model.php(326): CodeIgniter\Database\BaseBuilder->insert()
 3 SYSTEMPATH\BaseModel.php(802): CodeIgniter\Model->doInsert([...])
 4 SYSTEMPATH\Model.php(744): CodeIgniter\BaseModel->insert([...], true)
 5 APPPATH\Controllers\surkomAdmin.php(61): CodeIgniter\Model->insert([...])
 6 SYSTEMPATH\CodeIgniter.php(941): App\Controllers\surkomAdmin->create()
 7 SYSTEMPATH\CodeIgniter.php(502): CodeIgniter\CodeIgniter->runController(Object(App\Controllers\surkomAdmin))
 8 SYSTEMPATH\CodeIgniter.php(361): CodeIgniter\CodeIgniter->handleRequest(null, Object(Config\Cache), false)
 9 FCPATH\index.php(79): CodeIgniter\CodeIgniter->run()
10 SYSTEMPATH\Commands\Server\rewrite.php(47): require_once('C:\\xampp\\htdocs\\nasi-campur\\public\\index.php')
CRITICAL - 2024-03-05 07:36:40 --> [Caused by] CodeIgniter\Database\Exceptions\DatabaseException: You have an error in your SQL syntax; check the manual that corresponds to your MariaDB server version for the right syntax to use near '`pengirim`, `status`, `slug`) VALUES ('d', '123', 'd', 's', '33', 'fdf', '444...' at line 1
in SYSTEMPATH\Database\MySQLi\Connection.php on line 311.
 1 SYSTEMPATH\Database\BaseConnection.php(693): CodeIgniter\Database\MySQLi\Connection->execute('INSERT INTO `surkom` (`title`, `no`, `nama1`, `jabatan`, `nip`, `e-mail`, `telp`, `nama2`, `nim`, `jurusan`, `fakultas`, `semester`, `ipk`, `sks`, `content`, `tanggal`, `nama` `pengirim`, `status`, `slug`) VALUES (\'d\', \'123\', \'d\', \'s\', \'33\', \'fdf\', \'4444\', \'gg\', \'45345\', \'ggf\', \'h\', \'5\', \'33\', \'3432\', \'fbfv\', \'23/02/2024\', NULL, \'draft\', \'d\')')
 2 SYSTEMPATH\Database\BaseConnection.php(607): CodeIgniter\Database\BaseConnection->simpleQuery('INSERT INTO `surkom` (`title`, `no`, `nama1`, `jabatan`, `nip`, `e-mail`, `telp`, `nama2`, `nim`, `jurusan`, `fakultas`, `semester`, `ipk`, `sks`, `content`, `tanggal`, `nama` `pengirim`, `status`, `slug`) VALUES (\'d\', \'123\', \'d\', \'s\', \'33\', \'fdf\', \'4444\', \'gg\', \'45345\', \'ggf\', \'h\', \'5\', \'33\', \'3432\', \'fbfv\', \'23/02/2024\', NULL, \'draft\', \'d\')')
 3 SYSTEMPATH\Database\BaseBuilder.php(2302): CodeIgniter\Database\BaseConnection->query('INSERT INTO `surkom` (`title`, `no`, `nama1`, `jabatan`, `nip`, `e-mail`, `telp`, `nama2`, `nim`, `jurusan`, `fakultas`, `semester`, `ipk`, `sks`, `content`, `tanggal`, `nama` `pengirim`, `status`, `slug`) VALUES (:title:, :no:, :nama1:, :jabatan:, :nip:, :e-mail:, :telp:, :nama2:, :nim:, :jurusan:, :fakultas:, :semester:, :ipk:, :sks:, :content:, :tanggal:, :nama pengirim:, :status:, :slug:)', [...], false)
 4 SYSTEMPATH\Model.php(326): CodeIgniter\Database\BaseBuilder->insert()
 5 SYSTEMPATH\BaseModel.php(802): CodeIgniter\Model->doInsert([...])
 6 SYSTEMPATH\Model.php(744): CodeIgniter\BaseModel->insert([...], true)
 7 APPPATH\Controllers\surkomAdmin.php(61): CodeIgniter\Model->insert([...])
 8 SYSTEMPATH\CodeIgniter.php(941): App\Controllers\surkomAdmin->create()
 9 SYSTEMPATH\CodeIgniter.php(502): CodeIgniter\CodeIgniter->runController(Object(App\Controllers\surkomAdmin))
10 SYSTEMPATH\CodeIgniter.php(361): CodeIgniter\CodeIgniter->handleRequest(null, Object(Config\Cache), false)
11 FCPATH\index.php(79): CodeIgniter\CodeIgniter->run()
12 SYSTEMPATH\Commands\Server\rewrite.php(47): require_once('C:\\xampp\\htdocs\\nasi-campur\\public\\index.php')
CRITICAL - 2024-03-05 07:36:40 --> [Caused by] mysqli_sql_exception: You have an error in your SQL syntax; check the manual that corresponds to your MariaDB server version for the right syntax to use near '`pengirim`, `status`, `slug`) VALUES ('d', '123', 'd', 's', '33', 'fdf', '444...' at line 1
in SYSTEMPATH\Database\MySQLi\Connection.php on line 306.
 1 SYSTEMPATH\Database\MySQLi\Connection.php(306): mysqli->query('INSERT INTO `surkom` (`title`, `no`, `nama1`, `jabatan`, `nip`, `e-mail`, `telp`, `nama2`, `nim`, `jurusan`, `fakultas`, `semester`, `ipk`, `sks`, `content`, `tanggal`, `nama` `pengirim`, `status`, `slug`) VALUES (\'d\', \'123\', \'d\', \'s\', \'33\', \'fdf\', \'4444\', \'gg\', \'45345\', \'ggf\', \'h\', \'5\', \'33\', \'3432\', \'fbfv\', \'23/02/2024\', NULL, \'draft\', \'d\')', 0)
 2 SYSTEMPATH\Database\BaseConnection.php(693): CodeIgniter\Database\MySQLi\Connection->execute('INSERT INTO `surkom` (`title`, `no`, `nama1`, `jabatan`, `nip`, `e-mail`, `telp`, `nama2`, `nim`, `jurusan`, `fakultas`, `semester`, `ipk`, `sks`, `content`, `tanggal`, `nama` `pengirim`, `status`, `slug`) VALUES (\'d\', \'123\', \'d\', \'s\', \'33\', \'fdf\', \'4444\', \'gg\', \'45345\', \'ggf\', \'h\', \'5\', \'33\', \'3432\', \'fbfv\', \'23/02/2024\', NULL, \'draft\', \'d\')')
 3 SYSTEMPATH\Database\BaseConnection.php(607): CodeIgniter\Database\BaseConnection->simpleQuery('INSERT INTO `surkom` (`title`, `no`, `nama1`, `jabatan`, `nip`, `e-mail`, `telp`, `nama2`, `nim`, `jurusan`, `fakultas`, `semester`, `ipk`, `sks`, `content`, `tanggal`, `nama` `pengirim`, `status`, `slug`) VALUES (\'d\', \'123\', \'d\', \'s\', \'33\', \'fdf\', \'4444\', \'gg\', \'45345\', \'ggf\', \'h\', \'5\', \'33\', \'3432\', \'fbfv\', \'23/02/2024\', NULL, \'draft\', \'d\')')
 4 SYSTEMPATH\Database\BaseBuilder.php(2302): CodeIgniter\Database\BaseConnection->query('INSERT INTO `surkom` (`title`, `no`, `nama1`, `jabatan`, `nip`, `e-mail`, `telp`, `nama2`, `nim`, `jurusan`, `fakultas`, `semester`, `ipk`, `sks`, `content`, `tanggal`, `nama` `pengirim`, `status`, `slug`) VALUES (:title:, :no:, :nama1:, :jabatan:, :nip:, :e-mail:, :telp:, :nama2:, :nim:, :jurusan:, :fakultas:, :semester:, :ipk:, :sks:, :content:, :tanggal:, :nama pengirim:, :status:, :slug:)', [...], false)
 5 SYSTEMPATH\Model.php(326): CodeIgniter\Database\BaseBuilder->insert()
 6 SYSTEMPATH\BaseModel.php(802): CodeIgniter\Model->doInsert([...])
 7 SYSTEMPATH\Model.php(744): CodeIgniter\BaseModel->insert([...], true)
 8 APPPATH\Controllers\surkomAdmin.php(61): CodeIgniter\Model->insert([...])
 9 SYSTEMPATH\CodeIgniter.php(941): App\Controllers\surkomAdmin->create()
10 SYSTEMPATH\CodeIgniter.php(502): CodeIgniter\CodeIgniter->runController(Object(App\Controllers\surkomAdmin))
11 SYSTEMPATH\CodeIgniter.php(361): CodeIgniter\CodeIgniter->handleRequest(null, Object(Config\Cache), false)
12 FCPATH\index.php(79): CodeIgniter\CodeIgniter->run()
13 SYSTEMPATH\Commands\Server\rewrite.php(47): require_once('C:\\xampp\\htdocs\\nasi-campur\\public\\index.php')
ERROR - 2024-03-05 07:44:56 --> mysqli_sql_exception: You have an error in your SQL syntax; check the manual that corresponds to your MariaDB server version for the right syntax to use near '`pengirim`, `status`, `slug`) VALUES ('d', '123', 'd', 's', '33', 'fdf', '444...' at line 1 in C:\xampp\htdocs\nasi-campur\system\Database\MySQLi\Connection.php:306
Stack trace:
#0 C:\xampp\htdocs\nasi-campur\system\Database\MySQLi\Connection.php(306): mysqli->query('INSERT INTO `su...', 0)
#1 C:\xampp\htdocs\nasi-campur\system\Database\BaseConnection.php(693): CodeIgniter\Database\MySQLi\Connection->execute('INSERT INTO `su...')
#2 C:\xampp\htdocs\nasi-campur\system\Database\BaseConnection.php(607): CodeIgniter\Database\BaseConnection->simpleQuery('INSERT INTO `su...')
#3 C:\xampp\htdocs\nasi-campur\system\Database\BaseBuilder.php(2302): CodeIgniter\Database\BaseConnection->query('INSERT INTO `su...', Array, false)
#4 C:\xampp\htdocs\nasi-campur\system\Model.php(326): CodeIgniter\Database\BaseBuilder->insert()
#5 C:\xampp\htdocs\nasi-campur\system\BaseModel.php(802): CodeIgniter\Model->doInsert(Array)
#6 C:\xampp\htdocs\nasi-campur\system\Model.php(744): CodeIgniter\BaseModel->insert(Array, true)
#7 C:\xampp\htdocs\nasi-campur\app\Controllers\surkomAdmin.php(61): CodeIgniter\Model->insert(Array)
#8 C:\xampp\htdocs\nasi-campur\system\CodeIgniter.php(941): App\Controllers\surkomAdmin->create()
#9 C:\xampp\htdocs\nasi-campur\system\CodeIgniter.php(502): CodeIgniter\CodeIgniter->runController(Object(App\Controllers\surkomAdmin))
#10 C:\xampp\htdocs\nasi-campur\system\CodeIgniter.php(361): CodeIgniter\CodeIgniter->handleRequest(NULL, Object(Config\Cache), false)
#11 C:\xampp\htdocs\nasi-campur\public\index.php(79): CodeIgniter\CodeIgniter->run()
#12 C:\xampp\htdocs\nasi-campur\system\Commands\Server\rewrite.php(47): require_once('C:\\xampp\\htdocs...')
#13 {main}
CRITICAL - 2024-03-05 07:44:56 --> CodeIgniter\Database\Exceptions\DatabaseException: You have an error in your SQL syntax; check the manual that corresponds to your MariaDB server version for the right syntax to use near '`pengirim`, `status`, `slug`) VALUES ('d', '123', 'd', 's', '33', 'fdf', '444...' at line 1
in SYSTEMPATH\Database\BaseConnection.php on line 647.
 1 SYSTEMPATH\Database\BaseBuilder.php(2302): CodeIgniter\Database\BaseConnection->query('INSERT INTO `surkom` (`title`, `no`, `nama1`, `jabatan`, `nip`, `e-mail`, `telp`, `nama2`, `nim`, `jurusan`, `fakultas`, `semester`, `ipk`, `sks`, `content`, `tanggal`, `nama` `pengirim`, `status`, `slug`) VALUES (:title:, :no:, :nama1:, :jabatan:, :nip:, :e-mail:, :telp:, :nama2:, :nim:, :jurusan:, :fakultas:, :semester:, :ipk:, :sks:, :content:, :tanggal:, :nama pengirim:, :status:, :slug:)', [...], false)
 2 SYSTEMPATH\Model.php(326): CodeIgniter\Database\BaseBuilder->insert()
 3 SYSTEMPATH\BaseModel.php(802): CodeIgniter\Model->doInsert([...])
 4 SYSTEMPATH\Model.php(744): CodeIgniter\BaseModel->insert([...], true)
 5 APPPATH\Controllers\surkomAdmin.php(61): CodeIgniter\Model->insert([...])
 6 SYSTEMPATH\CodeIgniter.php(941): App\Controllers\surkomAdmin->create()
 7 SYSTEMPATH\CodeIgniter.php(502): CodeIgniter\CodeIgniter->runController(Object(App\Controllers\surkomAdmin))
 8 SYSTEMPATH\CodeIgniter.php(361): CodeIgniter\CodeIgniter->handleRequest(null, Object(Config\Cache), false)
 9 FCPATH\index.php(79): CodeIgniter\CodeIgniter->run()
10 SYSTEMPATH\Commands\Server\rewrite.php(47): require_once('C:\\xampp\\htdocs\\nasi-campur\\public\\index.php')
CRITICAL - 2024-03-05 07:44:56 --> [Caused by] CodeIgniter\Database\Exceptions\DatabaseException: You have an error in your SQL syntax; check the manual that corresponds to your MariaDB server version for the right syntax to use near '`pengirim`, `status`, `slug`) VALUES ('d', '123', 'd', 's', '33', 'fdf', '444...' at line 1
in SYSTEMPATH\Database\MySQLi\Connection.php on line 311.
 1 SYSTEMPATH\Database\BaseConnection.php(693): CodeIgniter\Database\MySQLi\Connection->execute('INSERT INTO `surkom` (`title`, `no`, `nama1`, `jabatan`, `nip`, `e-mail`, `telp`, `nama2`, `nim`, `jurusan`, `fakultas`, `semester`, `ipk`, `sks`, `content`, `tanggal`, `nama` `pengirim`, `status`, `slug`) VALUES (\'d\', \'123\', \'d\', \'s\', \'33\', \'fdf\', \'4444\', \'gg\', \'45345\', \'ggf\', \'h\', \'5\', \'33\', \'3432\', \'fbfv\', \'23/02/2024\', NULL, \'draft\', \'d\')')
 2 SYSTEMPATH\Database\BaseConnection.php(607): CodeIgniter\Database\BaseConnection->simpleQuery('INSERT INTO `surkom` (`title`, `no`, `nama1`, `jabatan`, `nip`, `e-mail`, `telp`, `nama2`, `nim`, `jurusan`, `fakultas`, `semester`, `ipk`, `sks`, `content`, `tanggal`, `nama` `pengirim`, `status`, `slug`) VALUES (\'d\', \'123\', \'d\', \'s\', \'33\', \'fdf\', \'4444\', \'gg\', \'45345\', \'ggf\', \'h\', \'5\', \'33\', \'3432\', \'fbfv\', \'23/02/2024\', NULL, \'draft\', \'d\')')
 3 SYSTEMPATH\Database\BaseBuilder.php(2302): CodeIgniter\Database\BaseConnection->query('INSERT INTO `surkom` (`title`, `no`, `nama1`, `jabatan`, `nip`, `e-mail`, `telp`, `nama2`, `nim`, `jurusan`, `fakultas`, `semester`, `ipk`, `sks`, `content`, `tanggal`, `nama` `pengirim`, `status`, `slug`) VALUES (:title:, :no:, :nama1:, :jabatan:, :nip:, :e-mail:, :telp:, :nama2:, :nim:, :jurusan:, :fakultas:, :semester:, :ipk:, :sks:, :content:, :tanggal:, :nama pengirim:, :status:, :slug:)', [...], false)
 4 SYSTEMPATH\Model.php(326): CodeIgniter\Database\BaseBuilder->insert()
 5 SYSTEMPATH\BaseModel.php(802): CodeIgniter\Model->doInsert([...])
 6 SYSTEMPATH\Model.php(744): CodeIgniter\BaseModel->insert([...], true)
 7 APPPATH\Controllers\surkomAdmin.php(61): CodeIgniter\Model->insert([...])
 8 SYSTEMPATH\CodeIgniter.php(941): App\Controllers\surkomAdmin->create()
 9 SYSTEMPATH\CodeIgniter.php(502): CodeIgniter\CodeIgniter->runController(Object(App\Controllers\surkomAdmin))
10 SYSTEMPATH\CodeIgniter.php(361): CodeIgniter\CodeIgniter->handleRequest(null, Object(Config\Cache), false)
11 FCPATH\index.php(79): CodeIgniter\CodeIgniter->run()
12 SYSTEMPATH\Commands\Server\rewrite.php(47): require_once('C:\\xampp\\htdocs\\nasi-campur\\public\\index.php')
CRITICAL - 2024-03-05 07:44:56 --> [Caused by] mysqli_sql_exception: You have an error in your SQL syntax; check the manual that corresponds to your MariaDB server version for the right syntax to use near '`pengirim`, `status`, `slug`) VALUES ('d', '123', 'd', 's', '33', 'fdf', '444...' at line 1
in SYSTEMPATH\Database\MySQLi\Connection.php on line 306.
 1 SYSTEMPATH\Database\MySQLi\Connection.php(306): mysqli->query('INSERT INTO `surkom` (`title`, `no`, `nama1`, `jabatan`, `nip`, `e-mail`, `telp`, `nama2`, `nim`, `jurusan`, `fakultas`, `semester`, `ipk`, `sks`, `content`, `tanggal`, `nama` `pengirim`, `status`, `slug`) VALUES (\'d\', \'123\', \'d\', \'s\', \'33\', \'fdf\', \'4444\', \'gg\', \'45345\', \'ggf\', \'h\', \'5\', \'33\', \'3432\', \'fbfv\', \'23/02/2024\', NULL, \'draft\', \'d\')', 0)
 2 SYSTEMPATH\Database\BaseConnection.php(693): CodeIgniter\Database\MySQLi\Connection->execute('INSERT INTO `surkom` (`title`, `no`, `nama1`, `jabatan`, `nip`, `e-mail`, `telp`, `nama2`, `nim`, `jurusan`, `fakultas`, `semester`, `ipk`, `sks`, `content`, `tanggal`, `nama` `pengirim`, `status`, `slug`) VALUES (\'d\', \'123\', \'d\', \'s\', \'33\', \'fdf\', \'4444\', \'gg\', \'45345\', \'ggf\', \'h\', \'5\', \'33\', \'3432\', \'fbfv\', \'23/02/2024\', NULL, \'draft\', \'d\')')
 3 SYSTEMPATH\Database\BaseConnection.php(607): CodeIgniter\Database\BaseConnection->simpleQuery('INSERT INTO `surkom` (`title`, `no`, `nama1`, `jabatan`, `nip`, `e-mail`, `telp`, `nama2`, `nim`, `jurusan`, `fakultas`, `semester`, `ipk`, `sks`, `content`, `tanggal`, `nama` `pengirim`, `status`, `slug`) VALUES (\'d\', \'123\', \'d\', \'s\', \'33\', \'fdf\', \'4444\', \'gg\', \'45345\', \'ggf\', \'h\', \'5\', \'33\', \'3432\', \'fbfv\', \'23/02/2024\', NULL, \'draft\', \'d\')')
 4 SYSTEMPATH\Database\BaseBuilder.php(2302): CodeIgniter\Database\BaseConnection->query('INSERT INTO `surkom` (`title`, `no`, `nama1`, `jabatan`, `nip`, `e-mail`, `telp`, `nama2`, `nim`, `jurusan`, `fakultas`, `semester`, `ipk`, `sks`, `content`, `tanggal`, `nama` `pengirim`, `status`, `slug`) VALUES (:title:, :no:, :nama1:, :jabatan:, :nip:, :e-mail:, :telp:, :nama2:, :nim:, :jurusan:, :fakultas:, :semester:, :ipk:, :sks:, :content:, :tanggal:, :nama pengirim:, :status:, :slug:)', [...], false)
 5 SYSTEMPATH\Model.php(326): CodeIgniter\Database\BaseBuilder->insert()
 6 SYSTEMPATH\BaseModel.php(802): CodeIgniter\Model->doInsert([...])
 7 SYSTEMPATH\Model.php(744): CodeIgniter\BaseModel->insert([...], true)
 8 APPPATH\Controllers\surkomAdmin.php(61): CodeIgniter\Model->insert([...])
 9 SYSTEMPATH\CodeIgniter.php(941): App\Controllers\surkomAdmin->create()
10 SYSTEMPATH\CodeIgniter.php(502): CodeIgniter\CodeIgniter->runController(Object(App\Controllers\surkomAdmin))
11 SYSTEMPATH\CodeIgniter.php(361): CodeIgniter\CodeIgniter->handleRequest(null, Object(Config\Cache), false)
12 FCPATH\index.php(79): CodeIgniter\CodeIgniter->run()
13 SYSTEMPATH\Commands\Server\rewrite.php(47): require_once('C:\\xampp\\htdocs\\nasi-campur\\public\\index.php')
ERROR - 2024-03-05 08:00:06 --> mysqli_sql_exception: You have an error in your SQL syntax; check the manual that corresponds to your MariaDB server version for the right syntax to use near '`pengirim`, `status`, `slug`) VALUES ('d', '123', 'd', 's', '33', 'fdf', '444...' at line 1 in C:\xampp\htdocs\nasi-campur\system\Database\MySQLi\Connection.php:306
Stack trace:
#0 C:\xampp\htdocs\nasi-campur\system\Database\MySQLi\Connection.php(306): mysqli->query('INSERT INTO `su...', 0)
#1 C:\xampp\htdocs\nasi-campur\system\Database\BaseConnection.php(693): CodeIgniter\Database\MySQLi\Connection->execute('INSERT INTO `su...')
#2 C:\xampp\htdocs\nasi-campur\system\Database\BaseConnection.php(607): CodeIgniter\Database\BaseConnection->simpleQuery('INSERT INTO `su...')
#3 C:\xampp\htdocs\nasi-campur\system\Database\BaseBuilder.php(2302): CodeIgniter\Database\BaseConnection->query('INSERT INTO `su...', Array, false)
#4 C:\xampp\htdocs\nasi-campur\system\Model.php(326): CodeIgniter\Database\BaseBuilder->insert()
#5 C:\xampp\htdocs\nasi-campur\system\BaseModel.php(802): CodeIgniter\Model->doInsert(Array)
#6 C:\xampp\htdocs\nasi-campur\system\Model.php(744): CodeIgniter\BaseModel->insert(Array, true)
#7 C:\xampp\htdocs\nasi-campur\app\Controllers\surkomAdmin.php(61): CodeIgniter\Model->insert(Array)
#8 C:\xampp\htdocs\nasi-campur\system\CodeIgniter.php(941): App\Controllers\surkomAdmin->create()
#9 C:\xampp\htdocs\nasi-campur\system\CodeIgniter.php(502): CodeIgniter\CodeIgniter->runController(Object(App\Controllers\surkomAdmin))
#10 C:\xampp\htdocs\nasi-campur\system\CodeIgniter.php(361): CodeIgniter\CodeIgniter->handleRequest(NULL, Object(Config\Cache), false)
#11 C:\xampp\htdocs\nasi-campur\public\index.php(79): CodeIgniter\CodeIgniter->run()
#12 C:\xampp\htdocs\nasi-campur\system\Commands\Server\rewrite.php(47): require_once('C:\\xampp\\htdocs...')
#13 {main}
CRITICAL - 2024-03-05 08:00:06 --> CodeIgniter\Database\Exceptions\DatabaseException: You have an error in your SQL syntax; check the manual that corresponds to your MariaDB server version for the right syntax to use near '`pengirim`, `status`, `slug`) VALUES ('d', '123', 'd', 's', '33', 'fdf', '444...' at line 1
in SYSTEMPATH\Database\BaseConnection.php on line 647.
 1 SYSTEMPATH\Database\BaseBuilder.php(2302): CodeIgniter\Database\BaseConnection->query('INSERT INTO `surkom` (`title`, `no`, `nama1`, `jabatan`, `nip`, `e-mail`, `telp`, `nama2`, `nim`, `jurusan`, `fakultas`, `semester`, `ipk`, `sks`, `content`, `tanggal`, `nama` `pengirim`, `status`, `slug`) VALUES (:title:, :no:, :nama1:, :jabatan:, :nip:, :e-mail:, :telp:, :nama2:, :nim:, :jurusan:, :fakultas:, :semester:, :ipk:, :sks:, :content:, :tanggal:, :nama pengirim:, :status:, :slug:)', [...], false)
 2 SYSTEMPATH\Model.php(326): CodeIgniter\Database\BaseBuilder->insert()
 3 SYSTEMPATH\BaseModel.php(802): CodeIgniter\Model->doInsert([...])
 4 SYSTEMPATH\Model.php(744): CodeIgniter\BaseModel->insert([...], true)
 5 APPPATH\Controllers\surkomAdmin.php(61): CodeIgniter\Model->insert([...])
 6 SYSTEMPATH\CodeIgniter.php(941): App\Controllers\surkomAdmin->create()
 7 SYSTEMPATH\CodeIgniter.php(502): CodeIgniter\CodeIgniter->runController(Object(App\Controllers\surkomAdmin))
 8 SYSTEMPATH\CodeIgniter.php(361): CodeIgniter\CodeIgniter->handleRequest(null, Object(Config\Cache), false)
 9 FCPATH\index.php(79): CodeIgniter\CodeIgniter->run()
10 SYSTEMPATH\Commands\Server\rewrite.php(47): require_once('C:\\xampp\\htdocs\\nasi-campur\\public\\index.php')
CRITICAL - 2024-03-05 08:00:06 --> [Caused by] CodeIgniter\Database\Exceptions\DatabaseException: You have an error in your SQL syntax; check the manual that corresponds to your MariaDB server version for the right syntax to use near '`pengirim`, `status`, `slug`) VALUES ('d', '123', 'd', 's', '33', 'fdf', '444...' at line 1
in SYSTEMPATH\Database\MySQLi\Connection.php on line 311.
 1 SYSTEMPATH\Database\BaseConnection.php(693): CodeIgniter\Database\MySQLi\Connection->execute('INSERT INTO `surkom` (`title`, `no`, `nama1`, `jabatan`, `nip`, `e-mail`, `telp`, `nama2`, `nim`, `jurusan`, `fakultas`, `semester`, `ipk`, `sks`, `content`, `tanggal`, `nama` `pengirim`, `status`, `slug`) VALUES (\'d\', \'123\', \'d\', \'s\', \'33\', \'fdf\', \'4444\', \'gg\', \'45345\', \'ggf\', \'h\', \'5\', \'33\', \'3432\', \'hcg\', \'15/02/2024\', NULL, \'published\', \'d\')')
 2 SYSTEMPATH\Database\BaseConnection.php(607): CodeIgniter\Database\BaseConnection->simpleQuery('INSERT INTO `surkom` (`title`, `no`, `nama1`, `jabatan`, `nip`, `e-mail`, `telp`, `nama2`, `nim`, `jurusan`, `fakultas`, `semester`, `ipk`, `sks`, `content`, `tanggal`, `nama` `pengirim`, `status`, `slug`) VALUES (\'d\', \'123\', \'d\', \'s\', \'33\', \'fdf\', \'4444\', \'gg\', \'45345\', \'ggf\', \'h\', \'5\', \'33\', \'3432\', \'hcg\', \'15/02/2024\', NULL, \'published\', \'d\')')
 3 SYSTEMPATH\Database\BaseBuilder.php(2302): CodeIgniter\Database\BaseConnection->query('INSERT INTO `surkom` (`title`, `no`, `nama1`, `jabatan`, `nip`, `e-mail`, `telp`, `nama2`, `nim`, `jurusan`, `fakultas`, `semester`, `ipk`, `sks`, `content`, `tanggal`, `nama` `pengirim`, `status`, `slug`) VALUES (:title:, :no:, :nama1:, :jabatan:, :nip:, :e-mail:, :telp:, :nama2:, :nim:, :jurusan:, :fakultas:, :semester:, :ipk:, :sks:, :content:, :tanggal:, :nama pengirim:, :status:, :slug:)', [...], false)
 4 SYSTEMPATH\Model.php(326): CodeIgniter\Database\BaseBuilder->insert()
 5 SYSTEMPATH\BaseModel.php(802): CodeIgniter\Model->doInsert([...])
 6 SYSTEMPATH\Model.php(744): CodeIgniter\BaseModel->insert([...], true)
 7 APPPATH\Controllers\surkomAdmin.php(61): CodeIgniter\Model->insert([...])
 8 SYSTEMPATH\CodeIgniter.php(941): App\Controllers\surkomAdmin->create()
 9 SYSTEMPATH\CodeIgniter.php(502): CodeIgniter\CodeIgniter->runController(Object(App\Controllers\surkomAdmin))
10 SYSTEMPATH\CodeIgniter.php(361): CodeIgniter\CodeIgniter->handleRequest(null, Object(Config\Cache), false)
11 FCPATH\index.php(79): CodeIgniter\CodeIgniter->run()
12 SYSTEMPATH\Commands\Server\rewrite.php(47): require_once('C:\\xampp\\htdocs\\nasi-campur\\public\\index.php')
CRITICAL - 2024-03-05 08:00:06 --> [Caused by] mysqli_sql_exception: You have an error in your SQL syntax; check the manual that corresponds to your MariaDB server version for the right syntax to use near '`pengirim`, `status`, `slug`) VALUES ('d', '123', 'd', 's', '33', 'fdf', '444...' at line 1
in SYSTEMPATH\Database\MySQLi\Connection.php on line 306.
 1 SYSTEMPATH\Database\MySQLi\Connection.php(306): mysqli->query('INSERT INTO `surkom` (`title`, `no`, `nama1`, `jabatan`, `nip`, `e-mail`, `telp`, `nama2`, `nim`, `jurusan`, `fakultas`, `semester`, `ipk`, `sks`, `content`, `tanggal`, `nama` `pengirim`, `status`, `slug`) VALUES (\'d\', \'123\', \'d\', \'s\', \'33\', \'fdf\', \'4444\', \'gg\', \'45345\', \'ggf\', \'h\', \'5\', \'33\', \'3432\', \'hcg\', \'15/02/2024\', NULL, \'published\', \'d\')', 0)
 2 SYSTEMPATH\Database\BaseConnection.php(693): CodeIgniter\Database\MySQLi\Connection->execute('INSERT INTO `surkom` (`title`, `no`, `nama1`, `jabatan`, `nip`, `e-mail`, `telp`, `nama2`, `nim`, `jurusan`, `fakultas`, `semester`, `ipk`, `sks`, `content`, `tanggal`, `nama` `pengirim`, `status`, `slug`) VALUES (\'d\', \'123\', \'d\', \'s\', \'33\', \'fdf\', \'4444\', \'gg\', \'45345\', \'ggf\', \'h\', \'5\', \'33\', \'3432\', \'hcg\', \'15/02/2024\', NULL, \'published\', \'d\')')
 3 SYSTEMPATH\Database\BaseConnection.php(607): CodeIgniter\Database\BaseConnection->simpleQuery('INSERT INTO `surkom` (`title`, `no`, `nama1`, `jabatan`, `nip`, `e-mail`, `telp`, `nama2`, `nim`, `jurusan`, `fakultas`, `semester`, `ipk`, `sks`, `content`, `tanggal`, `nama` `pengirim`, `status`, `slug`) VALUES (\'d\', \'123\', \'d\', \'s\', \'33\', \'fdf\', \'4444\', \'gg\', \'45345\', \'ggf\', \'h\', \'5\', \'33\', \'3432\', \'hcg\', \'15/02/2024\', NULL, \'published\', \'d\')')
 4 SYSTEMPATH\Database\BaseBuilder.php(2302): CodeIgniter\Database\BaseConnection->query('INSERT INTO `surkom` (`title`, `no`, `nama1`, `jabatan`, `nip`, `e-mail`, `telp`, `nama2`, `nim`, `jurusan`, `fakultas`, `semester`, `ipk`, `sks`, `content`, `tanggal`, `nama` `pengirim`, `status`, `slug`) VALUES (:title:, :no:, :nama1:, :jabatan:, :nip:, :e-mail:, :telp:, :nama2:, :nim:, :jurusan:, :fakultas:, :semester:, :ipk:, :sks:, :content:, :tanggal:, :nama pengirim:, :status:, :slug:)', [...], false)
 5 SYSTEMPATH\Model.php(326): CodeIgniter\Database\BaseBuilder->insert()
 6 SYSTEMPATH\BaseModel.php(802): CodeIgniter\Model->doInsert([...])
 7 SYSTEMPATH\Model.php(744): CodeIgniter\BaseModel->insert([...], true)
 8 APPPATH\Controllers\surkomAdmin.php(61): CodeIgniter\Model->insert([...])
 9 SYSTEMPATH\CodeIgniter.php(941): App\Controllers\surkomAdmin->create()
10 SYSTEMPATH\CodeIgniter.php(502): CodeIgniter\CodeIgniter->runController(Object(App\Controllers\surkomAdmin))
11 SYSTEMPATH\CodeIgniter.php(361): CodeIgniter\CodeIgniter->handleRequest(null, Object(Config\Cache), false)
12 FCPATH\index.php(79): CodeIgniter\CodeIgniter->run()
13 SYSTEMPATH\Commands\Server\rewrite.php(47): require_once('C:\\xampp\\htdocs\\nasi-campur\\public\\index.php')
