CRITICAL - 2024-01-31 02:36:54 --> ErrorException: Trying to access array offset on value of type null
in APPPATH\Views\komik\detail.php on line 11.
 1 APPPATH\Views\komik\detail.php(11): CodeIgniter\Debug\Exceptions->errorHandler(2, 'Trying to access array offset on value of type null', 'C:\\xampp\\htdocs\\web-ti\\app\\Views\\komik\\detail.php', 11)
 2 SYSTEMPATH\View\View.php(228): include('C:\\xampp\\htdocs\\web-ti\\app\\Views\\komik\\detail.php')
 3 SYSTEMPATH\View\View.php(231): CodeIgniter\View\View->CodeIgniter\View\{closure}()
 4 SYSTEMPATH\Common.php(1178): CodeIgniter\View\View->render('komik/detail', [], true)
 5 APPPATH\Controllers\komik.php(36): view('komik/detail', [...])
 6 SYSTEMPATH\CodeIgniter.php(941): App\Controllers\komik->detail('create')
 7 SYSTEMPATH\CodeIgniter.php(502): CodeIgniter\CodeIgniter->runController(Object(App\Controllers\komik))
 8 SYSTEMPATH\CodeIgniter.php(361): CodeIgniter\CodeIgniter->handleRequest(null, Object(Config\Cache), false)
 9 FCPATH\index.php(79): CodeIgniter\CodeIgniter->run()
10 SYSTEMPATH\Commands\Server\rewrite.php(47): require_once('C:\\xampp\\htdocs\\web-ti\\public\\index.php')
CRITICAL - 2024-01-31 02:40:30 --> ErrorException: Trying to access array offset on value of type null
in APPPATH\Views\komik\detail.php on line 11.
 1 APPPATH\Views\komik\detail.php(11): CodeIgniter\Debug\Exceptions->errorHandler(2, 'Trying to access array offset on value of type null', 'C:\\xampp\\htdocs\\web-ti\\app\\Views\\komik\\detail.php', 11)
 2 SYSTEMPATH\View\View.php(228): include('C:\\xampp\\htdocs\\web-ti\\app\\Views\\komik\\detail.php')
 3 SYSTEMPATH\View\View.php(231): CodeIgniter\View\View->CodeIgniter\View\{closure}()
 4 SYSTEMPATH\Common.php(1178): CodeIgniter\View\View->render('komik/detail', [], true)
 5 APPPATH\Controllers\komik.php(36): view('komik/detail', [...])
 6 SYSTEMPATH\CodeIgniter.php(941): App\Controllers\komik->detail('create')
 7 SYSTEMPATH\CodeIgniter.php(502): CodeIgniter\CodeIgniter->runController(Object(App\Controllers\komik))
 8 SYSTEMPATH\CodeIgniter.php(361): CodeIgniter\CodeIgniter->handleRequest(null, Object(Config\Cache), false)
 9 FCPATH\index.php(79): CodeIgniter\CodeIgniter->run()
10 SYSTEMPATH\Commands\Server\rewrite.php(47): require_once('C:\\xampp\\htdocs\\web-ti\\public\\index.php')
CRITICAL - 2024-01-31 02:41:12 --> ErrorException: Trying to access array offset on value of type null
in APPPATH\Views\komik\detail.php on line 11.
 1 APPPATH\Views\komik\detail.php(11): CodeIgniter\Debug\Exceptions->errorHandler(2, 'Trying to access array offset on value of type null', 'C:\\xampp\\htdocs\\web-ti\\app\\Views\\komik\\detail.php', 11)
 2 SYSTEMPATH\View\View.php(228): include('C:\\xampp\\htdocs\\web-ti\\app\\Views\\komik\\detail.php')
 3 SYSTEMPATH\View\View.php(231): CodeIgniter\View\View->CodeIgniter\View\{closure}()
 4 SYSTEMPATH\Common.php(1178): CodeIgniter\View\View->render('komik/detail', [], true)
 5 APPPATH\Controllers\komik.php(36): view('komik/detail', [...])
 6 SYSTEMPATH\CodeIgniter.php(941): App\Controllers\komik->detail('create')
 7 SYSTEMPATH\CodeIgniter.php(502): CodeIgniter\CodeIgniter->runController(Object(App\Controllers\komik))
 8 SYSTEMPATH\CodeIgniter.php(361): CodeIgniter\CodeIgniter->handleRequest(null, Object(Config\Cache), false)
 9 FCPATH\index.php(79): CodeIgniter\CodeIgniter->run()
10 SYSTEMPATH\Commands\Server\rewrite.php(47): require_once('C:\\xampp\\htdocs\\web-ti\\public\\index.php')
CRITICAL - 2024-01-31 02:41:25 --> ErrorException: Trying to access array offset on value of type null
in APPPATH\Views\komik\detail.php on line 11.
 1 APPPATH\Views\komik\detail.php(11): CodeIgniter\Debug\Exceptions->errorHandler(2, 'Trying to access array offset on value of type null', 'C:\\xampp\\htdocs\\web-ti\\app\\Views\\komik\\detail.php', 11)
 2 SYSTEMPATH\View\View.php(228): include('C:\\xampp\\htdocs\\web-ti\\app\\Views\\komik\\detail.php')
 3 SYSTEMPATH\View\View.php(231): CodeIgniter\View\View->CodeIgniter\View\{closure}()
 4 SYSTEMPATH\Common.php(1178): CodeIgniter\View\View->render('komik/detail', [], true)
 5 APPPATH\Controllers\komik.php(36): view('komik/detail', [...])
 6 SYSTEMPATH\CodeIgniter.php(941): App\Controllers\komik->detail('create')
 7 SYSTEMPATH\CodeIgniter.php(502): CodeIgniter\CodeIgniter->runController(Object(App\Controllers\komik))
 8 SYSTEMPATH\CodeIgniter.php(361): CodeIgniter\CodeIgniter->handleRequest(null, Object(Config\Cache), false)
 9 FCPATH\index.php(79): CodeIgniter\CodeIgniter->run()
10 SYSTEMPATH\Commands\Server\rewrite.php(47): require_once('C:\\xampp\\htdocs\\web-ti\\public\\index.php')
CRITICAL - 2024-01-31 02:41:53 --> ErrorException: Trying to access array offset on value of type null
in APPPATH\Views\komik\detail.php on line 11.
 1 APPPATH\Views\komik\detail.php(11): CodeIgniter\Debug\Exceptions->errorHandler(2, 'Trying to access array offset on value of type null', 'C:\\xampp\\htdocs\\web-ti\\app\\Views\\komik\\detail.php', 11)
 2 SYSTEMPATH\View\View.php(228): include('C:\\xampp\\htdocs\\web-ti\\app\\Views\\komik\\detail.php')
 3 SYSTEMPATH\View\View.php(231): CodeIgniter\View\View->CodeIgniter\View\{closure}()
 4 SYSTEMPATH\Common.php(1178): CodeIgniter\View\View->render('komik/detail', [], true)
 5 APPPATH\Controllers\komik.php(36): view('komik/detail', [...])
 6 SYSTEMPATH\CodeIgniter.php(941): App\Controllers\komik->detail('create')
 7 SYSTEMPATH\CodeIgniter.php(502): CodeIgniter\CodeIgniter->runController(Object(App\Controllers\komik))
 8 SYSTEMPATH\CodeIgniter.php(361): CodeIgniter\CodeIgniter->handleRequest(null, Object(Config\Cache), false)
 9 FCPATH\index.php(79): CodeIgniter\CodeIgniter->run()
10 SYSTEMPATH\Commands\Server\rewrite.php(47): require_once('C:\\xampp\\htdocs\\web-ti\\public\\index.php')
CRITICAL - 2024-01-31 02:46:50 --> ErrorException: Trying to access array offset on value of type null
in APPPATH\Views\komik\detail.php on line 11.
 1 APPPATH\Views\komik\detail.php(11): CodeIgniter\Debug\Exceptions->errorHandler(2, 'Trying to access array offset on value of type null', 'C:\\xampp\\htdocs\\web-ti\\app\\Views\\komik\\detail.php', 11)
 2 SYSTEMPATH\View\View.php(228): include('C:\\xampp\\htdocs\\web-ti\\app\\Views\\komik\\detail.php')
 3 SYSTEMPATH\View\View.php(231): CodeIgniter\View\View->CodeIgniter\View\{closure}()
 4 SYSTEMPATH\Common.php(1178): CodeIgniter\View\View->render('komik/detail', [], true)
 5 APPPATH\Controllers\komik.php(36): view('komik/detail', [...])
 6 SYSTEMPATH\CodeIgniter.php(941): App\Controllers\komik->detail('create')
 7 SYSTEMPATH\CodeIgniter.php(502): CodeIgniter\CodeIgniter->runController(Object(App\Controllers\komik))
 8 SYSTEMPATH\CodeIgniter.php(361): CodeIgniter\CodeIgniter->handleRequest(null, Object(Config\Cache), false)
 9 FCPATH\index.php(79): CodeIgniter\CodeIgniter->run()
10 SYSTEMPATH\Commands\Server\rewrite.php(47): require_once('C:\\xampp\\htdocs\\web-ti\\public\\index.php')
CRITICAL - 2024-01-31 02:47:51 --> ErrorException: Trying to access array offset on value of type null
in APPPATH\Views\komik\detail.php on line 11.
 1 APPPATH\Views\komik\detail.php(11): CodeIgniter\Debug\Exceptions->errorHandler(2, 'Trying to access array offset on value of type null', 'C:\\xampp\\htdocs\\web-ti\\app\\Views\\komik\\detail.php', 11)
 2 SYSTEMPATH\View\View.php(228): include('C:\\xampp\\htdocs\\web-ti\\app\\Views\\komik\\detail.php')
 3 SYSTEMPATH\View\View.php(231): CodeIgniter\View\View->CodeIgniter\View\{closure}()
 4 SYSTEMPATH\Common.php(1178): CodeIgniter\View\View->render('komik/detail', [], true)
 5 APPPATH\Controllers\komik.php(36): view('komik/detail', [...])
 6 SYSTEMPATH\CodeIgniter.php(941): App\Controllers\komik->detail('create')
 7 SYSTEMPATH\CodeIgniter.php(502): CodeIgniter\CodeIgniter->runController(Object(App\Controllers\komik))
 8 SYSTEMPATH\CodeIgniter.php(361): CodeIgniter\CodeIgniter->handleRequest(null, Object(Config\Cache), false)
 9 FCPATH\index.php(79): CodeIgniter\CodeIgniter->run()
10 SYSTEMPATH\Commands\Server\rewrite.php(47): require_once('C:\\xampp\\htdocs\\web-ti\\public\\index.php')
CRITICAL - 2024-01-31 02:47:54 --> ErrorException: Trying to access array offset on value of type null
in APPPATH\Views\komik\detail.php on line 11.
 1 APPPATH\Views\komik\detail.php(11): CodeIgniter\Debug\Exceptions->errorHandler(2, 'Trying to access array offset on value of type null', 'C:\\xampp\\htdocs\\web-ti\\app\\Views\\komik\\detail.php', 11)
 2 SYSTEMPATH\View\View.php(228): include('C:\\xampp\\htdocs\\web-ti\\app\\Views\\komik\\detail.php')
 3 SYSTEMPATH\View\View.php(231): CodeIgniter\View\View->CodeIgniter\View\{closure}()
 4 SYSTEMPATH\Common.php(1178): CodeIgniter\View\View->render('komik/detail', [], true)
 5 APPPATH\Controllers\komik.php(36): view('komik/detail', [...])
 6 SYSTEMPATH\CodeIgniter.php(941): App\Controllers\komik->detail('create')
 7 SYSTEMPATH\CodeIgniter.php(502): CodeIgniter\CodeIgniter->runController(Object(App\Controllers\komik))
 8 SYSTEMPATH\CodeIgniter.php(361): CodeIgniter\CodeIgniter->handleRequest(null, Object(Config\Cache), false)
 9 FCPATH\index.php(79): CodeIgniter\CodeIgniter->run()
10 SYSTEMPATH\Commands\Server\rewrite.php(47): require_once('C:\\xampp\\htdocs\\web-ti\\public\\index.php')
CRITICAL - 2024-01-31 02:47:55 --> ErrorException: Trying to access array offset on value of type null
in APPPATH\Views\komik\detail.php on line 11.
 1 APPPATH\Views\komik\detail.php(11): CodeIgniter\Debug\Exceptions->errorHandler(2, 'Trying to access array offset on value of type null', 'C:\\xampp\\htdocs\\web-ti\\app\\Views\\komik\\detail.php', 11)
 2 SYSTEMPATH\View\View.php(228): include('C:\\xampp\\htdocs\\web-ti\\app\\Views\\komik\\detail.php')
 3 SYSTEMPATH\View\View.php(231): CodeIgniter\View\View->CodeIgniter\View\{closure}()
 4 SYSTEMPATH\Common.php(1178): CodeIgniter\View\View->render('komik/detail', [], true)
 5 APPPATH\Controllers\komik.php(36): view('komik/detail', [...])
 6 SYSTEMPATH\CodeIgniter.php(941): App\Controllers\komik->detail('create')
 7 SYSTEMPATH\CodeIgniter.php(502): CodeIgniter\CodeIgniter->runController(Object(App\Controllers\komik))
 8 SYSTEMPATH\CodeIgniter.php(361): CodeIgniter\CodeIgniter->handleRequest(null, Object(Config\Cache), false)
 9 FCPATH\index.php(79): CodeIgniter\CodeIgniter->run()
10 SYSTEMPATH\Commands\Server\rewrite.php(47): require_once('C:\\xampp\\htdocs\\web-ti\\public\\index.php')
CRITICAL - 2024-01-31 02:48:21 --> ErrorException: Trying to access array offset on value of type null
in APPPATH\Views\komik\detail.php on line 11.
 1 APPPATH\Views\komik\detail.php(11): CodeIgniter\Debug\Exceptions->errorHandler(2, 'Trying to access array offset on value of type null', 'C:\\xampp\\htdocs\\web-ti\\app\\Views\\komik\\detail.php', 11)
 2 SYSTEMPATH\View\View.php(228): include('C:\\xampp\\htdocs\\web-ti\\app\\Views\\komik\\detail.php')
 3 SYSTEMPATH\View\View.php(231): CodeIgniter\View\View->CodeIgniter\View\{closure}()
 4 SYSTEMPATH\Common.php(1178): CodeIgniter\View\View->render('komik/detail', [], true)
 5 APPPATH\Controllers\komik.php(36): view('komik/detail', [...])
 6 SYSTEMPATH\CodeIgniter.php(941): App\Controllers\komik->detail('create')
 7 SYSTEMPATH\CodeIgniter.php(502): CodeIgniter\CodeIgniter->runController(Object(App\Controllers\komik))
 8 SYSTEMPATH\CodeIgniter.php(361): CodeIgniter\CodeIgniter->handleRequest(null, Object(Config\Cache), false)
 9 FCPATH\index.php(79): CodeIgniter\CodeIgniter->run()
10 SYSTEMPATH\Commands\Server\rewrite.php(47): require_once('C:\\xampp\\htdocs\\web-ti\\public\\index.php')
CRITICAL - 2024-01-31 02:49:41 --> ErrorException: Trying to access array offset on value of type null
in APPPATH\Views\komik\detail.php on line 11.
 1 APPPATH\Views\komik\detail.php(11): CodeIgniter\Debug\Exceptions->errorHandler(2, 'Trying to access array offset on value of type null', 'C:\\xampp\\htdocs\\web-ti\\app\\Views\\komik\\detail.php', 11)
 2 SYSTEMPATH\View\View.php(228): include('C:\\xampp\\htdocs\\web-ti\\app\\Views\\komik\\detail.php')
 3 SYSTEMPATH\View\View.php(231): CodeIgniter\View\View->CodeIgniter\View\{closure}()
 4 SYSTEMPATH\Common.php(1178): CodeIgniter\View\View->render('komik/detail', [], true)
 5 APPPATH\Controllers\komik.php(36): view('komik/detail', [...])
 6 SYSTEMPATH\CodeIgniter.php(941): App\Controllers\komik->detail('create')
 7 SYSTEMPATH\CodeIgniter.php(502): CodeIgniter\CodeIgniter->runController(Object(App\Controllers\komik))
 8 SYSTEMPATH\CodeIgniter.php(361): CodeIgniter\CodeIgniter->handleRequest(null, Object(Config\Cache), false)
 9 FCPATH\index.php(79): CodeIgniter\CodeIgniter->run()
10 SYSTEMPATH\Commands\Server\rewrite.php(47): require_once('C:\\xampp\\htdocs\\web-ti\\public\\index.php')
CRITICAL - 2024-01-31 02:58:53 --> ErrorException: Trying to access array offset on value of type null
in APPPATH\Views\komik\detail.php on line 11.
 1 APPPATH\Views\komik\detail.php(11): CodeIgniter\Debug\Exceptions->errorHandler(2, 'Trying to access array offset on value of type null', 'C:\\xampp\\htdocs\\web-ti\\app\\Views\\komik\\detail.php', 11)
 2 SYSTEMPATH\View\View.php(228): include('C:\\xampp\\htdocs\\web-ti\\app\\Views\\komik\\detail.php')
 3 SYSTEMPATH\View\View.php(231): CodeIgniter\View\View->CodeIgniter\View\{closure}()
 4 SYSTEMPATH\Common.php(1178): CodeIgniter\View\View->render('komik/detail', [], true)
 5 APPPATH\Controllers\komik.php(36): view('komik/detail', [...])
 6 SYSTEMPATH\CodeIgniter.php(941): App\Controllers\komik->detail('create')
 7 SYSTEMPATH\CodeIgniter.php(502): CodeIgniter\CodeIgniter->runController(Object(App\Controllers\komik))
 8 SYSTEMPATH\CodeIgniter.php(361): CodeIgniter\CodeIgniter->handleRequest(null, Object(Config\Cache), false)
 9 FCPATH\index.php(79): CodeIgniter\CodeIgniter->run()
10 SYSTEMPATH\Commands\Server\rewrite.php(47): require_once('C:\\xampp\\htdocs\\web-ti\\public\\index.php')
CRITICAL - 2024-01-31 02:58:59 --> ErrorException: Trying to access array offset on value of type null
in APPPATH\Views\komik\detail.php on line 11.
 1 APPPATH\Views\komik\detail.php(11): CodeIgniter\Debug\Exceptions->errorHandler(2, 'Trying to access array offset on value of type null', 'C:\\xampp\\htdocs\\web-ti\\app\\Views\\komik\\detail.php', 11)
 2 SYSTEMPATH\View\View.php(228): include('C:\\xampp\\htdocs\\web-ti\\app\\Views\\komik\\detail.php')
 3 SYSTEMPATH\View\View.php(231): CodeIgniter\View\View->CodeIgniter\View\{closure}()
 4 SYSTEMPATH\Common.php(1178): CodeIgniter\View\View->render('komik/detail', [], true)
 5 APPPATH\Controllers\komik.php(36): view('komik/detail', [...])
 6 SYSTEMPATH\CodeIgniter.php(941): App\Controllers\komik->detail('create')
 7 SYSTEMPATH\CodeIgniter.php(502): CodeIgniter\CodeIgniter->runController(Object(App\Controllers\komik))
 8 SYSTEMPATH\CodeIgniter.php(361): CodeIgniter\CodeIgniter->handleRequest(null, Object(Config\Cache), false)
 9 FCPATH\index.php(79): CodeIgniter\CodeIgniter->run()
10 SYSTEMPATH\Commands\Server\rewrite.php(47): require_once('C:\\xampp\\htdocs\\web-ti\\public\\index.php')
CRITICAL - 2024-01-31 02:59:17 --> ErrorException: Trying to access array offset on value of type null
in APPPATH\Views\komik\detail.php on line 11.
 1 APPPATH\Views\komik\detail.php(11): CodeIgniter\Debug\Exceptions->errorHandler(2, 'Trying to access array offset on value of type null', 'C:\\xampp\\htdocs\\web-ti\\app\\Views\\komik\\detail.php', 11)
 2 SYSTEMPATH\View\View.php(228): include('C:\\xampp\\htdocs\\web-ti\\app\\Views\\komik\\detail.php')
 3 SYSTEMPATH\View\View.php(231): CodeIgniter\View\View->CodeIgniter\View\{closure}()
 4 SYSTEMPATH\Common.php(1178): CodeIgniter\View\View->render('komik/detail', [], true)
 5 APPPATH\Controllers\komik.php(36): view('komik/detail', [...])
 6 SYSTEMPATH\CodeIgniter.php(941): App\Controllers\komik->detail('create')
 7 SYSTEMPATH\CodeIgniter.php(502): CodeIgniter\CodeIgniter->runController(Object(App\Controllers\komik))
 8 SYSTEMPATH\CodeIgniter.php(361): CodeIgniter\CodeIgniter->handleRequest(null, Object(Config\Cache), false)
 9 FCPATH\index.php(79): CodeIgniter\CodeIgniter->run()
10 SYSTEMPATH\Commands\Server\rewrite.php(47): require_once('C:\\xampp\\htdocs\\web-ti\\public\\index.php')
CRITICAL - 2024-01-31 03:10:26 --> ErrorException: Trying to access array offset on value of type null
in APPPATH\Views\komik\detail.php on line 11.
 1 APPPATH\Views\komik\detail.php(11): CodeIgniter\Debug\Exceptions->errorHandler(2, 'Trying to access array offset on value of type null', 'C:\\xampp\\htdocs\\web-ti\\app\\Views\\komik\\detail.php', 11)
 2 SYSTEMPATH\View\View.php(228): include('C:\\xampp\\htdocs\\web-ti\\app\\Views\\komik\\detail.php')
 3 SYSTEMPATH\View\View.php(231): CodeIgniter\View\View->CodeIgniter\View\{closure}()
 4 SYSTEMPATH\Common.php(1178): CodeIgniter\View\View->render('komik/detail', [], true)
 5 APPPATH\Controllers\komik.php(36): view('komik/detail', [...])
 6 SYSTEMPATH\CodeIgniter.php(941): App\Controllers\komik->detail('create')
 7 SYSTEMPATH\CodeIgniter.php(502): CodeIgniter\CodeIgniter->runController(Object(App\Controllers\komik))
 8 SYSTEMPATH\CodeIgniter.php(361): CodeIgniter\CodeIgniter->handleRequest(null, Object(Config\Cache), false)
 9 FCPATH\index.php(79): CodeIgniter\CodeIgniter->run()
10 SYSTEMPATH\Commands\Server\rewrite.php(47): require_once('C:\\xampp\\htdocs\\web-ti\\public\\index.php')
CRITICAL - 2024-01-31 03:11:01 --> ErrorException: Trying to access array offset on value of type null
in APPPATH\Views\komik\detail.php on line 11.
 1 APPPATH\Views\komik\detail.php(11): CodeIgniter\Debug\Exceptions->errorHandler(2, 'Trying to access array offset on value of type null', 'C:\\xampp\\htdocs\\web-ti\\app\\Views\\komik\\detail.php', 11)
 2 SYSTEMPATH\View\View.php(228): include('C:\\xampp\\htdocs\\web-ti\\app\\Views\\komik\\detail.php')
 3 SYSTEMPATH\View\View.php(231): CodeIgniter\View\View->CodeIgniter\View\{closure}()
 4 SYSTEMPATH\Common.php(1178): CodeIgniter\View\View->render('komik/detail', [], true)
 5 APPPATH\Controllers\komik.php(36): view('komik/detail', [...])
 6 SYSTEMPATH\CodeIgniter.php(941): App\Controllers\komik->detail('create')
 7 SYSTEMPATH\CodeIgniter.php(502): CodeIgniter\CodeIgniter->runController(Object(App\Controllers\komik))
 8 SYSTEMPATH\CodeIgniter.php(361): CodeIgniter\CodeIgniter->handleRequest(null, Object(Config\Cache), false)
 9 FCPATH\index.php(79): CodeIgniter\CodeIgniter->run()
10 SYSTEMPATH\Commands\Server\rewrite.php(47): require_once('C:\\xampp\\htdocs\\web-ti\\public\\index.php')
CRITICAL - 2024-01-31 03:23:57 --> ErrorException: Trying to access array offset on value of type null
in APPPATH\Views\komik\detail.php on line 11.
 1 APPPATH\Views\komik\detail.php(11): CodeIgniter\Debug\Exceptions->errorHandler(2, 'Trying to access array offset on value of type null', 'C:\\xampp\\htdocs\\web-ti\\app\\Views\\komik\\detail.php', 11)
 2 SYSTEMPATH\View\View.php(228): include('C:\\xampp\\htdocs\\web-ti\\app\\Views\\komik\\detail.php')
 3 SYSTEMPATH\View\View.php(231): CodeIgniter\View\View->CodeIgniter\View\{closure}()
 4 SYSTEMPATH\Common.php(1178): CodeIgniter\View\View->render('komik/detail', [], true)
 5 APPPATH\Controllers\komik.php(36): view('komik/detail', [...])
 6 SYSTEMPATH\CodeIgniter.php(941): App\Controllers\komik->detail('create')
 7 SYSTEMPATH\CodeIgniter.php(502): CodeIgniter\CodeIgniter->runController(Object(App\Controllers\komik))
 8 SYSTEMPATH\CodeIgniter.php(361): CodeIgniter\CodeIgniter->handleRequest(null, Object(Config\Cache), false)
 9 FCPATH\index.php(79): CodeIgniter\CodeIgniter->run()
10 SYSTEMPATH\Commands\Server\rewrite.php(47): require_once('C:\\xampp\\htdocs\\web-ti\\public\\index.php')
CRITICAL - 2024-01-31 03:24:31 --> ErrorException: Trying to access array offset on value of type null
in APPPATH\Views\komik\detail.php on line 11.
 1 APPPATH\Views\komik\detail.php(11): CodeIgniter\Debug\Exceptions->errorHandler(2, 'Trying to access array offset on value of type null', 'C:\\xampp\\htdocs\\web-ti\\app\\Views\\komik\\detail.php', 11)
 2 SYSTEMPATH\View\View.php(228): include('C:\\xampp\\htdocs\\web-ti\\app\\Views\\komik\\detail.php')
 3 SYSTEMPATH\View\View.php(231): CodeIgniter\View\View->CodeIgniter\View\{closure}()
 4 SYSTEMPATH\Common.php(1178): CodeIgniter\View\View->render('komik/detail', [], true)
 5 APPPATH\Controllers\komik.php(36): view('komik/detail', [...])
 6 SYSTEMPATH\CodeIgniter.php(941): App\Controllers\komik->detail('create')
 7 SYSTEMPATH\CodeIgniter.php(502): CodeIgniter\CodeIgniter->runController(Object(App\Controllers\komik))
 8 SYSTEMPATH\CodeIgniter.php(361): CodeIgniter\CodeIgniter->handleRequest(null, Object(Config\Cache), false)
 9 FCPATH\index.php(79): CodeIgniter\CodeIgniter->run()
10 SYSTEMPATH\Commands\Server\rewrite.php(47): require_once('C:\\xampp\\htdocs\\web-ti\\public\\index.php')
CRITICAL - 2024-01-31 03:29:02 --> ErrorException: Trying to access array offset on value of type null
in APPPATH\Views\komik\detail.php on line 11.
 1 APPPATH\Views\komik\detail.php(11): CodeIgniter\Debug\Exceptions->errorHandler(2, 'Trying to access array offset on value of type null', 'C:\\xampp\\htdocs\\web-ti\\app\\Views\\komik\\detail.php', 11)
 2 SYSTEMPATH\View\View.php(228): include('C:\\xampp\\htdocs\\web-ti\\app\\Views\\komik\\detail.php')
 3 SYSTEMPATH\View\View.php(231): CodeIgniter\View\View->CodeIgniter\View\{closure}()
 4 SYSTEMPATH\Common.php(1178): CodeIgniter\View\View->render('komik/detail', [], true)
 5 APPPATH\Controllers\komik.php(36): view('komik/detail', [...])
 6 SYSTEMPATH\CodeIgniter.php(941): App\Controllers\komik->detail('create')
 7 SYSTEMPATH\CodeIgniter.php(502): CodeIgniter\CodeIgniter->runController(Object(App\Controllers\komik))
 8 SYSTEMPATH\CodeIgniter.php(361): CodeIgniter\CodeIgniter->handleRequest(null, Object(Config\Cache), false)
 9 FCPATH\index.php(79): CodeIgniter\CodeIgniter->run()
10 SYSTEMPATH\Commands\Server\rewrite.php(47): require_once('C:\\xampp\\htdocs\\web-ti\\public\\index.php')
CRITICAL - 2024-01-31 03:38:05 --> ErrorException: Trying to access array offset on value of type null
in APPPATH\Views\komik\detail.php on line 11.
 1 APPPATH\Views\komik\detail.php(11): CodeIgniter\Debug\Exceptions->errorHandler(2, 'Trying to access array offset on value of type null', 'C:\\xampp\\htdocs\\web-ti\\app\\Views\\komik\\detail.php', 11)
 2 SYSTEMPATH\View\View.php(228): include('C:\\xampp\\htdocs\\web-ti\\app\\Views\\komik\\detail.php')
 3 SYSTEMPATH\View\View.php(231): CodeIgniter\View\View->CodeIgniter\View\{closure}()
 4 SYSTEMPATH\Common.php(1178): CodeIgniter\View\View->render('komik/detail', [], true)
 5 APPPATH\Controllers\komik.php(36): view('komik/detail', [...])
 6 SYSTEMPATH\CodeIgniter.php(941): App\Controllers\komik->detail('create')
 7 SYSTEMPATH\CodeIgniter.php(502): CodeIgniter\CodeIgniter->runController(Object(App\Controllers\komik))
 8 SYSTEMPATH\CodeIgniter.php(361): CodeIgniter\CodeIgniter->handleRequest(null, Object(Config\Cache), false)
 9 FCPATH\index.php(79): CodeIgniter\CodeIgniter->run()
10 SYSTEMPATH\Commands\Server\rewrite.php(47): require_once('C:\\xampp\\htdocs\\web-ti\\public\\index.php')
CRITICAL - 2024-01-31 03:38:09 --> ErrorException: Trying to access array offset on value of type null
in APPPATH\Views\komik\detail.php on line 11.
 1 APPPATH\Views\komik\detail.php(11): CodeIgniter\Debug\Exceptions->errorHandler(2, 'Trying to access array offset on value of type null', 'C:\\xampp\\htdocs\\web-ti\\app\\Views\\komik\\detail.php', 11)
 2 SYSTEMPATH\View\View.php(228): include('C:\\xampp\\htdocs\\web-ti\\app\\Views\\komik\\detail.php')
 3 SYSTEMPATH\View\View.php(231): CodeIgniter\View\View->CodeIgniter\View\{closure}()
 4 SYSTEMPATH\Common.php(1178): CodeIgniter\View\View->render('komik/detail', [], true)
 5 APPPATH\Controllers\komik.php(36): view('komik/detail', [...])
 6 SYSTEMPATH\CodeIgniter.php(941): App\Controllers\komik->detail('create')
 7 SYSTEMPATH\CodeIgniter.php(502): CodeIgniter\CodeIgniter->runController(Object(App\Controllers\komik))
 8 SYSTEMPATH\CodeIgniter.php(361): CodeIgniter\CodeIgniter->handleRequest(null, Object(Config\Cache), false)
 9 FCPATH\index.php(79): CodeIgniter\CodeIgniter->run()
10 SYSTEMPATH\Commands\Server\rewrite.php(47): require_once('C:\\xampp\\htdocs\\web-ti\\public\\index.php')
CRITICAL - 2024-01-31 03:52:29 --> ErrorException: Trying to access array offset on value of type null
in APPPATH\Views\komik\detail.php on line 11.
 1 APPPATH\Views\komik\detail.php(11): CodeIgniter\Debug\Exceptions->errorHandler(2, 'Trying to access array offset on value of type null', 'C:\\xampp\\htdocs\\web-ti\\app\\Views\\komik\\detail.php', 11)
 2 SYSTEMPATH\View\View.php(228): include('C:\\xampp\\htdocs\\web-ti\\app\\Views\\komik\\detail.php')
 3 SYSTEMPATH\View\View.php(231): CodeIgniter\View\View->CodeIgniter\View\{closure}()
 4 SYSTEMPATH\Common.php(1178): CodeIgniter\View\View->render('komik/detail', [], true)
 5 APPPATH\Controllers\komik.php(36): view('komik/detail', [...])
 6 SYSTEMPATH\CodeIgniter.php(941): App\Controllers\komik->detail('create')
 7 SYSTEMPATH\CodeIgniter.php(502): CodeIgniter\CodeIgniter->runController(Object(App\Controllers\komik))
 8 SYSTEMPATH\CodeIgniter.php(361): CodeIgniter\CodeIgniter->handleRequest(null, Object(Config\Cache), false)
 9 FCPATH\index.php(79): CodeIgniter\CodeIgniter->run()
10 SYSTEMPATH\Commands\Server\rewrite.php(47): require_once('C:\\xampp\\htdocs\\web-ti\\public\\index.php')
CRITICAL - 2024-01-31 04:35:23 --> ErrorException: Trying to access array offset on value of type null
in APPPATH\Views\komik\detail.php on line 11.
 1 APPPATH\Views\komik\detail.php(11): CodeIgniter\Debug\Exceptions->errorHandler(2, 'Trying to access array offset on value of type null', 'C:\\xampp\\htdocs\\web-ti\\app\\Views\\komik\\detail.php', 11)
 2 SYSTEMPATH\View\View.php(228): include('C:\\xampp\\htdocs\\web-ti\\app\\Views\\komik\\detail.php')
 3 SYSTEMPATH\View\View.php(231): CodeIgniter\View\View->CodeIgniter\View\{closure}()
 4 SYSTEMPATH\Common.php(1178): CodeIgniter\View\View->render('komik/detail', [], true)
 5 APPPATH\Controllers\komik.php(36): view('komik/detail', [...])
 6 SYSTEMPATH\CodeIgniter.php(941): App\Controllers\komik->detail('create')
 7 SYSTEMPATH\CodeIgniter.php(502): CodeIgniter\CodeIgniter->runController(Object(App\Controllers\komik))
 8 SYSTEMPATH\CodeIgniter.php(361): CodeIgniter\CodeIgniter->handleRequest(null, Object(Config\Cache), false)
 9 FCPATH\index.php(79): CodeIgniter\CodeIgniter->run()
10 SYSTEMPATH\Commands\Server\rewrite.php(47): require_once('C:\\xampp\\htdocs\\web-ti\\public\\index.php')
CRITICAL - 2024-01-31 04:36:16 --> ErrorException: Trying to access array offset on value of type null
in APPPATH\Views\komik\detail.php on line 11.
 1 APPPATH\Views\komik\detail.php(11): CodeIgniter\Debug\Exceptions->errorHandler(2, 'Trying to access array offset on value of type null', 'C:\\xampp\\htdocs\\web-ti\\app\\Views\\komik\\detail.php', 11)
 2 SYSTEMPATH\View\View.php(228): include('C:\\xampp\\htdocs\\web-ti\\app\\Views\\komik\\detail.php')
 3 SYSTEMPATH\View\View.php(231): CodeIgniter\View\View->CodeIgniter\View\{closure}()
 4 SYSTEMPATH\Common.php(1178): CodeIgniter\View\View->render('komik/detail', [], true)
 5 APPPATH\Controllers\komik.php(36): view('komik/detail', [...])
 6 SYSTEMPATH\CodeIgniter.php(941): App\Controllers\komik->detail('create')
 7 SYSTEMPATH\CodeIgniter.php(502): CodeIgniter\CodeIgniter->runController(Object(App\Controllers\komik))
 8 SYSTEMPATH\CodeIgniter.php(361): CodeIgniter\CodeIgniter->handleRequest(null, Object(Config\Cache), false)
 9 FCPATH\index.php(79): CodeIgniter\CodeIgniter->run()
10 SYSTEMPATH\Commands\Server\rewrite.php(47): require_once('C:\\xampp\\htdocs\\web-ti\\public\\index.php')
CRITICAL - 2024-01-31 04:36:17 --> ErrorException: Trying to access array offset on value of type null
in APPPATH\Views\komik\detail.php on line 11.
 1 APPPATH\Views\komik\detail.php(11): CodeIgniter\Debug\Exceptions->errorHandler(2, 'Trying to access array offset on value of type null', 'C:\\xampp\\htdocs\\web-ti\\app\\Views\\komik\\detail.php', 11)
 2 SYSTEMPATH\View\View.php(228): include('C:\\xampp\\htdocs\\web-ti\\app\\Views\\komik\\detail.php')
 3 SYSTEMPATH\View\View.php(231): CodeIgniter\View\View->CodeIgniter\View\{closure}()
 4 SYSTEMPATH\Common.php(1178): CodeIgniter\View\View->render('komik/detail', [], true)
 5 APPPATH\Controllers\komik.php(36): view('komik/detail', [...])
 6 SYSTEMPATH\CodeIgniter.php(941): App\Controllers\komik->detail('create')
 7 SYSTEMPATH\CodeIgniter.php(502): CodeIgniter\CodeIgniter->runController(Object(App\Controllers\komik))
 8 SYSTEMPATH\CodeIgniter.php(361): CodeIgniter\CodeIgniter->handleRequest(null, Object(Config\Cache), false)
 9 FCPATH\index.php(79): CodeIgniter\CodeIgniter->run()
10 SYSTEMPATH\Commands\Server\rewrite.php(47): require_once('C:\\xampp\\htdocs\\web-ti\\public\\index.php')
CRITICAL - 2024-01-31 04:36:17 --> ErrorException: Trying to access array offset on value of type null
in APPPATH\Views\komik\detail.php on line 11.
 1 APPPATH\Views\komik\detail.php(11): CodeIgniter\Debug\Exceptions->errorHandler(2, 'Trying to access array offset on value of type null', 'C:\\xampp\\htdocs\\web-ti\\app\\Views\\komik\\detail.php', 11)
 2 SYSTEMPATH\View\View.php(228): include('C:\\xampp\\htdocs\\web-ti\\app\\Views\\komik\\detail.php')
 3 SYSTEMPATH\View\View.php(231): CodeIgniter\View\View->CodeIgniter\View\{closure}()
 4 SYSTEMPATH\Common.php(1178): CodeIgniter\View\View->render('komik/detail', [], true)
 5 APPPATH\Controllers\komik.php(36): view('komik/detail', [...])
 6 SYSTEMPATH\CodeIgniter.php(941): App\Controllers\komik->detail('create')
 7 SYSTEMPATH\CodeIgniter.php(502): CodeIgniter\CodeIgniter->runController(Object(App\Controllers\komik))
 8 SYSTEMPATH\CodeIgniter.php(361): CodeIgniter\CodeIgniter->handleRequest(null, Object(Config\Cache), false)
 9 FCPATH\index.php(79): CodeIgniter\CodeIgniter->run()
10 SYSTEMPATH\Commands\Server\rewrite.php(47): require_once('C:\\xampp\\htdocs\\web-ti\\public\\index.php')
CRITICAL - 2024-01-31 04:36:18 --> ErrorException: Trying to access array offset on value of type null
in APPPATH\Views\komik\detail.php on line 11.
 1 APPPATH\Views\komik\detail.php(11): CodeIgniter\Debug\Exceptions->errorHandler(2, 'Trying to access array offset on value of type null', 'C:\\xampp\\htdocs\\web-ti\\app\\Views\\komik\\detail.php', 11)
 2 SYSTEMPATH\View\View.php(228): include('C:\\xampp\\htdocs\\web-ti\\app\\Views\\komik\\detail.php')
 3 SYSTEMPATH\View\View.php(231): CodeIgniter\View\View->CodeIgniter\View\{closure}()
 4 SYSTEMPATH\Common.php(1178): CodeIgniter\View\View->render('komik/detail', [], true)
 5 APPPATH\Controllers\komik.php(36): view('komik/detail', [...])
 6 SYSTEMPATH\CodeIgniter.php(941): App\Controllers\komik->detail('create')
 7 SYSTEMPATH\CodeIgniter.php(502): CodeIgniter\CodeIgniter->runController(Object(App\Controllers\komik))
 8 SYSTEMPATH\CodeIgniter.php(361): CodeIgniter\CodeIgniter->handleRequest(null, Object(Config\Cache), false)
 9 FCPATH\index.php(79): CodeIgniter\CodeIgniter->run()
10 SYSTEMPATH\Commands\Server\rewrite.php(47): require_once('C:\\xampp\\htdocs\\web-ti\\public\\index.php')
CRITICAL - 2024-01-31 04:36:18 --> ErrorException: Trying to access array offset on value of type null
in APPPATH\Views\komik\detail.php on line 11.
 1 APPPATH\Views\komik\detail.php(11): CodeIgniter\Debug\Exceptions->errorHandler(2, 'Trying to access array offset on value of type null', 'C:\\xampp\\htdocs\\web-ti\\app\\Views\\komik\\detail.php', 11)
 2 SYSTEMPATH\View\View.php(228): include('C:\\xampp\\htdocs\\web-ti\\app\\Views\\komik\\detail.php')
 3 SYSTEMPATH\View\View.php(231): CodeIgniter\View\View->CodeIgniter\View\{closure}()
 4 SYSTEMPATH\Common.php(1178): CodeIgniter\View\View->render('komik/detail', [], true)
 5 APPPATH\Controllers\komik.php(36): view('komik/detail', [...])
 6 SYSTEMPATH\CodeIgniter.php(941): App\Controllers\komik->detail('create')
 7 SYSTEMPATH\CodeIgniter.php(502): CodeIgniter\CodeIgniter->runController(Object(App\Controllers\komik))
 8 SYSTEMPATH\CodeIgniter.php(361): CodeIgniter\CodeIgniter->handleRequest(null, Object(Config\Cache), false)
 9 FCPATH\index.php(79): CodeIgniter\CodeIgniter->run()
10 SYSTEMPATH\Commands\Server\rewrite.php(47): require_once('C:\\xampp\\htdocs\\web-ti\\public\\index.php')
CRITICAL - 2024-01-31 04:37:23 --> ErrorException: Trying to access array offset on value of type null
in APPPATH\Views\komik\detail.php on line 11.
 1 APPPATH\Views\komik\detail.php(11): CodeIgniter\Debug\Exceptions->errorHandler(2, 'Trying to access array offset on value of type null', 'C:\\xampp\\htdocs\\web-ti\\app\\Views\\komik\\detail.php', 11)
 2 SYSTEMPATH\View\View.php(228): include('C:\\xampp\\htdocs\\web-ti\\app\\Views\\komik\\detail.php')
 3 SYSTEMPATH\View\View.php(231): CodeIgniter\View\View->CodeIgniter\View\{closure}()
 4 SYSTEMPATH\Common.php(1178): CodeIgniter\View\View->render('komik/detail', [], true)
 5 APPPATH\Controllers\komik.php(36): view('komik/detail', [...])
 6 SYSTEMPATH\CodeIgniter.php(941): App\Controllers\komik->detail('create')
 7 SYSTEMPATH\CodeIgniter.php(502): CodeIgniter\CodeIgniter->runController(Object(App\Controllers\komik))
 8 SYSTEMPATH\CodeIgniter.php(361): CodeIgniter\CodeIgniter->handleRequest(null, Object(Config\Cache), false)
 9 FCPATH\index.php(79): CodeIgniter\CodeIgniter->run()
10 SYSTEMPATH\Commands\Server\rewrite.php(47): require_once('C:\\xampp\\htdocs\\web-ti\\public\\index.php')
CRITICAL - 2024-01-31 05:03:21 --> ErrorException: Trying to access array offset on value of type null
in APPPATH\Views\komik\detail.php on line 11.
 1 APPPATH\Views\komik\detail.php(11): CodeIgniter\Debug\Exceptions->errorHandler(2, 'Trying to access array offset on value of type null', 'C:\\xampp\\htdocs\\web-ti\\app\\Views\\komik\\detail.php', 11)
 2 SYSTEMPATH\View\View.php(228): include('C:\\xampp\\htdocs\\web-ti\\app\\Views\\komik\\detail.php')
 3 SYSTEMPATH\View\View.php(231): CodeIgniter\View\View->CodeIgniter\View\{closure}()
 4 SYSTEMPATH\Common.php(1178): CodeIgniter\View\View->render('komik/detail', [], true)
 5 APPPATH\Controllers\komik.php(36): view('komik/detail', [...])
 6 SYSTEMPATH\CodeIgniter.php(941): App\Controllers\komik->detail('create')
 7 SYSTEMPATH\CodeIgniter.php(502): CodeIgniter\CodeIgniter->runController(Object(App\Controllers\komik))
 8 SYSTEMPATH\CodeIgniter.php(361): CodeIgniter\CodeIgniter->handleRequest(null, Object(Config\Cache), false)
 9 FCPATH\index.php(79): CodeIgniter\CodeIgniter->run()
10 SYSTEMPATH\Commands\Server\rewrite.php(47): require_once('C:\\xampp\\htdocs\\web-ti\\public\\index.php')
CRITICAL - 2024-01-31 05:05:49 --> ErrorException: Undefined variable $routes
in APPPATH\Views\komik\detail.php on line 11.
 1 APPPATH\Views\komik\detail.php(11): CodeIgniter\Debug\Exceptions->errorHandler(2, 'Undefined variable $routes', 'C:\\xampp\\htdocs\\web-ti\\app\\Views\\komik\\detail.php', 11)
 2 SYSTEMPATH\View\View.php(228): include('C:\\xampp\\htdocs\\web-ti\\app\\Views\\komik\\detail.php')
 3 SYSTEMPATH\View\View.php(231): CodeIgniter\View\View->CodeIgniter\View\{closure}()
 4 SYSTEMPATH\Common.php(1178): CodeIgniter\View\View->render('komik/detail', [], true)
 5 APPPATH\Controllers\komik.php(36): view('komik/detail', [...])
 6 SYSTEMPATH\CodeIgniter.php(941): App\Controllers\komik->detail('create')
 7 SYSTEMPATH\CodeIgniter.php(502): CodeIgniter\CodeIgniter->runController(Object(App\Controllers\komik))
 8 SYSTEMPATH\CodeIgniter.php(361): CodeIgniter\CodeIgniter->handleRequest(null, Object(Config\Cache), false)
 9 FCPATH\index.php(79): CodeIgniter\CodeIgniter->run()
10 SYSTEMPATH\Commands\Server\rewrite.php(47): require_once('C:\\xampp\\htdocs\\web-ti\\public\\index.php')
CRITICAL - 2024-01-31 05:06:37 --> ErrorException: Trying to access array offset on value of type null
in APPPATH\Views\komik\detail.php on line 11.
 1 APPPATH\Views\komik\detail.php(11): CodeIgniter\Debug\Exceptions->errorHandler(2, 'Trying to access array offset on value of type null', 'C:\\xampp\\htdocs\\web-ti\\app\\Views\\komik\\detail.php', 11)
 2 SYSTEMPATH\View\View.php(228): include('C:\\xampp\\htdocs\\web-ti\\app\\Views\\komik\\detail.php')
 3 SYSTEMPATH\View\View.php(231): CodeIgniter\View\View->CodeIgniter\View\{closure}()
 4 SYSTEMPATH\Common.php(1178): CodeIgniter\View\View->render('komik/detail', [], true)
 5 APPPATH\Controllers\komik.php(36): view('komik/detail', [...])
 6 SYSTEMPATH\CodeIgniter.php(941): App\Controllers\komik->detail('create')
 7 SYSTEMPATH\CodeIgniter.php(502): CodeIgniter\CodeIgniter->runController(Object(App\Controllers\komik))
 8 SYSTEMPATH\CodeIgniter.php(361): CodeIgniter\CodeIgniter->handleRequest(null, Object(Config\Cache), false)
 9 FCPATH\index.php(79): CodeIgniter\CodeIgniter->run()
10 SYSTEMPATH\Commands\Server\rewrite.php(47): require_once('C:\\xampp\\htdocs\\web-ti\\public\\index.php')
CRITICAL - 2024-01-31 05:06:59 --> ErrorException: Trying to access array offset on value of type null
in APPPATH\Views\komik\detail.php on line 12.
 1 APPPATH\Views\komik\detail.php(12): CodeIgniter\Debug\Exceptions->errorHandler(2, 'Trying to access array offset on value of type null', 'C:\\xampp\\htdocs\\web-ti\\app\\Views\\komik\\detail.php', 12)
 2 SYSTEMPATH\View\View.php(228): include('C:\\xampp\\htdocs\\web-ti\\app\\Views\\komik\\detail.php')
 3 SYSTEMPATH\View\View.php(231): CodeIgniter\View\View->CodeIgniter\View\{closure}()
 4 SYSTEMPATH\Common.php(1178): CodeIgniter\View\View->render('komik/detail', [], true)
 5 APPPATH\Controllers\komik.php(36): view('komik/detail', [...])
 6 SYSTEMPATH\CodeIgniter.php(941): App\Controllers\komik->detail('create')
 7 SYSTEMPATH\CodeIgniter.php(502): CodeIgniter\CodeIgniter->runController(Object(App\Controllers\komik))
 8 SYSTEMPATH\CodeIgniter.php(361): CodeIgniter\CodeIgniter->handleRequest(null, Object(Config\Cache), false)
 9 FCPATH\index.php(79): CodeIgniter\CodeIgniter->run()
10 SYSTEMPATH\Commands\Server\rewrite.php(47): require_once('C:\\xampp\\htdocs\\web-ti\\public\\index.php')
CRITICAL - 2024-01-31 05:07:21 --> ErrorException: Undefined variable $routes
in APPPATH\Views\komik\detail.php on line 11.
 1 APPPATH\Views\komik\detail.php(11): CodeIgniter\Debug\Exceptions->errorHandler(2, 'Undefined variable $routes', 'C:\\xampp\\htdocs\\web-ti\\app\\Views\\komik\\detail.php', 11)
 2 SYSTEMPATH\View\View.php(228): include('C:\\xampp\\htdocs\\web-ti\\app\\Views\\komik\\detail.php')
 3 SYSTEMPATH\View\View.php(231): CodeIgniter\View\View->CodeIgniter\View\{closure}()
 4 SYSTEMPATH\Common.php(1178): CodeIgniter\View\View->render('komik/detail', [], true)
 5 APPPATH\Controllers\komik.php(36): view('komik/detail', [...])
 6 SYSTEMPATH\CodeIgniter.php(941): App\Controllers\komik->detail('create')
 7 SYSTEMPATH\CodeIgniter.php(502): CodeIgniter\CodeIgniter->runController(Object(App\Controllers\komik))
 8 SYSTEMPATH\CodeIgniter.php(361): CodeIgniter\CodeIgniter->handleRequest(null, Object(Config\Cache), false)
 9 FCPATH\index.php(79): CodeIgniter\CodeIgniter->run()
10 SYSTEMPATH\Commands\Server\rewrite.php(47): require_once('C:\\xampp\\htdocs\\web-ti\\public\\index.php')
CRITICAL - 2024-01-31 05:09:12 --> ErrorException: Trying to access array offset on value of type null
in APPPATH\Views\komik\detail.php on line 12.
 1 APPPATH\Views\komik\detail.php(12): CodeIgniter\Debug\Exceptions->errorHandler(2, 'Trying to access array offset on value of type null', 'C:\\xampp\\htdocs\\web-ti\\app\\Views\\komik\\detail.php', 12)
 2 SYSTEMPATH\View\View.php(228): include('C:\\xampp\\htdocs\\web-ti\\app\\Views\\komik\\detail.php')
 3 SYSTEMPATH\View\View.php(231): CodeIgniter\View\View->CodeIgniter\View\{closure}()
 4 SYSTEMPATH\Common.php(1178): CodeIgniter\View\View->render('komik/detail', [], true)
 5 APPPATH\Controllers\komik.php(36): view('komik/detail', [...])
 6 SYSTEMPATH\CodeIgniter.php(941): App\Controllers\komik->detail('create')
 7 SYSTEMPATH\CodeIgniter.php(502): CodeIgniter\CodeIgniter->runController(Object(App\Controllers\komik))
 8 SYSTEMPATH\CodeIgniter.php(361): CodeIgniter\CodeIgniter->handleRequest(null, Object(Config\Cache), false)
 9 FCPATH\index.php(79): CodeIgniter\CodeIgniter->run()
10 SYSTEMPATH\Commands\Server\rewrite.php(47): require_once('C:\\xampp\\htdocs\\web-ti\\public\\index.php')
CRITICAL - 2024-01-31 05:16:41 --> ErrorException: Trying to access array offset on value of type null
in APPPATH\Views\komik\detail.php on line 12.
 1 APPPATH\Views\komik\detail.php(12): CodeIgniter\Debug\Exceptions->errorHandler(2, 'Trying to access array offset on value of type null', 'C:\\xampp\\htdocs\\web-ti\\app\\Views\\komik\\detail.php', 12)
 2 SYSTEMPATH\View\View.php(228): include('C:\\xampp\\htdocs\\web-ti\\app\\Views\\komik\\detail.php')
 3 SYSTEMPATH\View\View.php(231): CodeIgniter\View\View->CodeIgniter\View\{closure}()
 4 SYSTEMPATH\Common.php(1178): CodeIgniter\View\View->render('komik/detail', [], true)
 5 APPPATH\Controllers\komik.php(36): view('komik/detail', [...])
 6 SYSTEMPATH\CodeIgniter.php(941): App\Controllers\komik->detail('create')
 7 SYSTEMPATH\CodeIgniter.php(502): CodeIgniter\CodeIgniter->runController(Object(App\Controllers\komik))
 8 SYSTEMPATH\CodeIgniter.php(361): CodeIgniter\CodeIgniter->handleRequest(null, Object(Config\Cache), false)
 9 FCPATH\index.php(79): CodeIgniter\CodeIgniter->run()
10 SYSTEMPATH\Commands\Server\rewrite.php(47): require_once('C:\\xampp\\htdocs\\web-ti\\public\\index.php')
CRITICAL - 2024-01-31 06:01:43 --> ErrorException: Trying to access array offset on value of type null
in APPPATH\Views\komik\detail.php on line 13.
 1 APPPATH\Views\komik\detail.php(13): CodeIgniter\Debug\Exceptions->errorHandler(2, 'Trying to access array offset on value of type null', 'C:\\xampp\\htdocs\\web-ti\\app\\Views\\komik\\detail.php', 13)
 2 SYSTEMPATH\View\View.php(228): include('C:\\xampp\\htdocs\\web-ti\\app\\Views\\komik\\detail.php')
 3 SYSTEMPATH\View\View.php(231): CodeIgniter\View\View->CodeIgniter\View\{closure}()
 4 SYSTEMPATH\Common.php(1178): CodeIgniter\View\View->render('komik/detail', [], true)
 5 APPPATH\Controllers\komik.php(36): view('komik/detail', [...])
 6 SYSTEMPATH\CodeIgniter.php(941): App\Controllers\komik->detail('create')
 7 SYSTEMPATH\CodeIgniter.php(502): CodeIgniter\CodeIgniter->runController(Object(App\Controllers\komik))
 8 SYSTEMPATH\CodeIgniter.php(361): CodeIgniter\CodeIgniter->handleRequest(null, Object(Config\Cache), false)
 9 FCPATH\index.php(79): CodeIgniter\CodeIgniter->run()
10 SYSTEMPATH\Commands\Server\rewrite.php(47): require_once('C:\\xampp\\htdocs\\web-ti\\public\\index.php')
CRITICAL - 2024-01-31 06:02:41 --> ErrorException: Trying to access array offset on value of type null
in APPPATH\Views\komik\detail.php on line 12.
 1 APPPATH\Views\komik\detail.php(12): CodeIgniter\Debug\Exceptions->errorHandler(2, 'Trying to access array offset on value of type null', 'C:\\xampp\\htdocs\\web-ti\\app\\Views\\komik\\detail.php', 12)
 2 SYSTEMPATH\View\View.php(228): include('C:\\xampp\\htdocs\\web-ti\\app\\Views\\komik\\detail.php')
 3 SYSTEMPATH\View\View.php(231): CodeIgniter\View\View->CodeIgniter\View\{closure}()
 4 SYSTEMPATH\Common.php(1178): CodeIgniter\View\View->render('komik/detail', [], true)
 5 APPPATH\Controllers\komik.php(36): view('komik/detail', [...])
 6 SYSTEMPATH\CodeIgniter.php(941): App\Controllers\komik->detail('create')
 7 SYSTEMPATH\CodeIgniter.php(502): CodeIgniter\CodeIgniter->runController(Object(App\Controllers\komik))
 8 SYSTEMPATH\CodeIgniter.php(361): CodeIgniter\CodeIgniter->handleRequest(null, Object(Config\Cache), false)
 9 FCPATH\index.php(79): CodeIgniter\CodeIgniter->run()
10 SYSTEMPATH\Commands\Server\rewrite.php(47): require_once('C:\\xampp\\htdocs\\web-ti\\public\\index.php')
CRITICAL - 2024-01-31 06:05:46 --> ErrorException: Trying to access array offset on value of type null
in APPPATH\Views\komik\detail.php on line 12.
 1 APPPATH\Views\komik\detail.php(12): CodeIgniter\Debug\Exceptions->errorHandler(2, 'Trying to access array offset on value of type null', 'C:\\xampp\\htdocs\\web-ti\\app\\Views\\komik\\detail.php', 12)
 2 SYSTEMPATH\View\View.php(228): include('C:\\xampp\\htdocs\\web-ti\\app\\Views\\komik\\detail.php')
 3 SYSTEMPATH\View\View.php(231): CodeIgniter\View\View->CodeIgniter\View\{closure}()
 4 SYSTEMPATH\Common.php(1178): CodeIgniter\View\View->render('komik/detail', [], true)
 5 APPPATH\Controllers\komik.php(36): view('komik/detail', [...])
 6 SYSTEMPATH\CodeIgniter.php(941): App\Controllers\komik->detail('create')
 7 SYSTEMPATH\CodeIgniter.php(502): CodeIgniter\CodeIgniter->runController(Object(App\Controllers\komik))
 8 SYSTEMPATH\CodeIgniter.php(361): CodeIgniter\CodeIgniter->handleRequest(null, Object(Config\Cache), false)
 9 FCPATH\index.php(79): CodeIgniter\CodeIgniter->run()
10 SYSTEMPATH\Commands\Server\rewrite.php(47): require_once('C:\\xampp\\htdocs\\web-ti\\public\\index.php')
CRITICAL - 2024-01-31 06:13:21 --> ErrorException: Trying to access array offset on value of type null
in APPPATH\Views\komik\detail.php on line 12.
 1 APPPATH\Views\komik\detail.php(12): CodeIgniter\Debug\Exceptions->errorHandler(2, 'Trying to access array offset on value of type null', 'C:\\xampp\\htdocs\\web-ti\\app\\Views\\komik\\detail.php', 12)
 2 SYSTEMPATH\View\View.php(228): include('C:\\xampp\\htdocs\\web-ti\\app\\Views\\komik\\detail.php')
 3 SYSTEMPATH\View\View.php(231): CodeIgniter\View\View->CodeIgniter\View\{closure}()
 4 SYSTEMPATH\Common.php(1178): CodeIgniter\View\View->render('komik/detail', [], true)
 5 APPPATH\Controllers\komik.php(36): view('komik/detail', [...])
 6 SYSTEMPATH\CodeIgniter.php(941): App\Controllers\komik->detail('create')
 7 SYSTEMPATH\CodeIgniter.php(502): CodeIgniter\CodeIgniter->runController(Object(App\Controllers\komik))
 8 SYSTEMPATH\CodeIgniter.php(361): CodeIgniter\CodeIgniter->handleRequest(null, Object(Config\Cache), false)
 9 FCPATH\index.php(79): CodeIgniter\CodeIgniter->run()
10 SYSTEMPATH\Commands\Server\rewrite.php(47): require_once('C:\\xampp\\htdocs\\web-ti\\public\\index.php')
