ERROR - 2024-02-16 05:25:14 --> mysqli_sql_exception: Column 'lampiran' cannot be null in C:\xampp\htdocs\web-ti\system\Database\MySQLi\Connection.php:306
Stack trace:
#0 C:\xampp\htdocs\web-ti\system\Database\MySQLi\Connection.php(306): mysqli->query('INSERT INTO `le...', 0)
#1 C:\xampp\htdocs\web-ti\system\Database\BaseConnection.php(693): CodeIgniter\Database\MySQLi\Connection->execute('INSERT INTO `le...')
#2 C:\xampp\htdocs\web-ti\system\Database\BaseConnection.php(607): CodeIgniter\Database\BaseConnection->simpleQuery('INSERT INTO `le...')
#3 C:\xampp\htdocs\web-ti\system\Database\BaseBuilder.php(2302): CodeIgniter\Database\BaseConnection->query('INSERT INTO `le...', Array, false)
#4 C:\xampp\htdocs\web-ti\system\Model.php(326): CodeIgniter\Database\BaseBuilder->insert()
#5 C:\xampp\htdocs\web-ti\system\BaseModel.php(802): CodeIgniter\Model->doInsert(Array)
#6 C:\xampp\htdocs\web-ti\system\Model.php(744): CodeIgniter\BaseModel->insert(Array, true)
#7 C:\xampp\htdocs\web-ti\app\Controllers\letteradmin.php(52): CodeIgniter\Model->insert(Array)
#8 C:\xampp\htdocs\web-ti\system\CodeIgniter.php(941): App\Controllers\letterAdmin->create()
#9 C:\xampp\htdocs\web-ti\system\CodeIgniter.php(502): CodeIgniter\CodeIgniter->runController(Object(App\Controllers\letterAdmin))
#10 C:\xampp\htdocs\web-ti\system\CodeIgniter.php(361): CodeIgniter\CodeIgniter->handleRequest(NULL, Object(Config\Cache), false)
#11 C:\xampp\htdocs\web-ti\public\index.php(79): CodeIgniter\CodeIgniter->run()
#12 C:\xampp\htdocs\web-ti\system\Commands\Server\rewrite.php(47): require_once('C:\\xampp\\htdocs...')
#13 {main}
CRITICAL - 2024-02-16 05:25:14 --> CodeIgniter\Database\Exceptions\DatabaseException: Column 'lampiran' cannot be null
in SYSTEMPATH\Database\BaseConnection.php on line 647.
 1 SYSTEMPATH\Database\BaseBuilder.php(2302): CodeIgniter\Database\BaseConnection->query('INSERT INTO `letter` (`title`, `alamat`, `no`, `perihal`, `lampiran`, `content`, `tanggal`, `pengirim`, `status`, `slug`) VALUES (:title:, :alamat:, :no:, :perihal:, :lampiran:, :content:, :tanggal:, :pengirim:, :status:, :slug:)', [...], false)
 2 SYSTEMPATH\Model.php(326): CodeIgniter\Database\BaseBuilder->insert()
 3 SYSTEMPATH\BaseModel.php(802): CodeIgniter\Model->doInsert([...])
 4 SYSTEMPATH\Model.php(744): CodeIgniter\BaseModel->insert([...], true)
 5 APPPATH\Controllers\letteradmin.php(52): CodeIgniter\Model->insert([...])
 6 SYSTEMPATH\CodeIgniter.php(941): App\Controllers\letterAdmin->create()
 7 SYSTEMPATH\CodeIgniter.php(502): CodeIgniter\CodeIgniter->runController(Object(App\Controllers\letterAdmin))
 8 SYSTEMPATH\CodeIgniter.php(361): CodeIgniter\CodeIgniter->handleRequest(null, Object(Config\Cache), false)
 9 FCPATH\index.php(79): CodeIgniter\CodeIgniter->run()
10 SYSTEMPATH\Commands\Server\rewrite.php(47): require_once('C:\\xampp\\htdocs\\web-ti\\public\\index.php')
CRITICAL - 2024-02-16 05:25:14 --> [Caused by] CodeIgniter\Database\Exceptions\DatabaseException: Column 'lampiran' cannot be null
in SYSTEMPATH\Database\MySQLi\Connection.php on line 311.
 1 SYSTEMPATH\Database\BaseConnection.php(693): CodeIgniter\Database\MySQLi\Connection->execute('INSERT INTO `letter` (`title`, `alamat`, `no`, `perihal`, `lampiran`, `content`, `tanggal`, `pengirim`, `status`, `slug`) VALUES (\'ggujfgdsf\', \'fsttftfts\', \'sgsygxsgy\', \'syggssg\', NULL, \'asgsgasggsgsga\', \'gasgsag\', \'fcatysgsya\', \'published\', \'ggujfgdsf\')')
 2 SYSTEMPATH\Database\BaseConnection.php(607): CodeIgniter\Database\BaseConnection->simpleQuery('INSERT INTO `letter` (`title`, `alamat`, `no`, `perihal`, `lampiran`, `content`, `tanggal`, `pengirim`, `status`, `slug`) VALUES (\'ggujfgdsf\', \'fsttftfts\', \'sgsygxsgy\', \'syggssg\', NULL, \'asgsgasggsgsga\', \'gasgsag\', \'fcatysgsya\', \'published\', \'ggujfgdsf\')')
 3 SYSTEMPATH\Database\BaseBuilder.php(2302): CodeIgniter\Database\BaseConnection->query('INSERT INTO `letter` (`title`, `alamat`, `no`, `perihal`, `lampiran`, `content`, `tanggal`, `pengirim`, `status`, `slug`) VALUES (:title:, :alamat:, :no:, :perihal:, :lampiran:, :content:, :tanggal:, :pengirim:, :status:, :slug:)', [...], false)
 4 SYSTEMPATH\Model.php(326): CodeIgniter\Database\BaseBuilder->insert()
 5 SYSTEMPATH\BaseModel.php(802): CodeIgniter\Model->doInsert([...])
 6 SYSTEMPATH\Model.php(744): CodeIgniter\BaseModel->insert([...], true)
 7 APPPATH\Controllers\letteradmin.php(52): CodeIgniter\Model->insert([...])
 8 SYSTEMPATH\CodeIgniter.php(941): App\Controllers\letterAdmin->create()
 9 SYSTEMPATH\CodeIgniter.php(502): CodeIgniter\CodeIgniter->runController(Object(App\Controllers\letterAdmin))
10 SYSTEMPATH\CodeIgniter.php(361): CodeIgniter\CodeIgniter->handleRequest(null, Object(Config\Cache), false)
11 FCPATH\index.php(79): CodeIgniter\CodeIgniter->run()
12 SYSTEMPATH\Commands\Server\rewrite.php(47): require_once('C:\\xampp\\htdocs\\web-ti\\public\\index.php')
CRITICAL - 2024-02-16 05:25:14 --> [Caused by] mysqli_sql_exception: Column 'lampiran' cannot be null
in SYSTEMPATH\Database\MySQLi\Connection.php on line 306.
 1 SYSTEMPATH\Database\MySQLi\Connection.php(306): mysqli->query('INSERT INTO `letter` (`title`, `alamat`, `no`, `perihal`, `lampiran`, `content`, `tanggal`, `pengirim`, `status`, `slug`) VALUES (\'ggujfgdsf\', \'fsttftfts\', \'sgsygxsgy\', \'syggssg\', NULL, \'asgsgasggsgsga\', \'gasgsag\', \'fcatysgsya\', \'published\', \'ggujfgdsf\')', 0)
 2 SYSTEMPATH\Database\BaseConnection.php(693): CodeIgniter\Database\MySQLi\Connection->execute('INSERT INTO `letter` (`title`, `alamat`, `no`, `perihal`, `lampiran`, `content`, `tanggal`, `pengirim`, `status`, `slug`) VALUES (\'ggujfgdsf\', \'fsttftfts\', \'sgsygxsgy\', \'syggssg\', NULL, \'asgsgasggsgsga\', \'gasgsag\', \'fcatysgsya\', \'published\', \'ggujfgdsf\')')
 3 SYSTEMPATH\Database\BaseConnection.php(607): CodeIgniter\Database\BaseConnection->simpleQuery('INSERT INTO `letter` (`title`, `alamat`, `no`, `perihal`, `lampiran`, `content`, `tanggal`, `pengirim`, `status`, `slug`) VALUES (\'ggujfgdsf\', \'fsttftfts\', \'sgsygxsgy\', \'syggssg\', NULL, \'asgsgasggsgsga\', \'gasgsag\', \'fcatysgsya\', \'published\', \'ggujfgdsf\')')
 4 SYSTEMPATH\Database\BaseBuilder.php(2302): CodeIgniter\Database\BaseConnection->query('INSERT INTO `letter` (`title`, `alamat`, `no`, `perihal`, `lampiran`, `content`, `tanggal`, `pengirim`, `status`, `slug`) VALUES (:title:, :alamat:, :no:, :perihal:, :lampiran:, :content:, :tanggal:, :pengirim:, :status:, :slug:)', [...], false)
 5 SYSTEMPATH\Model.php(326): CodeIgniter\Database\BaseBuilder->insert()
 6 SYSTEMPATH\BaseModel.php(802): CodeIgniter\Model->doInsert([...])
 7 SYSTEMPATH\Model.php(744): CodeIgniter\BaseModel->insert([...], true)
 8 APPPATH\Controllers\letteradmin.php(52): CodeIgniter\Model->insert([...])
 9 SYSTEMPATH\CodeIgniter.php(941): App\Controllers\letterAdmin->create()
10 SYSTEMPATH\CodeIgniter.php(502): CodeIgniter\CodeIgniter->runController(Object(App\Controllers\letterAdmin))
11 SYSTEMPATH\CodeIgniter.php(361): CodeIgniter\CodeIgniter->handleRequest(null, Object(Config\Cache), false)
12 FCPATH\index.php(79): CodeIgniter\CodeIgniter->run()
13 SYSTEMPATH\Commands\Server\rewrite.php(47): require_once('C:\\xampp\\htdocs\\web-ti\\public\\index.php')
ERROR - 2024-02-16 05:28:36 --> mysqli_sql_exception: Column 'lampiran' cannot be null in C:\xampp\htdocs\web-ti\system\Database\MySQLi\Connection.php:306
Stack trace:
#0 C:\xampp\htdocs\web-ti\system\Database\MySQLi\Connection.php(306): mysqli->query('INSERT INTO `le...', 0)
#1 C:\xampp\htdocs\web-ti\system\Database\BaseConnection.php(693): CodeIgniter\Database\MySQLi\Connection->execute('INSERT INTO `le...')
#2 C:\xampp\htdocs\web-ti\system\Database\BaseConnection.php(607): CodeIgniter\Database\BaseConnection->simpleQuery('INSERT INTO `le...')
#3 C:\xampp\htdocs\web-ti\system\Database\BaseBuilder.php(2302): CodeIgniter\Database\BaseConnection->query('INSERT INTO `le...', Array, false)
#4 C:\xampp\htdocs\web-ti\system\Model.php(326): CodeIgniter\Database\BaseBuilder->insert()
#5 C:\xampp\htdocs\web-ti\system\BaseModel.php(802): CodeIgniter\Model->doInsert(Array)
#6 C:\xampp\htdocs\web-ti\system\Model.php(744): CodeIgniter\BaseModel->insert(Array, true)
#7 C:\xampp\htdocs\web-ti\app\Controllers\letteradmin.php(52): CodeIgniter\Model->insert(Array)
#8 C:\xampp\htdocs\web-ti\system\CodeIgniter.php(941): App\Controllers\letterAdmin->create()
#9 C:\xampp\htdocs\web-ti\system\CodeIgniter.php(502): CodeIgniter\CodeIgniter->runController(Object(App\Controllers\letterAdmin))
#10 C:\xampp\htdocs\web-ti\system\CodeIgniter.php(361): CodeIgniter\CodeIgniter->handleRequest(NULL, Object(Config\Cache), false)
#11 C:\xampp\htdocs\web-ti\public\index.php(79): CodeIgniter\CodeIgniter->run()
#12 C:\xampp\htdocs\web-ti\system\Commands\Server\rewrite.php(47): require_once('C:\\xampp\\htdocs...')
#13 {main}
CRITICAL - 2024-02-16 05:28:36 --> CodeIgniter\Database\Exceptions\DatabaseException: Column 'lampiran' cannot be null
in SYSTEMPATH\Database\BaseConnection.php on line 647.
 1 SYSTEMPATH\Database\BaseBuilder.php(2302): CodeIgniter\Database\BaseConnection->query('INSERT INTO `letter` (`title`, `alamat`, `no`, `perihal`, `lampiran`, `content`, `tanggal`, `pengirim`, `status`, `slug`) VALUES (:title:, :alamat:, :no:, :perihal:, :lampiran:, :content:, :tanggal:, :pengirim:, :status:, :slug:)', [...], false)
 2 SYSTEMPATH\Model.php(326): CodeIgniter\Database\BaseBuilder->insert()
 3 SYSTEMPATH\BaseModel.php(802): CodeIgniter\Model->doInsert([...])
 4 SYSTEMPATH\Model.php(744): CodeIgniter\BaseModel->insert([...], true)
 5 APPPATH\Controllers\letteradmin.php(52): CodeIgniter\Model->insert([...])
 6 SYSTEMPATH\CodeIgniter.php(941): App\Controllers\letterAdmin->create()
 7 SYSTEMPATH\CodeIgniter.php(502): CodeIgniter\CodeIgniter->runController(Object(App\Controllers\letterAdmin))
 8 SYSTEMPATH\CodeIgniter.php(361): CodeIgniter\CodeIgniter->handleRequest(null, Object(Config\Cache), false)
 9 FCPATH\index.php(79): CodeIgniter\CodeIgniter->run()
10 SYSTEMPATH\Commands\Server\rewrite.php(47): require_once('C:\\xampp\\htdocs\\web-ti\\public\\index.php')
CRITICAL - 2024-02-16 05:28:36 --> [Caused by] CodeIgniter\Database\Exceptions\DatabaseException: Column 'lampiran' cannot be null
in SYSTEMPATH\Database\MySQLi\Connection.php on line 311.
 1 SYSTEMPATH\Database\BaseConnection.php(693): CodeIgniter\Database\MySQLi\Connection->execute('INSERT INTO `letter` (`title`, `alamat`, `no`, `perihal`, `lampiran`, `content`, `tanggal`, `pengirim`, `status`, `slug`) VALUES (\'judul\', \'wano\', \'no : 123\', \'perihal : undangan\', NULL, \'gajah\', \'16/02/2024\', \'udin\', \'published\', \'judul\')')
 2 SYSTEMPATH\Database\BaseConnection.php(607): CodeIgniter\Database\BaseConnection->simpleQuery('INSERT INTO `letter` (`title`, `alamat`, `no`, `perihal`, `lampiran`, `content`, `tanggal`, `pengirim`, `status`, `slug`) VALUES (\'judul\', \'wano\', \'no : 123\', \'perihal : undangan\', NULL, \'gajah\', \'16/02/2024\', \'udin\', \'published\', \'judul\')')
 3 SYSTEMPATH\Database\BaseBuilder.php(2302): CodeIgniter\Database\BaseConnection->query('INSERT INTO `letter` (`title`, `alamat`, `no`, `perihal`, `lampiran`, `content`, `tanggal`, `pengirim`, `status`, `slug`) VALUES (:title:, :alamat:, :no:, :perihal:, :lampiran:, :content:, :tanggal:, :pengirim:, :status:, :slug:)', [...], false)
 4 SYSTEMPATH\Model.php(326): CodeIgniter\Database\BaseBuilder->insert()
 5 SYSTEMPATH\BaseModel.php(802): CodeIgniter\Model->doInsert([...])
 6 SYSTEMPATH\Model.php(744): CodeIgniter\BaseModel->insert([...], true)
 7 APPPATH\Controllers\letteradmin.php(52): CodeIgniter\Model->insert([...])
 8 SYSTEMPATH\CodeIgniter.php(941): App\Controllers\letterAdmin->create()
 9 SYSTEMPATH\CodeIgniter.php(502): CodeIgniter\CodeIgniter->runController(Object(App\Controllers\letterAdmin))
10 SYSTEMPATH\CodeIgniter.php(361): CodeIgniter\CodeIgniter->handleRequest(null, Object(Config\Cache), false)
11 FCPATH\index.php(79): CodeIgniter\CodeIgniter->run()
12 SYSTEMPATH\Commands\Server\rewrite.php(47): require_once('C:\\xampp\\htdocs\\web-ti\\public\\index.php')
CRITICAL - 2024-02-16 05:28:36 --> [Caused by] mysqli_sql_exception: Column 'lampiran' cannot be null
in SYSTEMPATH\Database\MySQLi\Connection.php on line 306.
 1 SYSTEMPATH\Database\MySQLi\Connection.php(306): mysqli->query('INSERT INTO `letter` (`title`, `alamat`, `no`, `perihal`, `lampiran`, `content`, `tanggal`, `pengirim`, `status`, `slug`) VALUES (\'judul\', \'wano\', \'no : 123\', \'perihal : undangan\', NULL, \'gajah\', \'16/02/2024\', \'udin\', \'published\', \'judul\')', 0)
 2 SYSTEMPATH\Database\BaseConnection.php(693): CodeIgniter\Database\MySQLi\Connection->execute('INSERT INTO `letter` (`title`, `alamat`, `no`, `perihal`, `lampiran`, `content`, `tanggal`, `pengirim`, `status`, `slug`) VALUES (\'judul\', \'wano\', \'no : 123\', \'perihal : undangan\', NULL, \'gajah\', \'16/02/2024\', \'udin\', \'published\', \'judul\')')
 3 SYSTEMPATH\Database\BaseConnection.php(607): CodeIgniter\Database\BaseConnection->simpleQuery('INSERT INTO `letter` (`title`, `alamat`, `no`, `perihal`, `lampiran`, `content`, `tanggal`, `pengirim`, `status`, `slug`) VALUES (\'judul\', \'wano\', \'no : 123\', \'perihal : undangan\', NULL, \'gajah\', \'16/02/2024\', \'udin\', \'published\', \'judul\')')
 4 SYSTEMPATH\Database\BaseBuilder.php(2302): CodeIgniter\Database\BaseConnection->query('INSERT INTO `letter` (`title`, `alamat`, `no`, `perihal`, `lampiran`, `content`, `tanggal`, `pengirim`, `status`, `slug`) VALUES (:title:, :alamat:, :no:, :perihal:, :lampiran:, :content:, :tanggal:, :pengirim:, :status:, :slug:)', [...], false)
 5 SYSTEMPATH\Model.php(326): CodeIgniter\Database\BaseBuilder->insert()
 6 SYSTEMPATH\BaseModel.php(802): CodeIgniter\Model->doInsert([...])
 7 SYSTEMPATH\Model.php(744): CodeIgniter\BaseModel->insert([...], true)
 8 APPPATH\Controllers\letteradmin.php(52): CodeIgniter\Model->insert([...])
 9 SYSTEMPATH\CodeIgniter.php(941): App\Controllers\letterAdmin->create()
10 SYSTEMPATH\CodeIgniter.php(502): CodeIgniter\CodeIgniter->runController(Object(App\Controllers\letterAdmin))
11 SYSTEMPATH\CodeIgniter.php(361): CodeIgniter\CodeIgniter->handleRequest(null, Object(Config\Cache), false)
12 FCPATH\index.php(79): CodeIgniter\CodeIgniter->run()
13 SYSTEMPATH\Commands\Server\rewrite.php(47): require_once('C:\\xampp\\htdocs\\web-ti\\public\\index.php')
ERROR - 2024-02-16 05:35:22 --> mysqli_sql_exception: Duplicate entry 'judul' for key 'slug' in C:\xampp\htdocs\web-ti\system\Database\MySQLi\Connection.php:306
Stack trace:
#0 C:\xampp\htdocs\web-ti\system\Database\MySQLi\Connection.php(306): mysqli->query('INSERT INTO `le...', 0)
#1 C:\xampp\htdocs\web-ti\system\Database\BaseConnection.php(693): CodeIgniter\Database\MySQLi\Connection->execute('INSERT INTO `le...')
#2 C:\xampp\htdocs\web-ti\system\Database\BaseConnection.php(607): CodeIgniter\Database\BaseConnection->simpleQuery('INSERT INTO `le...')
#3 C:\xampp\htdocs\web-ti\system\Database\BaseBuilder.php(2302): CodeIgniter\Database\BaseConnection->query('INSERT INTO `le...', Array, false)
#4 C:\xampp\htdocs\web-ti\system\Model.php(326): CodeIgniter\Database\BaseBuilder->insert()
#5 C:\xampp\htdocs\web-ti\system\BaseModel.php(802): CodeIgniter\Model->doInsert(Array)
#6 C:\xampp\htdocs\web-ti\system\Model.php(744): CodeIgniter\BaseModel->insert(Array, true)
#7 C:\xampp\htdocs\web-ti\app\Controllers\letteradmin.php(52): CodeIgniter\Model->insert(Array)
#8 C:\xampp\htdocs\web-ti\system\CodeIgniter.php(941): App\Controllers\letterAdmin->create()
#9 C:\xampp\htdocs\web-ti\system\CodeIgniter.php(502): CodeIgniter\CodeIgniter->runController(Object(App\Controllers\letterAdmin))
#10 C:\xampp\htdocs\web-ti\system\CodeIgniter.php(361): CodeIgniter\CodeIgniter->handleRequest(NULL, Object(Config\Cache), false)
#11 C:\xampp\htdocs\web-ti\public\index.php(79): CodeIgniter\CodeIgniter->run()
#12 C:\xampp\htdocs\web-ti\system\Commands\Server\rewrite.php(47): require_once('C:\\xampp\\htdocs...')
#13 {main}
CRITICAL - 2024-02-16 05:35:22 --> CodeIgniter\Database\Exceptions\DatabaseException: Duplicate entry 'judul' for key 'slug'
in SYSTEMPATH\Database\BaseConnection.php on line 647.
 1 SYSTEMPATH\Database\BaseBuilder.php(2302): CodeIgniter\Database\BaseConnection->query('INSERT INTO `letter` (`title`, `alamat`, `no`, `perihal`, `lampiran`, `content`, `tanggal`, `pengirim`, `status`, `slug`) VALUES (:title:, :alamat:, :no:, :perihal:, :lampiran:, :content:, :tanggal:, :pengirim:, :status:, :slug:)', [...], false)
 2 SYSTEMPATH\Model.php(326): CodeIgniter\Database\BaseBuilder->insert()
 3 SYSTEMPATH\BaseModel.php(802): CodeIgniter\Model->doInsert([...])
 4 SYSTEMPATH\Model.php(744): CodeIgniter\BaseModel->insert([...], true)
 5 APPPATH\Controllers\letteradmin.php(52): CodeIgniter\Model->insert([...])
 6 SYSTEMPATH\CodeIgniter.php(941): App\Controllers\letterAdmin->create()
 7 SYSTEMPATH\CodeIgniter.php(502): CodeIgniter\CodeIgniter->runController(Object(App\Controllers\letterAdmin))
 8 SYSTEMPATH\CodeIgniter.php(361): CodeIgniter\CodeIgniter->handleRequest(null, Object(Config\Cache), false)
 9 FCPATH\index.php(79): CodeIgniter\CodeIgniter->run()
10 SYSTEMPATH\Commands\Server\rewrite.php(47): require_once('C:\\xampp\\htdocs\\web-ti\\public\\index.php')
CRITICAL - 2024-02-16 05:35:22 --> [Caused by] CodeIgniter\Database\Exceptions\DatabaseException: Duplicate entry 'judul' for key 'slug'
in SYSTEMPATH\Database\MySQLi\Connection.php on line 311.
 1 SYSTEMPATH\Database\BaseConnection.php(693): CodeIgniter\Database\MySQLi\Connection->execute('INSERT INTO `letter` (`title`, `alamat`, `no`, `perihal`, `lampiran`, `content`, `tanggal`, `pengirim`, `status`, `slug`) VALUES (\'judul\', \'wano\', \'no : 123\', \'perihal : undangan\', \'lampiran : 1\', \'ular\', \'16/02/2024\', \'udin\', \'published\', \'judul\')')
 2 SYSTEMPATH\Database\BaseConnection.php(607): CodeIgniter\Database\BaseConnection->simpleQuery('INSERT INTO `letter` (`title`, `alamat`, `no`, `perihal`, `lampiran`, `content`, `tanggal`, `pengirim`, `status`, `slug`) VALUES (\'judul\', \'wano\', \'no : 123\', \'perihal : undangan\', \'lampiran : 1\', \'ular\', \'16/02/2024\', \'udin\', \'published\', \'judul\')')
 3 SYSTEMPATH\Database\BaseBuilder.php(2302): CodeIgniter\Database\BaseConnection->query('INSERT INTO `letter` (`title`, `alamat`, `no`, `perihal`, `lampiran`, `content`, `tanggal`, `pengirim`, `status`, `slug`) VALUES (:title:, :alamat:, :no:, :perihal:, :lampiran:, :content:, :tanggal:, :pengirim:, :status:, :slug:)', [...], false)
 4 SYSTEMPATH\Model.php(326): CodeIgniter\Database\BaseBuilder->insert()
 5 SYSTEMPATH\BaseModel.php(802): CodeIgniter\Model->doInsert([...])
 6 SYSTEMPATH\Model.php(744): CodeIgniter\BaseModel->insert([...], true)
 7 APPPATH\Controllers\letteradmin.php(52): CodeIgniter\Model->insert([...])
 8 SYSTEMPATH\CodeIgniter.php(941): App\Controllers\letterAdmin->create()
 9 SYSTEMPATH\CodeIgniter.php(502): CodeIgniter\CodeIgniter->runController(Object(App\Controllers\letterAdmin))
10 SYSTEMPATH\CodeIgniter.php(361): CodeIgniter\CodeIgniter->handleRequest(null, Object(Config\Cache), false)
11 FCPATH\index.php(79): CodeIgniter\CodeIgniter->run()
12 SYSTEMPATH\Commands\Server\rewrite.php(47): require_once('C:\\xampp\\htdocs\\web-ti\\public\\index.php')
CRITICAL - 2024-02-16 05:35:22 --> [Caused by] mysqli_sql_exception: Duplicate entry 'judul' for key 'slug'
in SYSTEMPATH\Database\MySQLi\Connection.php on line 306.
 1 SYSTEMPATH\Database\MySQLi\Connection.php(306): mysqli->query('INSERT INTO `letter` (`title`, `alamat`, `no`, `perihal`, `lampiran`, `content`, `tanggal`, `pengirim`, `status`, `slug`) VALUES (\'judul\', \'wano\', \'no : 123\', \'perihal : undangan\', \'lampiran : 1\', \'ular\', \'16/02/2024\', \'udin\', \'published\', \'judul\')', 0)
 2 SYSTEMPATH\Database\BaseConnection.php(693): CodeIgniter\Database\MySQLi\Connection->execute('INSERT INTO `letter` (`title`, `alamat`, `no`, `perihal`, `lampiran`, `content`, `tanggal`, `pengirim`, `status`, `slug`) VALUES (\'judul\', \'wano\', \'no : 123\', \'perihal : undangan\', \'lampiran : 1\', \'ular\', \'16/02/2024\', \'udin\', \'published\', \'judul\')')
 3 SYSTEMPATH\Database\BaseConnection.php(607): CodeIgniter\Database\BaseConnection->simpleQuery('INSERT INTO `letter` (`title`, `alamat`, `no`, `perihal`, `lampiran`, `content`, `tanggal`, `pengirim`, `status`, `slug`) VALUES (\'judul\', \'wano\', \'no : 123\', \'perihal : undangan\', \'lampiran : 1\', \'ular\', \'16/02/2024\', \'udin\', \'published\', \'judul\')')
 4 SYSTEMPATH\Database\BaseBuilder.php(2302): CodeIgniter\Database\BaseConnection->query('INSERT INTO `letter` (`title`, `alamat`, `no`, `perihal`, `lampiran`, `content`, `tanggal`, `pengirim`, `status`, `slug`) VALUES (:title:, :alamat:, :no:, :perihal:, :lampiran:, :content:, :tanggal:, :pengirim:, :status:, :slug:)', [...], false)
 5 SYSTEMPATH\Model.php(326): CodeIgniter\Database\BaseBuilder->insert()
 6 SYSTEMPATH\BaseModel.php(802): CodeIgniter\Model->doInsert([...])
 7 SYSTEMPATH\Model.php(744): CodeIgniter\BaseModel->insert([...], true)
 8 APPPATH\Controllers\letteradmin.php(52): CodeIgniter\Model->insert([...])
 9 SYSTEMPATH\CodeIgniter.php(941): App\Controllers\letterAdmin->create()
10 SYSTEMPATH\CodeIgniter.php(502): CodeIgniter\CodeIgniter->runController(Object(App\Controllers\letterAdmin))
11 SYSTEMPATH\CodeIgniter.php(361): CodeIgniter\CodeIgniter->handleRequest(null, Object(Config\Cache), false)
12 FCPATH\index.php(79): CodeIgniter\CodeIgniter->run()
13 SYSTEMPATH\Commands\Server\rewrite.php(47): require_once('C:\\xampp\\htdocs\\web-ti\\public\\index.php')
ERROR - 2024-02-16 05:35:57 --> mysqli_sql_exception: Duplicate entry 'judul' for key 'slug' in C:\xampp\htdocs\web-ti\system\Database\MySQLi\Connection.php:306
Stack trace:
#0 C:\xampp\htdocs\web-ti\system\Database\MySQLi\Connection.php(306): mysqli->query('INSERT INTO `le...', 0)
#1 C:\xampp\htdocs\web-ti\system\Database\BaseConnection.php(693): CodeIgniter\Database\MySQLi\Connection->execute('INSERT INTO `le...')
#2 C:\xampp\htdocs\web-ti\system\Database\BaseConnection.php(607): CodeIgniter\Database\BaseConnection->simpleQuery('INSERT INTO `le...')
#3 C:\xampp\htdocs\web-ti\system\Database\BaseBuilder.php(2302): CodeIgniter\Database\BaseConnection->query('INSERT INTO `le...', Array, false)
#4 C:\xampp\htdocs\web-ti\system\Model.php(326): CodeIgniter\Database\BaseBuilder->insert()
#5 C:\xampp\htdocs\web-ti\system\BaseModel.php(802): CodeIgniter\Model->doInsert(Array)
#6 C:\xampp\htdocs\web-ti\system\Model.php(744): CodeIgniter\BaseModel->insert(Array, true)
#7 C:\xampp\htdocs\web-ti\app\Controllers\letteradmin.php(52): CodeIgniter\Model->insert(Array)
#8 C:\xampp\htdocs\web-ti\system\CodeIgniter.php(941): App\Controllers\letterAdmin->create()
#9 C:\xampp\htdocs\web-ti\system\CodeIgniter.php(502): CodeIgniter\CodeIgniter->runController(Object(App\Controllers\letterAdmin))
#10 C:\xampp\htdocs\web-ti\system\CodeIgniter.php(361): CodeIgniter\CodeIgniter->handleRequest(NULL, Object(Config\Cache), false)
#11 C:\xampp\htdocs\web-ti\public\index.php(79): CodeIgniter\CodeIgniter->run()
#12 C:\xampp\htdocs\web-ti\system\Commands\Server\rewrite.php(47): require_once('C:\\xampp\\htdocs...')
#13 {main}
CRITICAL - 2024-02-16 05:35:57 --> CodeIgniter\Database\Exceptions\DatabaseException: Duplicate entry 'judul' for key 'slug'
in SYSTEMPATH\Database\BaseConnection.php on line 647.
 1 SYSTEMPATH\Database\BaseBuilder.php(2302): CodeIgniter\Database\BaseConnection->query('INSERT INTO `letter` (`title`, `alamat`, `no`, `perihal`, `lampiran`, `content`, `tanggal`, `pengirim`, `status`, `slug`) VALUES (:title:, :alamat:, :no:, :perihal:, :lampiran:, :content:, :tanggal:, :pengirim:, :status:, :slug:)', [...], false)
 2 SYSTEMPATH\Model.php(326): CodeIgniter\Database\BaseBuilder->insert()
 3 SYSTEMPATH\BaseModel.php(802): CodeIgniter\Model->doInsert([...])
 4 SYSTEMPATH\Model.php(744): CodeIgniter\BaseModel->insert([...], true)
 5 APPPATH\Controllers\letteradmin.php(52): CodeIgniter\Model->insert([...])
 6 SYSTEMPATH\CodeIgniter.php(941): App\Controllers\letterAdmin->create()
 7 SYSTEMPATH\CodeIgniter.php(502): CodeIgniter\CodeIgniter->runController(Object(App\Controllers\letterAdmin))
 8 SYSTEMPATH\CodeIgniter.php(361): CodeIgniter\CodeIgniter->handleRequest(null, Object(Config\Cache), false)
 9 FCPATH\index.php(79): CodeIgniter\CodeIgniter->run()
10 SYSTEMPATH\Commands\Server\rewrite.php(47): require_once('C:\\xampp\\htdocs\\web-ti\\public\\index.php')
CRITICAL - 2024-02-16 05:35:57 --> [Caused by] CodeIgniter\Database\Exceptions\DatabaseException: Duplicate entry 'judul' for key 'slug'
in SYSTEMPATH\Database\MySQLi\Connection.php on line 311.
 1 SYSTEMPATH\Database\BaseConnection.php(693): CodeIgniter\Database\MySQLi\Connection->execute('INSERT INTO `letter` (`title`, `alamat`, `no`, `perihal`, `lampiran`, `content`, `tanggal`, `pengirim`, `status`, `slug`) VALUES (\'judul\', \'wano\', \'no : 123\', \'perihal : undangan\', \'lampiran : 1\', \'ular\', \'16/02/2024\', \'udin\', \'published\', \'judul\')')
 2 SYSTEMPATH\Database\BaseConnection.php(607): CodeIgniter\Database\BaseConnection->simpleQuery('INSERT INTO `letter` (`title`, `alamat`, `no`, `perihal`, `lampiran`, `content`, `tanggal`, `pengirim`, `status`, `slug`) VALUES (\'judul\', \'wano\', \'no : 123\', \'perihal : undangan\', \'lampiran : 1\', \'ular\', \'16/02/2024\', \'udin\', \'published\', \'judul\')')
 3 SYSTEMPATH\Database\BaseBuilder.php(2302): CodeIgniter\Database\BaseConnection->query('INSERT INTO `letter` (`title`, `alamat`, `no`, `perihal`, `lampiran`, `content`, `tanggal`, `pengirim`, `status`, `slug`) VALUES (:title:, :alamat:, :no:, :perihal:, :lampiran:, :content:, :tanggal:, :pengirim:, :status:, :slug:)', [...], false)
 4 SYSTEMPATH\Model.php(326): CodeIgniter\Database\BaseBuilder->insert()
 5 SYSTEMPATH\BaseModel.php(802): CodeIgniter\Model->doInsert([...])
 6 SYSTEMPATH\Model.php(744): CodeIgniter\BaseModel->insert([...], true)
 7 APPPATH\Controllers\letteradmin.php(52): CodeIgniter\Model->insert([...])
 8 SYSTEMPATH\CodeIgniter.php(941): App\Controllers\letterAdmin->create()
 9 SYSTEMPATH\CodeIgniter.php(502): CodeIgniter\CodeIgniter->runController(Object(App\Controllers\letterAdmin))
10 SYSTEMPATH\CodeIgniter.php(361): CodeIgniter\CodeIgniter->handleRequest(null, Object(Config\Cache), false)
11 FCPATH\index.php(79): CodeIgniter\CodeIgniter->run()
12 SYSTEMPATH\Commands\Server\rewrite.php(47): require_once('C:\\xampp\\htdocs\\web-ti\\public\\index.php')
CRITICAL - 2024-02-16 05:35:57 --> [Caused by] mysqli_sql_exception: Duplicate entry 'judul' for key 'slug'
in SYSTEMPATH\Database\MySQLi\Connection.php on line 306.
 1 SYSTEMPATH\Database\MySQLi\Connection.php(306): mysqli->query('INSERT INTO `letter` (`title`, `alamat`, `no`, `perihal`, `lampiran`, `content`, `tanggal`, `pengirim`, `status`, `slug`) VALUES (\'judul\', \'wano\', \'no : 123\', \'perihal : undangan\', \'lampiran : 1\', \'ular\', \'16/02/2024\', \'udin\', \'published\', \'judul\')', 0)
 2 SYSTEMPATH\Database\BaseConnection.php(693): CodeIgniter\Database\MySQLi\Connection->execute('INSERT INTO `letter` (`title`, `alamat`, `no`, `perihal`, `lampiran`, `content`, `tanggal`, `pengirim`, `status`, `slug`) VALUES (\'judul\', \'wano\', \'no : 123\', \'perihal : undangan\', \'lampiran : 1\', \'ular\', \'16/02/2024\', \'udin\', \'published\', \'judul\')')
 3 SYSTEMPATH\Database\BaseConnection.php(607): CodeIgniter\Database\BaseConnection->simpleQuery('INSERT INTO `letter` (`title`, `alamat`, `no`, `perihal`, `lampiran`, `content`, `tanggal`, `pengirim`, `status`, `slug`) VALUES (\'judul\', \'wano\', \'no : 123\', \'perihal : undangan\', \'lampiran : 1\', \'ular\', \'16/02/2024\', \'udin\', \'published\', \'judul\')')
 4 SYSTEMPATH\Database\BaseBuilder.php(2302): CodeIgniter\Database\BaseConnection->query('INSERT INTO `letter` (`title`, `alamat`, `no`, `perihal`, `lampiran`, `content`, `tanggal`, `pengirim`, `status`, `slug`) VALUES (:title:, :alamat:, :no:, :perihal:, :lampiran:, :content:, :tanggal:, :pengirim:, :status:, :slug:)', [...], false)
 5 SYSTEMPATH\Model.php(326): CodeIgniter\Database\BaseBuilder->insert()
 6 SYSTEMPATH\BaseModel.php(802): CodeIgniter\Model->doInsert([...])
 7 SYSTEMPATH\Model.php(744): CodeIgniter\BaseModel->insert([...], true)
 8 APPPATH\Controllers\letteradmin.php(52): CodeIgniter\Model->insert([...])
 9 SYSTEMPATH\CodeIgniter.php(941): App\Controllers\letterAdmin->create()
10 SYSTEMPATH\CodeIgniter.php(502): CodeIgniter\CodeIgniter->runController(Object(App\Controllers\letterAdmin))
11 SYSTEMPATH\CodeIgniter.php(361): CodeIgniter\CodeIgniter->handleRequest(null, Object(Config\Cache), false)
12 FCPATH\index.php(79): CodeIgniter\CodeIgniter->run()
13 SYSTEMPATH\Commands\Server\rewrite.php(47): require_once('C:\\xampp\\htdocs\\web-ti\\public\\index.php')
ERROR - 2024-02-16 05:39:48 --> mysqli_sql_exception: Duplicate entry 'judul' for key 'slug' in C:\xampp\htdocs\web-ti\system\Database\MySQLi\Connection.php:306
Stack trace:
#0 C:\xampp\htdocs\web-ti\system\Database\MySQLi\Connection.php(306): mysqli->query('INSERT INTO `le...', 0)
#1 C:\xampp\htdocs\web-ti\system\Database\BaseConnection.php(693): CodeIgniter\Database\MySQLi\Connection->execute('INSERT INTO `le...')
#2 C:\xampp\htdocs\web-ti\system\Database\BaseConnection.php(607): CodeIgniter\Database\BaseConnection->simpleQuery('INSERT INTO `le...')
#3 C:\xampp\htdocs\web-ti\system\Database\BaseBuilder.php(2302): CodeIgniter\Database\BaseConnection->query('INSERT INTO `le...', Array, false)
#4 C:\xampp\htdocs\web-ti\system\Model.php(326): CodeIgniter\Database\BaseBuilder->insert()
#5 C:\xampp\htdocs\web-ti\system\BaseModel.php(802): CodeIgniter\Model->doInsert(Array)
#6 C:\xampp\htdocs\web-ti\system\Model.php(744): CodeIgniter\BaseModel->insert(Array, true)
#7 C:\xampp\htdocs\web-ti\app\Controllers\letteradmin.php(52): CodeIgniter\Model->insert(Array)
#8 C:\xampp\htdocs\web-ti\system\CodeIgniter.php(941): App\Controllers\letterAdmin->create()
#9 C:\xampp\htdocs\web-ti\system\CodeIgniter.php(502): CodeIgniter\CodeIgniter->runController(Object(App\Controllers\letterAdmin))
#10 C:\xampp\htdocs\web-ti\system\CodeIgniter.php(361): CodeIgniter\CodeIgniter->handleRequest(NULL, Object(Config\Cache), false)
#11 C:\xampp\htdocs\web-ti\public\index.php(79): CodeIgniter\CodeIgniter->run()
#12 C:\xampp\htdocs\web-ti\system\Commands\Server\rewrite.php(47): require_once('C:\\xampp\\htdocs...')
#13 {main}
CRITICAL - 2024-02-16 05:39:48 --> CodeIgniter\Database\Exceptions\DatabaseException: Duplicate entry 'judul' for key 'slug'
in SYSTEMPATH\Database\BaseConnection.php on line 647.
 1 SYSTEMPATH\Database\BaseBuilder.php(2302): CodeIgniter\Database\BaseConnection->query('INSERT INTO `letter` (`title`, `alamat`, `no`, `perihal`, `lampiran`, `content`, `tanggal`, `pengirim`, `status`, `slug`) VALUES (:title:, :alamat:, :no:, :perihal:, :lampiran:, :content:, :tanggal:, :pengirim:, :status:, :slug:)', [...], false)
 2 SYSTEMPATH\Model.php(326): CodeIgniter\Database\BaseBuilder->insert()
 3 SYSTEMPATH\BaseModel.php(802): CodeIgniter\Model->doInsert([...])
 4 SYSTEMPATH\Model.php(744): CodeIgniter\BaseModel->insert([...], true)
 5 APPPATH\Controllers\letteradmin.php(52): CodeIgniter\Model->insert([...])
 6 SYSTEMPATH\CodeIgniter.php(941): App\Controllers\letterAdmin->create()
 7 SYSTEMPATH\CodeIgniter.php(502): CodeIgniter\CodeIgniter->runController(Object(App\Controllers\letterAdmin))
 8 SYSTEMPATH\CodeIgniter.php(361): CodeIgniter\CodeIgniter->handleRequest(null, Object(Config\Cache), false)
 9 FCPATH\index.php(79): CodeIgniter\CodeIgniter->run()
10 SYSTEMPATH\Commands\Server\rewrite.php(47): require_once('C:\\xampp\\htdocs\\web-ti\\public\\index.php')
CRITICAL - 2024-02-16 05:39:48 --> [Caused by] CodeIgniter\Database\Exceptions\DatabaseException: Duplicate entry 'judul' for key 'slug'
in SYSTEMPATH\Database\MySQLi\Connection.php on line 311.
 1 SYSTEMPATH\Database\BaseConnection.php(693): CodeIgniter\Database\MySQLi\Connection->execute('INSERT INTO `letter` (`title`, `alamat`, `no`, `perihal`, `lampiran`, `content`, `tanggal`, `pengirim`, `status`, `slug`) VALUES (\'judul\', \'wano\', \'no : 123\', \'perihal : undangan\', \'lampiran : 1\', \'ayam\', \'16/02/2024\', \'udin\', \'published\', \'judul\')')
 2 SYSTEMPATH\Database\BaseConnection.php(607): CodeIgniter\Database\BaseConnection->simpleQuery('INSERT INTO `letter` (`title`, `alamat`, `no`, `perihal`, `lampiran`, `content`, `tanggal`, `pengirim`, `status`, `slug`) VALUES (\'judul\', \'wano\', \'no : 123\', \'perihal : undangan\', \'lampiran : 1\', \'ayam\', \'16/02/2024\', \'udin\', \'published\', \'judul\')')
 3 SYSTEMPATH\Database\BaseBuilder.php(2302): CodeIgniter\Database\BaseConnection->query('INSERT INTO `letter` (`title`, `alamat`, `no`, `perihal`, `lampiran`, `content`, `tanggal`, `pengirim`, `status`, `slug`) VALUES (:title:, :alamat:, :no:, :perihal:, :lampiran:, :content:, :tanggal:, :pengirim:, :status:, :slug:)', [...], false)
 4 SYSTEMPATH\Model.php(326): CodeIgniter\Database\BaseBuilder->insert()
 5 SYSTEMPATH\BaseModel.php(802): CodeIgniter\Model->doInsert([...])
 6 SYSTEMPATH\Model.php(744): CodeIgniter\BaseModel->insert([...], true)
 7 APPPATH\Controllers\letteradmin.php(52): CodeIgniter\Model->insert([...])
 8 SYSTEMPATH\CodeIgniter.php(941): App\Controllers\letterAdmin->create()
 9 SYSTEMPATH\CodeIgniter.php(502): CodeIgniter\CodeIgniter->runController(Object(App\Controllers\letterAdmin))
10 SYSTEMPATH\CodeIgniter.php(361): CodeIgniter\CodeIgniter->handleRequest(null, Object(Config\Cache), false)
11 FCPATH\index.php(79): CodeIgniter\CodeIgniter->run()
12 SYSTEMPATH\Commands\Server\rewrite.php(47): require_once('C:\\xampp\\htdocs\\web-ti\\public\\index.php')
CRITICAL - 2024-02-16 05:39:48 --> [Caused by] mysqli_sql_exception: Duplicate entry 'judul' for key 'slug'
in SYSTEMPATH\Database\MySQLi\Connection.php on line 306.
 1 SYSTEMPATH\Database\MySQLi\Connection.php(306): mysqli->query('INSERT INTO `letter` (`title`, `alamat`, `no`, `perihal`, `lampiran`, `content`, `tanggal`, `pengirim`, `status`, `slug`) VALUES (\'judul\', \'wano\', \'no : 123\', \'perihal : undangan\', \'lampiran : 1\', \'ayam\', \'16/02/2024\', \'udin\', \'published\', \'judul\')', 0)
 2 SYSTEMPATH\Database\BaseConnection.php(693): CodeIgniter\Database\MySQLi\Connection->execute('INSERT INTO `letter` (`title`, `alamat`, `no`, `perihal`, `lampiran`, `content`, `tanggal`, `pengirim`, `status`, `slug`) VALUES (\'judul\', \'wano\', \'no : 123\', \'perihal : undangan\', \'lampiran : 1\', \'ayam\', \'16/02/2024\', \'udin\', \'published\', \'judul\')')
 3 SYSTEMPATH\Database\BaseConnection.php(607): CodeIgniter\Database\BaseConnection->simpleQuery('INSERT INTO `letter` (`title`, `alamat`, `no`, `perihal`, `lampiran`, `content`, `tanggal`, `pengirim`, `status`, `slug`) VALUES (\'judul\', \'wano\', \'no : 123\', \'perihal : undangan\', \'lampiran : 1\', \'ayam\', \'16/02/2024\', \'udin\', \'published\', \'judul\')')
 4 SYSTEMPATH\Database\BaseBuilder.php(2302): CodeIgniter\Database\BaseConnection->query('INSERT INTO `letter` (`title`, `alamat`, `no`, `perihal`, `lampiran`, `content`, `tanggal`, `pengirim`, `status`, `slug`) VALUES (:title:, :alamat:, :no:, :perihal:, :lampiran:, :content:, :tanggal:, :pengirim:, :status:, :slug:)', [...], false)
 5 SYSTEMPATH\Model.php(326): CodeIgniter\Database\BaseBuilder->insert()
 6 SYSTEMPATH\BaseModel.php(802): CodeIgniter\Model->doInsert([...])
 7 SYSTEMPATH\Model.php(744): CodeIgniter\BaseModel->insert([...], true)
 8 APPPATH\Controllers\letteradmin.php(52): CodeIgniter\Model->insert([...])
 9 SYSTEMPATH\CodeIgniter.php(941): App\Controllers\letterAdmin->create()
10 SYSTEMPATH\CodeIgniter.php(502): CodeIgniter\CodeIgniter->runController(Object(App\Controllers\letterAdmin))
11 SYSTEMPATH\CodeIgniter.php(361): CodeIgniter\CodeIgniter->handleRequest(null, Object(Config\Cache), false)
12 FCPATH\index.php(79): CodeIgniter\CodeIgniter->run()
13 SYSTEMPATH\Commands\Server\rewrite.php(47): require_once('C:\\xampp\\htdocs\\web-ti\\public\\index.php')
ERROR - 2024-02-16 06:23:25 --> mysqli_sql_exception: Duplicate entry 'judul' for key 'slug' in C:\xampp\htdocs\web-ti\system\Database\MySQLi\Connection.php:306
Stack trace:
#0 C:\xampp\htdocs\web-ti\system\Database\MySQLi\Connection.php(306): mysqli->query('INSERT INTO `le...', 0)
#1 C:\xampp\htdocs\web-ti\system\Database\BaseConnection.php(693): CodeIgniter\Database\MySQLi\Connection->execute('INSERT INTO `le...')
#2 C:\xampp\htdocs\web-ti\system\Database\BaseConnection.php(607): CodeIgniter\Database\BaseConnection->simpleQuery('INSERT INTO `le...')
#3 C:\xampp\htdocs\web-ti\system\Database\BaseBuilder.php(2302): CodeIgniter\Database\BaseConnection->query('INSERT INTO `le...', Array, false)
#4 C:\xampp\htdocs\web-ti\system\Model.php(326): CodeIgniter\Database\BaseBuilder->insert()
#5 C:\xampp\htdocs\web-ti\system\BaseModel.php(802): CodeIgniter\Model->doInsert(Array)
#6 C:\xampp\htdocs\web-ti\system\Model.php(744): CodeIgniter\BaseModel->insert(Array, true)
#7 C:\xampp\htdocs\web-ti\app\Controllers\letteradmin.php(52): CodeIgniter\Model->insert(Array)
#8 C:\xampp\htdocs\web-ti\system\CodeIgniter.php(941): App\Controllers\letterAdmin->create()
#9 C:\xampp\htdocs\web-ti\system\CodeIgniter.php(502): CodeIgniter\CodeIgniter->runController(Object(App\Controllers\letterAdmin))
#10 C:\xampp\htdocs\web-ti\system\CodeIgniter.php(361): CodeIgniter\CodeIgniter->handleRequest(NULL, Object(Config\Cache), false)
#11 C:\xampp\htdocs\web-ti\public\index.php(79): CodeIgniter\CodeIgniter->run()
#12 C:\xampp\htdocs\web-ti\system\Commands\Server\rewrite.php(47): require_once('C:\\xampp\\htdocs...')
#13 {main}
CRITICAL - 2024-02-16 06:23:25 --> CodeIgniter\Database\Exceptions\DatabaseException: Duplicate entry 'judul' for key 'slug'
in SYSTEMPATH\Database\BaseConnection.php on line 647.
 1 SYSTEMPATH\Database\BaseBuilder.php(2302): CodeIgniter\Database\BaseConnection->query('INSERT INTO `letter` (`title`, `alamat`, `no`, `perihal`, `lampiran`, `content`, `tanggal`, `pengirim`, `status`, `slug`) VALUES (:title:, :alamat:, :no:, :perihal:, :lampiran:, :content:, :tanggal:, :pengirim:, :status:, :slug:)', [...], false)
 2 SYSTEMPATH\Model.php(326): CodeIgniter\Database\BaseBuilder->insert()
 3 SYSTEMPATH\BaseModel.php(802): CodeIgniter\Model->doInsert([...])
 4 SYSTEMPATH\Model.php(744): CodeIgniter\BaseModel->insert([...], true)
 5 APPPATH\Controllers\letteradmin.php(52): CodeIgniter\Model->insert([...])
 6 SYSTEMPATH\CodeIgniter.php(941): App\Controllers\letterAdmin->create()
 7 SYSTEMPATH\CodeIgniter.php(502): CodeIgniter\CodeIgniter->runController(Object(App\Controllers\letterAdmin))
 8 SYSTEMPATH\CodeIgniter.php(361): CodeIgniter\CodeIgniter->handleRequest(null, Object(Config\Cache), false)
 9 FCPATH\index.php(79): CodeIgniter\CodeIgniter->run()
10 SYSTEMPATH\Commands\Server\rewrite.php(47): require_once('C:\\xampp\\htdocs\\web-ti\\public\\index.php')
CRITICAL - 2024-02-16 06:23:25 --> [Caused by] CodeIgniter\Database\Exceptions\DatabaseException: Duplicate entry 'judul' for key 'slug'
in SYSTEMPATH\Database\MySQLi\Connection.php on line 311.
 1 SYSTEMPATH\Database\BaseConnection.php(693): CodeIgniter\Database\MySQLi\Connection->execute('INSERT INTO `letter` (`title`, `alamat`, `no`, `perihal`, `lampiran`, `content`, `tanggal`, `pengirim`, `status`, `slug`) VALUES (\'judul\', \'wano\', \'no : 123\', \'perihal : undangan\', \'lampiran : 1\', \'ayam\', \'16/02/2024\', \'udin\', \'published\', \'judul\')')
 2 SYSTEMPATH\Database\BaseConnection.php(607): CodeIgniter\Database\BaseConnection->simpleQuery('INSERT INTO `letter` (`title`, `alamat`, `no`, `perihal`, `lampiran`, `content`, `tanggal`, `pengirim`, `status`, `slug`) VALUES (\'judul\', \'wano\', \'no : 123\', \'perihal : undangan\', \'lampiran : 1\', \'ayam\', \'16/02/2024\', \'udin\', \'published\', \'judul\')')
 3 SYSTEMPATH\Database\BaseBuilder.php(2302): CodeIgniter\Database\BaseConnection->query('INSERT INTO `letter` (`title`, `alamat`, `no`, `perihal`, `lampiran`, `content`, `tanggal`, `pengirim`, `status`, `slug`) VALUES (:title:, :alamat:, :no:, :perihal:, :lampiran:, :content:, :tanggal:, :pengirim:, :status:, :slug:)', [...], false)
 4 SYSTEMPATH\Model.php(326): CodeIgniter\Database\BaseBuilder->insert()
 5 SYSTEMPATH\BaseModel.php(802): CodeIgniter\Model->doInsert([...])
 6 SYSTEMPATH\Model.php(744): CodeIgniter\BaseModel->insert([...], true)
 7 APPPATH\Controllers\letteradmin.php(52): CodeIgniter\Model->insert([...])
 8 SYSTEMPATH\CodeIgniter.php(941): App\Controllers\letterAdmin->create()
 9 SYSTEMPATH\CodeIgniter.php(502): CodeIgniter\CodeIgniter->runController(Object(App\Controllers\letterAdmin))
10 SYSTEMPATH\CodeIgniter.php(361): CodeIgniter\CodeIgniter->handleRequest(null, Object(Config\Cache), false)
11 FCPATH\index.php(79): CodeIgniter\CodeIgniter->run()
12 SYSTEMPATH\Commands\Server\rewrite.php(47): require_once('C:\\xampp\\htdocs\\web-ti\\public\\index.php')
CRITICAL - 2024-02-16 06:23:25 --> [Caused by] mysqli_sql_exception: Duplicate entry 'judul' for key 'slug'
in SYSTEMPATH\Database\MySQLi\Connection.php on line 306.
 1 SYSTEMPATH\Database\MySQLi\Connection.php(306): mysqli->query('INSERT INTO `letter` (`title`, `alamat`, `no`, `perihal`, `lampiran`, `content`, `tanggal`, `pengirim`, `status`, `slug`) VALUES (\'judul\', \'wano\', \'no : 123\', \'perihal : undangan\', \'lampiran : 1\', \'ayam\', \'16/02/2024\', \'udin\', \'published\', \'judul\')', 0)
 2 SYSTEMPATH\Database\BaseConnection.php(693): CodeIgniter\Database\MySQLi\Connection->execute('INSERT INTO `letter` (`title`, `alamat`, `no`, `perihal`, `lampiran`, `content`, `tanggal`, `pengirim`, `status`, `slug`) VALUES (\'judul\', \'wano\', \'no : 123\', \'perihal : undangan\', \'lampiran : 1\', \'ayam\', \'16/02/2024\', \'udin\', \'published\', \'judul\')')
 3 SYSTEMPATH\Database\BaseConnection.php(607): CodeIgniter\Database\BaseConnection->simpleQuery('INSERT INTO `letter` (`title`, `alamat`, `no`, `perihal`, `lampiran`, `content`, `tanggal`, `pengirim`, `status`, `slug`) VALUES (\'judul\', \'wano\', \'no : 123\', \'perihal : undangan\', \'lampiran : 1\', \'ayam\', \'16/02/2024\', \'udin\', \'published\', \'judul\')')
 4 SYSTEMPATH\Database\BaseBuilder.php(2302): CodeIgniter\Database\BaseConnection->query('INSERT INTO `letter` (`title`, `alamat`, `no`, `perihal`, `lampiran`, `content`, `tanggal`, `pengirim`, `status`, `slug`) VALUES (:title:, :alamat:, :no:, :perihal:, :lampiran:, :content:, :tanggal:, :pengirim:, :status:, :slug:)', [...], false)
 5 SYSTEMPATH\Model.php(326): CodeIgniter\Database\BaseBuilder->insert()
 6 SYSTEMPATH\BaseModel.php(802): CodeIgniter\Model->doInsert([...])
 7 SYSTEMPATH\Model.php(744): CodeIgniter\BaseModel->insert([...], true)
 8 APPPATH\Controllers\letteradmin.php(52): CodeIgniter\Model->insert([...])
 9 SYSTEMPATH\CodeIgniter.php(941): App\Controllers\letterAdmin->create()
10 SYSTEMPATH\CodeIgniter.php(502): CodeIgniter\CodeIgniter->runController(Object(App\Controllers\letterAdmin))
11 SYSTEMPATH\CodeIgniter.php(361): CodeIgniter\CodeIgniter->handleRequest(null, Object(Config\Cache), false)
12 FCPATH\index.php(79): CodeIgniter\CodeIgniter->run()
13 SYSTEMPATH\Commands\Server\rewrite.php(47): require_once('C:\\xampp\\htdocs\\web-ti\\public\\index.php')
ERROR - 2024-02-16 06:23:39 --> mysqli_sql_exception: Duplicate entry 'judul' for key 'slug' in C:\xampp\htdocs\web-ti\system\Database\MySQLi\Connection.php:306
Stack trace:
#0 C:\xampp\htdocs\web-ti\system\Database\MySQLi\Connection.php(306): mysqli->query('INSERT INTO `le...', 0)
#1 C:\xampp\htdocs\web-ti\system\Database\BaseConnection.php(693): CodeIgniter\Database\MySQLi\Connection->execute('INSERT INTO `le...')
#2 C:\xampp\htdocs\web-ti\system\Database\BaseConnection.php(607): CodeIgniter\Database\BaseConnection->simpleQuery('INSERT INTO `le...')
#3 C:\xampp\htdocs\web-ti\system\Database\BaseBuilder.php(2302): CodeIgniter\Database\BaseConnection->query('INSERT INTO `le...', Array, false)
#4 C:\xampp\htdocs\web-ti\system\Model.php(326): CodeIgniter\Database\BaseBuilder->insert()
#5 C:\xampp\htdocs\web-ti\system\BaseModel.php(802): CodeIgniter\Model->doInsert(Array)
#6 C:\xampp\htdocs\web-ti\system\Model.php(744): CodeIgniter\BaseModel->insert(Array, true)
#7 C:\xampp\htdocs\web-ti\app\Controllers\letteradmin.php(52): CodeIgniter\Model->insert(Array)
#8 C:\xampp\htdocs\web-ti\system\CodeIgniter.php(941): App\Controllers\letterAdmin->create()
#9 C:\xampp\htdocs\web-ti\system\CodeIgniter.php(502): CodeIgniter\CodeIgniter->runController(Object(App\Controllers\letterAdmin))
#10 C:\xampp\htdocs\web-ti\system\CodeIgniter.php(361): CodeIgniter\CodeIgniter->handleRequest(NULL, Object(Config\Cache), false)
#11 C:\xampp\htdocs\web-ti\public\index.php(79): CodeIgniter\CodeIgniter->run()
#12 C:\xampp\htdocs\web-ti\system\Commands\Server\rewrite.php(47): require_once('C:\\xampp\\htdocs...')
#13 {main}
CRITICAL - 2024-02-16 06:23:39 --> CodeIgniter\Database\Exceptions\DatabaseException: Duplicate entry 'judul' for key 'slug'
in SYSTEMPATH\Database\BaseConnection.php on line 647.
 1 SYSTEMPATH\Database\BaseBuilder.php(2302): CodeIgniter\Database\BaseConnection->query('INSERT INTO `letter` (`title`, `alamat`, `no`, `perihal`, `lampiran`, `content`, `tanggal`, `pengirim`, `status`, `slug`) VALUES (:title:, :alamat:, :no:, :perihal:, :lampiran:, :content:, :tanggal:, :pengirim:, :status:, :slug:)', [...], false)
 2 SYSTEMPATH\Model.php(326): CodeIgniter\Database\BaseBuilder->insert()
 3 SYSTEMPATH\BaseModel.php(802): CodeIgniter\Model->doInsert([...])
 4 SYSTEMPATH\Model.php(744): CodeIgniter\BaseModel->insert([...], true)
 5 APPPATH\Controllers\letteradmin.php(52): CodeIgniter\Model->insert([...])
 6 SYSTEMPATH\CodeIgniter.php(941): App\Controllers\letterAdmin->create()
 7 SYSTEMPATH\CodeIgniter.php(502): CodeIgniter\CodeIgniter->runController(Object(App\Controllers\letterAdmin))
 8 SYSTEMPATH\CodeIgniter.php(361): CodeIgniter\CodeIgniter->handleRequest(null, Object(Config\Cache), false)
 9 FCPATH\index.php(79): CodeIgniter\CodeIgniter->run()
10 SYSTEMPATH\Commands\Server\rewrite.php(47): require_once('C:\\xampp\\htdocs\\web-ti\\public\\index.php')
CRITICAL - 2024-02-16 06:23:39 --> [Caused by] CodeIgniter\Database\Exceptions\DatabaseException: Duplicate entry 'judul' for key 'slug'
in SYSTEMPATH\Database\MySQLi\Connection.php on line 311.
 1 SYSTEMPATH\Database\BaseConnection.php(693): CodeIgniter\Database\MySQLi\Connection->execute('INSERT INTO `letter` (`title`, `alamat`, `no`, `perihal`, `lampiran`, `content`, `tanggal`, `pengirim`, `status`, `slug`) VALUES (\'judul\', \'wano\', \'no : 123\', \'perihal : undangan\', \'lampiran : 1\', \'ayam\', \'16/02/2024\', \'udin\', \'published\', \'judul\')')
 2 SYSTEMPATH\Database\BaseConnection.php(607): CodeIgniter\Database\BaseConnection->simpleQuery('INSERT INTO `letter` (`title`, `alamat`, `no`, `perihal`, `lampiran`, `content`, `tanggal`, `pengirim`, `status`, `slug`) VALUES (\'judul\', \'wano\', \'no : 123\', \'perihal : undangan\', \'lampiran : 1\', \'ayam\', \'16/02/2024\', \'udin\', \'published\', \'judul\')')
 3 SYSTEMPATH\Database\BaseBuilder.php(2302): CodeIgniter\Database\BaseConnection->query('INSERT INTO `letter` (`title`, `alamat`, `no`, `perihal`, `lampiran`, `content`, `tanggal`, `pengirim`, `status`, `slug`) VALUES (:title:, :alamat:, :no:, :perihal:, :lampiran:, :content:, :tanggal:, :pengirim:, :status:, :slug:)', [...], false)
 4 SYSTEMPATH\Model.php(326): CodeIgniter\Database\BaseBuilder->insert()
 5 SYSTEMPATH\BaseModel.php(802): CodeIgniter\Model->doInsert([...])
 6 SYSTEMPATH\Model.php(744): CodeIgniter\BaseModel->insert([...], true)
 7 APPPATH\Controllers\letteradmin.php(52): CodeIgniter\Model->insert([...])
 8 SYSTEMPATH\CodeIgniter.php(941): App\Controllers\letterAdmin->create()
 9 SYSTEMPATH\CodeIgniter.php(502): CodeIgniter\CodeIgniter->runController(Object(App\Controllers\letterAdmin))
10 SYSTEMPATH\CodeIgniter.php(361): CodeIgniter\CodeIgniter->handleRequest(null, Object(Config\Cache), false)
11 FCPATH\index.php(79): CodeIgniter\CodeIgniter->run()
12 SYSTEMPATH\Commands\Server\rewrite.php(47): require_once('C:\\xampp\\htdocs\\web-ti\\public\\index.php')
CRITICAL - 2024-02-16 06:23:39 --> [Caused by] mysqli_sql_exception: Duplicate entry 'judul' for key 'slug'
in SYSTEMPATH\Database\MySQLi\Connection.php on line 306.
 1 SYSTEMPATH\Database\MySQLi\Connection.php(306): mysqli->query('INSERT INTO `letter` (`title`, `alamat`, `no`, `perihal`, `lampiran`, `content`, `tanggal`, `pengirim`, `status`, `slug`) VALUES (\'judul\', \'wano\', \'no : 123\', \'perihal : undangan\', \'lampiran : 1\', \'ayam\', \'16/02/2024\', \'udin\', \'published\', \'judul\')', 0)
 2 SYSTEMPATH\Database\BaseConnection.php(693): CodeIgniter\Database\MySQLi\Connection->execute('INSERT INTO `letter` (`title`, `alamat`, `no`, `perihal`, `lampiran`, `content`, `tanggal`, `pengirim`, `status`, `slug`) VALUES (\'judul\', \'wano\', \'no : 123\', \'perihal : undangan\', \'lampiran : 1\', \'ayam\', \'16/02/2024\', \'udin\', \'published\', \'judul\')')
 3 SYSTEMPATH\Database\BaseConnection.php(607): CodeIgniter\Database\BaseConnection->simpleQuery('INSERT INTO `letter` (`title`, `alamat`, `no`, `perihal`, `lampiran`, `content`, `tanggal`, `pengirim`, `status`, `slug`) VALUES (\'judul\', \'wano\', \'no : 123\', \'perihal : undangan\', \'lampiran : 1\', \'ayam\', \'16/02/2024\', \'udin\', \'published\', \'judul\')')
 4 SYSTEMPATH\Database\BaseBuilder.php(2302): CodeIgniter\Database\BaseConnection->query('INSERT INTO `letter` (`title`, `alamat`, `no`, `perihal`, `lampiran`, `content`, `tanggal`, `pengirim`, `status`, `slug`) VALUES (:title:, :alamat:, :no:, :perihal:, :lampiran:, :content:, :tanggal:, :pengirim:, :status:, :slug:)', [...], false)
 5 SYSTEMPATH\Model.php(326): CodeIgniter\Database\BaseBuilder->insert()
 6 SYSTEMPATH\BaseModel.php(802): CodeIgniter\Model->doInsert([...])
 7 SYSTEMPATH\Model.php(744): CodeIgniter\BaseModel->insert([...], true)
 8 APPPATH\Controllers\letteradmin.php(52): CodeIgniter\Model->insert([...])
 9 SYSTEMPATH\CodeIgniter.php(941): App\Controllers\letterAdmin->create()
10 SYSTEMPATH\CodeIgniter.php(502): CodeIgniter\CodeIgniter->runController(Object(App\Controllers\letterAdmin))
11 SYSTEMPATH\CodeIgniter.php(361): CodeIgniter\CodeIgniter->handleRequest(null, Object(Config\Cache), false)
12 FCPATH\index.php(79): CodeIgniter\CodeIgniter->run()
13 SYSTEMPATH\Commands\Server\rewrite.php(47): require_once('C:\\xampp\\htdocs\\web-ti\\public\\index.php')
ERROR - 2024-02-16 06:23:59 --> mysqli_sql_exception: Duplicate entry 'judul' for key 'slug' in C:\xampp\htdocs\web-ti\system\Database\MySQLi\Connection.php:306
Stack trace:
#0 C:\xampp\htdocs\web-ti\system\Database\MySQLi\Connection.php(306): mysqli->query('INSERT INTO `le...', 0)
#1 C:\xampp\htdocs\web-ti\system\Database\BaseConnection.php(693): CodeIgniter\Database\MySQLi\Connection->execute('INSERT INTO `le...')
#2 C:\xampp\htdocs\web-ti\system\Database\BaseConnection.php(607): CodeIgniter\Database\BaseConnection->simpleQuery('INSERT INTO `le...')
#3 C:\xampp\htdocs\web-ti\system\Database\BaseBuilder.php(2302): CodeIgniter\Database\BaseConnection->query('INSERT INTO `le...', Array, false)
#4 C:\xampp\htdocs\web-ti\system\Model.php(326): CodeIgniter\Database\BaseBuilder->insert()
#5 C:\xampp\htdocs\web-ti\system\BaseModel.php(802): CodeIgniter\Model->doInsert(Array)
#6 C:\xampp\htdocs\web-ti\system\Model.php(744): CodeIgniter\BaseModel->insert(Array, true)
#7 C:\xampp\htdocs\web-ti\app\Controllers\letteradmin.php(52): CodeIgniter\Model->insert(Array)
#8 C:\xampp\htdocs\web-ti\system\CodeIgniter.php(941): App\Controllers\letterAdmin->create()
#9 C:\xampp\htdocs\web-ti\system\CodeIgniter.php(502): CodeIgniter\CodeIgniter->runController(Object(App\Controllers\letterAdmin))
#10 C:\xampp\htdocs\web-ti\system\CodeIgniter.php(361): CodeIgniter\CodeIgniter->handleRequest(NULL, Object(Config\Cache), false)
#11 C:\xampp\htdocs\web-ti\public\index.php(79): CodeIgniter\CodeIgniter->run()
#12 C:\xampp\htdocs\web-ti\system\Commands\Server\rewrite.php(47): require_once('C:\\xampp\\htdocs...')
#13 {main}
CRITICAL - 2024-02-16 06:23:59 --> CodeIgniter\Database\Exceptions\DatabaseException: Duplicate entry 'judul' for key 'slug'
in SYSTEMPATH\Database\BaseConnection.php on line 647.
 1 SYSTEMPATH\Database\BaseBuilder.php(2302): CodeIgniter\Database\BaseConnection->query('INSERT INTO `letter` (`title`, `alamat`, `no`, `perihal`, `lampiran`, `content`, `tanggal`, `pengirim`, `status`, `slug`) VALUES (:title:, :alamat:, :no:, :perihal:, :lampiran:, :content:, :tanggal:, :pengirim:, :status:, :slug:)', [...], false)
 2 SYSTEMPATH\Model.php(326): CodeIgniter\Database\BaseBuilder->insert()
 3 SYSTEMPATH\BaseModel.php(802): CodeIgniter\Model->doInsert([...])
 4 SYSTEMPATH\Model.php(744): CodeIgniter\BaseModel->insert([...], true)
 5 APPPATH\Controllers\letteradmin.php(52): CodeIgniter\Model->insert([...])
 6 SYSTEMPATH\CodeIgniter.php(941): App\Controllers\letterAdmin->create()
 7 SYSTEMPATH\CodeIgniter.php(502): CodeIgniter\CodeIgniter->runController(Object(App\Controllers\letterAdmin))
 8 SYSTEMPATH\CodeIgniter.php(361): CodeIgniter\CodeIgniter->handleRequest(null, Object(Config\Cache), false)
 9 FCPATH\index.php(79): CodeIgniter\CodeIgniter->run()
10 SYSTEMPATH\Commands\Server\rewrite.php(47): require_once('C:\\xampp\\htdocs\\web-ti\\public\\index.php')
CRITICAL - 2024-02-16 06:23:59 --> [Caused by] CodeIgniter\Database\Exceptions\DatabaseException: Duplicate entry 'judul' for key 'slug'
in SYSTEMPATH\Database\MySQLi\Connection.php on line 311.
 1 SYSTEMPATH\Database\BaseConnection.php(693): CodeIgniter\Database\MySQLi\Connection->execute('INSERT INTO `letter` (`title`, `alamat`, `no`, `perihal`, `lampiran`, `content`, `tanggal`, `pengirim`, `status`, `slug`) VALUES (\'judul\', \'wano\', \'no : 123\', \'perihal : undangan\', \'lampiran : 1\', \'ayam\', \'16/02/2024\', \'udin\', \'published\', \'judul\')')
 2 SYSTEMPATH\Database\BaseConnection.php(607): CodeIgniter\Database\BaseConnection->simpleQuery('INSERT INTO `letter` (`title`, `alamat`, `no`, `perihal`, `lampiran`, `content`, `tanggal`, `pengirim`, `status`, `slug`) VALUES (\'judul\', \'wano\', \'no : 123\', \'perihal : undangan\', \'lampiran : 1\', \'ayam\', \'16/02/2024\', \'udin\', \'published\', \'judul\')')
 3 SYSTEMPATH\Database\BaseBuilder.php(2302): CodeIgniter\Database\BaseConnection->query('INSERT INTO `letter` (`title`, `alamat`, `no`, `perihal`, `lampiran`, `content`, `tanggal`, `pengirim`, `status`, `slug`) VALUES (:title:, :alamat:, :no:, :perihal:, :lampiran:, :content:, :tanggal:, :pengirim:, :status:, :slug:)', [...], false)
 4 SYSTEMPATH\Model.php(326): CodeIgniter\Database\BaseBuilder->insert()
 5 SYSTEMPATH\BaseModel.php(802): CodeIgniter\Model->doInsert([...])
 6 SYSTEMPATH\Model.php(744): CodeIgniter\BaseModel->insert([...], true)
 7 APPPATH\Controllers\letteradmin.php(52): CodeIgniter\Model->insert([...])
 8 SYSTEMPATH\CodeIgniter.php(941): App\Controllers\letterAdmin->create()
 9 SYSTEMPATH\CodeIgniter.php(502): CodeIgniter\CodeIgniter->runController(Object(App\Controllers\letterAdmin))
10 SYSTEMPATH\CodeIgniter.php(361): CodeIgniter\CodeIgniter->handleRequest(null, Object(Config\Cache), false)
11 FCPATH\index.php(79): CodeIgniter\CodeIgniter->run()
12 SYSTEMPATH\Commands\Server\rewrite.php(47): require_once('C:\\xampp\\htdocs\\web-ti\\public\\index.php')
CRITICAL - 2024-02-16 06:23:59 --> [Caused by] mysqli_sql_exception: Duplicate entry 'judul' for key 'slug'
in SYSTEMPATH\Database\MySQLi\Connection.php on line 306.
 1 SYSTEMPATH\Database\MySQLi\Connection.php(306): mysqli->query('INSERT INTO `letter` (`title`, `alamat`, `no`, `perihal`, `lampiran`, `content`, `tanggal`, `pengirim`, `status`, `slug`) VALUES (\'judul\', \'wano\', \'no : 123\', \'perihal : undangan\', \'lampiran : 1\', \'ayam\', \'16/02/2024\', \'udin\', \'published\', \'judul\')', 0)
 2 SYSTEMPATH\Database\BaseConnection.php(693): CodeIgniter\Database\MySQLi\Connection->execute('INSERT INTO `letter` (`title`, `alamat`, `no`, `perihal`, `lampiran`, `content`, `tanggal`, `pengirim`, `status`, `slug`) VALUES (\'judul\', \'wano\', \'no : 123\', \'perihal : undangan\', \'lampiran : 1\', \'ayam\', \'16/02/2024\', \'udin\', \'published\', \'judul\')')
 3 SYSTEMPATH\Database\BaseConnection.php(607): CodeIgniter\Database\BaseConnection->simpleQuery('INSERT INTO `letter` (`title`, `alamat`, `no`, `perihal`, `lampiran`, `content`, `tanggal`, `pengirim`, `status`, `slug`) VALUES (\'judul\', \'wano\', \'no : 123\', \'perihal : undangan\', \'lampiran : 1\', \'ayam\', \'16/02/2024\', \'udin\', \'published\', \'judul\')')
 4 SYSTEMPATH\Database\BaseBuilder.php(2302): CodeIgniter\Database\BaseConnection->query('INSERT INTO `letter` (`title`, `alamat`, `no`, `perihal`, `lampiran`, `content`, `tanggal`, `pengirim`, `status`, `slug`) VALUES (:title:, :alamat:, :no:, :perihal:, :lampiran:, :content:, :tanggal:, :pengirim:, :status:, :slug:)', [...], false)
 5 SYSTEMPATH\Model.php(326): CodeIgniter\Database\BaseBuilder->insert()
 6 SYSTEMPATH\BaseModel.php(802): CodeIgniter\Model->doInsert([...])
 7 SYSTEMPATH\Model.php(744): CodeIgniter\BaseModel->insert([...], true)
 8 APPPATH\Controllers\letteradmin.php(52): CodeIgniter\Model->insert([...])
 9 SYSTEMPATH\CodeIgniter.php(941): App\Controllers\letterAdmin->create()
10 SYSTEMPATH\CodeIgniter.php(502): CodeIgniter\CodeIgniter->runController(Object(App\Controllers\letterAdmin))
11 SYSTEMPATH\CodeIgniter.php(361): CodeIgniter\CodeIgniter->handleRequest(null, Object(Config\Cache), false)
12 FCPATH\index.php(79): CodeIgniter\CodeIgniter->run()
13 SYSTEMPATH\Commands\Server\rewrite.php(47): require_once('C:\\xampp\\htdocs\\web-ti\\public\\index.php')
ERROR - 2024-02-16 06:32:49 --> mysqli_sql_exception: Duplicate entry 'judul' for key 'slug' in C:\xampp\htdocs\web-ti\system\Database\MySQLi\Connection.php:306
Stack trace:
#0 C:\xampp\htdocs\web-ti\system\Database\MySQLi\Connection.php(306): mysqli->query('INSERT INTO `le...', 0)
#1 C:\xampp\htdocs\web-ti\system\Database\BaseConnection.php(693): CodeIgniter\Database\MySQLi\Connection->execute('INSERT INTO `le...')
#2 C:\xampp\htdocs\web-ti\system\Database\BaseConnection.php(607): CodeIgniter\Database\BaseConnection->simpleQuery('INSERT INTO `le...')
#3 C:\xampp\htdocs\web-ti\system\Database\BaseBuilder.php(2302): CodeIgniter\Database\BaseConnection->query('INSERT INTO `le...', Array, false)
#4 C:\xampp\htdocs\web-ti\system\Model.php(326): CodeIgniter\Database\BaseBuilder->insert()
#5 C:\xampp\htdocs\web-ti\system\BaseModel.php(802): CodeIgniter\Model->doInsert(Array)
#6 C:\xampp\htdocs\web-ti\system\Model.php(744): CodeIgniter\BaseModel->insert(Array, true)
#7 C:\xampp\htdocs\web-ti\app\Controllers\letteradmin.php(52): CodeIgniter\Model->insert(Array)
#8 C:\xampp\htdocs\web-ti\system\CodeIgniter.php(941): App\Controllers\letterAdmin->create()
#9 C:\xampp\htdocs\web-ti\system\CodeIgniter.php(502): CodeIgniter\CodeIgniter->runController(Object(App\Controllers\letterAdmin))
#10 C:\xampp\htdocs\web-ti\system\CodeIgniter.php(361): CodeIgniter\CodeIgniter->handleRequest(NULL, Object(Config\Cache), false)
#11 C:\xampp\htdocs\web-ti\public\index.php(79): CodeIgniter\CodeIgniter->run()
#12 C:\xampp\htdocs\web-ti\system\Commands\Server\rewrite.php(47): require_once('C:\\xampp\\htdocs...')
#13 {main}
CRITICAL - 2024-02-16 06:32:49 --> CodeIgniter\Database\Exceptions\DatabaseException: Duplicate entry 'judul' for key 'slug'
in SYSTEMPATH\Database\BaseConnection.php on line 647.
 1 SYSTEMPATH\Database\BaseBuilder.php(2302): CodeIgniter\Database\BaseConnection->query('INSERT INTO `letter` (`title`, `alamat`, `no`, `perihal`, `lampiran`, `content`, `tanggal`, `pengirim`, `status`, `slug`) VALUES (:title:, :alamat:, :no:, :perihal:, :lampiran:, :content:, :tanggal:, :pengirim:, :status:, :slug:)', [...], false)
 2 SYSTEMPATH\Model.php(326): CodeIgniter\Database\BaseBuilder->insert()
 3 SYSTEMPATH\BaseModel.php(802): CodeIgniter\Model->doInsert([...])
 4 SYSTEMPATH\Model.php(744): CodeIgniter\BaseModel->insert([...], true)
 5 APPPATH\Controllers\letteradmin.php(52): CodeIgniter\Model->insert([...])
 6 SYSTEMPATH\CodeIgniter.php(941): App\Controllers\letterAdmin->create()
 7 SYSTEMPATH\CodeIgniter.php(502): CodeIgniter\CodeIgniter->runController(Object(App\Controllers\letterAdmin))
 8 SYSTEMPATH\CodeIgniter.php(361): CodeIgniter\CodeIgniter->handleRequest(null, Object(Config\Cache), false)
 9 FCPATH\index.php(79): CodeIgniter\CodeIgniter->run()
10 SYSTEMPATH\Commands\Server\rewrite.php(47): require_once('C:\\xampp\\htdocs\\web-ti\\public\\index.php')
CRITICAL - 2024-02-16 06:32:49 --> [Caused by] CodeIgniter\Database\Exceptions\DatabaseException: Duplicate entry 'judul' for key 'slug'
in SYSTEMPATH\Database\MySQLi\Connection.php on line 311.
 1 SYSTEMPATH\Database\BaseConnection.php(693): CodeIgniter\Database\MySQLi\Connection->execute('INSERT INTO `letter` (`title`, `alamat`, `no`, `perihal`, `lampiran`, `content`, `tanggal`, `pengirim`, `status`, `slug`) VALUES (\'judul\', \'wano\', \'no : 123\', \'perihal : undangan\', \'lampiran : 1\', \'ayam\', \'16/02/2024\', \'udin\', \'published\', \'judul\')')
 2 SYSTEMPATH\Database\BaseConnection.php(607): CodeIgniter\Database\BaseConnection->simpleQuery('INSERT INTO `letter` (`title`, `alamat`, `no`, `perihal`, `lampiran`, `content`, `tanggal`, `pengirim`, `status`, `slug`) VALUES (\'judul\', \'wano\', \'no : 123\', \'perihal : undangan\', \'lampiran : 1\', \'ayam\', \'16/02/2024\', \'udin\', \'published\', \'judul\')')
 3 SYSTEMPATH\Database\BaseBuilder.php(2302): CodeIgniter\Database\BaseConnection->query('INSERT INTO `letter` (`title`, `alamat`, `no`, `perihal`, `lampiran`, `content`, `tanggal`, `pengirim`, `status`, `slug`) VALUES (:title:, :alamat:, :no:, :perihal:, :lampiran:, :content:, :tanggal:, :pengirim:, :status:, :slug:)', [...], false)
 4 SYSTEMPATH\Model.php(326): CodeIgniter\Database\BaseBuilder->insert()
 5 SYSTEMPATH\BaseModel.php(802): CodeIgniter\Model->doInsert([...])
 6 SYSTEMPATH\Model.php(744): CodeIgniter\BaseModel->insert([...], true)
 7 APPPATH\Controllers\letteradmin.php(52): CodeIgniter\Model->insert([...])
 8 SYSTEMPATH\CodeIgniter.php(941): App\Controllers\letterAdmin->create()
 9 SYSTEMPATH\CodeIgniter.php(502): CodeIgniter\CodeIgniter->runController(Object(App\Controllers\letterAdmin))
10 SYSTEMPATH\CodeIgniter.php(361): CodeIgniter\CodeIgniter->handleRequest(null, Object(Config\Cache), false)
11 FCPATH\index.php(79): CodeIgniter\CodeIgniter->run()
12 SYSTEMPATH\Commands\Server\rewrite.php(47): require_once('C:\\xampp\\htdocs\\web-ti\\public\\index.php')
CRITICAL - 2024-02-16 06:32:49 --> [Caused by] mysqli_sql_exception: Duplicate entry 'judul' for key 'slug'
in SYSTEMPATH\Database\MySQLi\Connection.php on line 306.
 1 SYSTEMPATH\Database\MySQLi\Connection.php(306): mysqli->query('INSERT INTO `letter` (`title`, `alamat`, `no`, `perihal`, `lampiran`, `content`, `tanggal`, `pengirim`, `status`, `slug`) VALUES (\'judul\', \'wano\', \'no : 123\', \'perihal : undangan\', \'lampiran : 1\', \'ayam\', \'16/02/2024\', \'udin\', \'published\', \'judul\')', 0)
 2 SYSTEMPATH\Database\BaseConnection.php(693): CodeIgniter\Database\MySQLi\Connection->execute('INSERT INTO `letter` (`title`, `alamat`, `no`, `perihal`, `lampiran`, `content`, `tanggal`, `pengirim`, `status`, `slug`) VALUES (\'judul\', \'wano\', \'no : 123\', \'perihal : undangan\', \'lampiran : 1\', \'ayam\', \'16/02/2024\', \'udin\', \'published\', \'judul\')')
 3 SYSTEMPATH\Database\BaseConnection.php(607): CodeIgniter\Database\BaseConnection->simpleQuery('INSERT INTO `letter` (`title`, `alamat`, `no`, `perihal`, `lampiran`, `content`, `tanggal`, `pengirim`, `status`, `slug`) VALUES (\'judul\', \'wano\', \'no : 123\', \'perihal : undangan\', \'lampiran : 1\', \'ayam\', \'16/02/2024\', \'udin\', \'published\', \'judul\')')
 4 SYSTEMPATH\Database\BaseBuilder.php(2302): CodeIgniter\Database\BaseConnection->query('INSERT INTO `letter` (`title`, `alamat`, `no`, `perihal`, `lampiran`, `content`, `tanggal`, `pengirim`, `status`, `slug`) VALUES (:title:, :alamat:, :no:, :perihal:, :lampiran:, :content:, :tanggal:, :pengirim:, :status:, :slug:)', [...], false)
 5 SYSTEMPATH\Model.php(326): CodeIgniter\Database\BaseBuilder->insert()
 6 SYSTEMPATH\BaseModel.php(802): CodeIgniter\Model->doInsert([...])
 7 SYSTEMPATH\Model.php(744): CodeIgniter\BaseModel->insert([...], true)
 8 APPPATH\Controllers\letteradmin.php(52): CodeIgniter\Model->insert([...])
 9 SYSTEMPATH\CodeIgniter.php(941): App\Controllers\letterAdmin->create()
10 SYSTEMPATH\CodeIgniter.php(502): CodeIgniter\CodeIgniter->runController(Object(App\Controllers\letterAdmin))
11 SYSTEMPATH\CodeIgniter.php(361): CodeIgniter\CodeIgniter->handleRequest(null, Object(Config\Cache), false)
12 FCPATH\index.php(79): CodeIgniter\CodeIgniter->run()
13 SYSTEMPATH\Commands\Server\rewrite.php(47): require_once('C:\\xampp\\htdocs\\web-ti\\public\\index.php')
ERROR - 2024-02-16 06:33:12 --> mysqli_sql_exception: Duplicate entry 'judul' for key 'slug' in C:\xampp\htdocs\web-ti\system\Database\MySQLi\Connection.php:306
Stack trace:
#0 C:\xampp\htdocs\web-ti\system\Database\MySQLi\Connection.php(306): mysqli->query('INSERT INTO `le...', 0)
#1 C:\xampp\htdocs\web-ti\system\Database\BaseConnection.php(693): CodeIgniter\Database\MySQLi\Connection->execute('INSERT INTO `le...')
#2 C:\xampp\htdocs\web-ti\system\Database\BaseConnection.php(607): CodeIgniter\Database\BaseConnection->simpleQuery('INSERT INTO `le...')
#3 C:\xampp\htdocs\web-ti\system\Database\BaseBuilder.php(2302): CodeIgniter\Database\BaseConnection->query('INSERT INTO `le...', Array, false)
#4 C:\xampp\htdocs\web-ti\system\Model.php(326): CodeIgniter\Database\BaseBuilder->insert()
#5 C:\xampp\htdocs\web-ti\system\BaseModel.php(802): CodeIgniter\Model->doInsert(Array)
#6 C:\xampp\htdocs\web-ti\system\Model.php(744): CodeIgniter\BaseModel->insert(Array, true)
#7 C:\xampp\htdocs\web-ti\app\Controllers\letteradmin.php(52): CodeIgniter\Model->insert(Array)
#8 C:\xampp\htdocs\web-ti\system\CodeIgniter.php(941): App\Controllers\letterAdmin->create()
#9 C:\xampp\htdocs\web-ti\system\CodeIgniter.php(502): CodeIgniter\CodeIgniter->runController(Object(App\Controllers\letterAdmin))
#10 C:\xampp\htdocs\web-ti\system\CodeIgniter.php(361): CodeIgniter\CodeIgniter->handleRequest(NULL, Object(Config\Cache), false)
#11 C:\xampp\htdocs\web-ti\public\index.php(79): CodeIgniter\CodeIgniter->run()
#12 C:\xampp\htdocs\web-ti\system\Commands\Server\rewrite.php(47): require_once('C:\\xampp\\htdocs...')
#13 {main}
CRITICAL - 2024-02-16 06:33:12 --> CodeIgniter\Database\Exceptions\DatabaseException: Duplicate entry 'judul' for key 'slug'
in SYSTEMPATH\Database\BaseConnection.php on line 647.
 1 SYSTEMPATH\Database\BaseBuilder.php(2302): CodeIgniter\Database\BaseConnection->query('INSERT INTO `letter` (`title`, `alamat`, `no`, `perihal`, `lampiran`, `content`, `tanggal`, `pengirim`, `status`, `slug`) VALUES (:title:, :alamat:, :no:, :perihal:, :lampiran:, :content:, :tanggal:, :pengirim:, :status:, :slug:)', [...], false)
 2 SYSTEMPATH\Model.php(326): CodeIgniter\Database\BaseBuilder->insert()
 3 SYSTEMPATH\BaseModel.php(802): CodeIgniter\Model->doInsert([...])
 4 SYSTEMPATH\Model.php(744): CodeIgniter\BaseModel->insert([...], true)
 5 APPPATH\Controllers\letteradmin.php(52): CodeIgniter\Model->insert([...])
 6 SYSTEMPATH\CodeIgniter.php(941): App\Controllers\letterAdmin->create()
 7 SYSTEMPATH\CodeIgniter.php(502): CodeIgniter\CodeIgniter->runController(Object(App\Controllers\letterAdmin))
 8 SYSTEMPATH\CodeIgniter.php(361): CodeIgniter\CodeIgniter->handleRequest(null, Object(Config\Cache), false)
 9 FCPATH\index.php(79): CodeIgniter\CodeIgniter->run()
10 SYSTEMPATH\Commands\Server\rewrite.php(47): require_once('C:\\xampp\\htdocs\\web-ti\\public\\index.php')
CRITICAL - 2024-02-16 06:33:12 --> [Caused by] CodeIgniter\Database\Exceptions\DatabaseException: Duplicate entry 'judul' for key 'slug'
in SYSTEMPATH\Database\MySQLi\Connection.php on line 311.
 1 SYSTEMPATH\Database\BaseConnection.php(693): CodeIgniter\Database\MySQLi\Connection->execute('INSERT INTO `letter` (`title`, `alamat`, `no`, `perihal`, `lampiran`, `content`, `tanggal`, `pengirim`, `status`, `slug`) VALUES (\'judul\', \'wano\', \'no : 123\', \'perihal : undangan\', \'lampiran : 1\', \'ayam\', \'16/02/2024\', \'udin\', \'published\', \'judul\')')
 2 SYSTEMPATH\Database\BaseConnection.php(607): CodeIgniter\Database\BaseConnection->simpleQuery('INSERT INTO `letter` (`title`, `alamat`, `no`, `perihal`, `lampiran`, `content`, `tanggal`, `pengirim`, `status`, `slug`) VALUES (\'judul\', \'wano\', \'no : 123\', \'perihal : undangan\', \'lampiran : 1\', \'ayam\', \'16/02/2024\', \'udin\', \'published\', \'judul\')')
 3 SYSTEMPATH\Database\BaseBuilder.php(2302): CodeIgniter\Database\BaseConnection->query('INSERT INTO `letter` (`title`, `alamat`, `no`, `perihal`, `lampiran`, `content`, `tanggal`, `pengirim`, `status`, `slug`) VALUES (:title:, :alamat:, :no:, :perihal:, :lampiran:, :content:, :tanggal:, :pengirim:, :status:, :slug:)', [...], false)
 4 SYSTEMPATH\Model.php(326): CodeIgniter\Database\BaseBuilder->insert()
 5 SYSTEMPATH\BaseModel.php(802): CodeIgniter\Model->doInsert([...])
 6 SYSTEMPATH\Model.php(744): CodeIgniter\BaseModel->insert([...], true)
 7 APPPATH\Controllers\letteradmin.php(52): CodeIgniter\Model->insert([...])
 8 SYSTEMPATH\CodeIgniter.php(941): App\Controllers\letterAdmin->create()
 9 SYSTEMPATH\CodeIgniter.php(502): CodeIgniter\CodeIgniter->runController(Object(App\Controllers\letterAdmin))
10 SYSTEMPATH\CodeIgniter.php(361): CodeIgniter\CodeIgniter->handleRequest(null, Object(Config\Cache), false)
11 FCPATH\index.php(79): CodeIgniter\CodeIgniter->run()
12 SYSTEMPATH\Commands\Server\rewrite.php(47): require_once('C:\\xampp\\htdocs\\web-ti\\public\\index.php')
CRITICAL - 2024-02-16 06:33:12 --> [Caused by] mysqli_sql_exception: Duplicate entry 'judul' for key 'slug'
in SYSTEMPATH\Database\MySQLi\Connection.php on line 306.
 1 SYSTEMPATH\Database\MySQLi\Connection.php(306): mysqli->query('INSERT INTO `letter` (`title`, `alamat`, `no`, `perihal`, `lampiran`, `content`, `tanggal`, `pengirim`, `status`, `slug`) VALUES (\'judul\', \'wano\', \'no : 123\', \'perihal : undangan\', \'lampiran : 1\', \'ayam\', \'16/02/2024\', \'udin\', \'published\', \'judul\')', 0)
 2 SYSTEMPATH\Database\BaseConnection.php(693): CodeIgniter\Database\MySQLi\Connection->execute('INSERT INTO `letter` (`title`, `alamat`, `no`, `perihal`, `lampiran`, `content`, `tanggal`, `pengirim`, `status`, `slug`) VALUES (\'judul\', \'wano\', \'no : 123\', \'perihal : undangan\', \'lampiran : 1\', \'ayam\', \'16/02/2024\', \'udin\', \'published\', \'judul\')')
 3 SYSTEMPATH\Database\BaseConnection.php(607): CodeIgniter\Database\BaseConnection->simpleQuery('INSERT INTO `letter` (`title`, `alamat`, `no`, `perihal`, `lampiran`, `content`, `tanggal`, `pengirim`, `status`, `slug`) VALUES (\'judul\', \'wano\', \'no : 123\', \'perihal : undangan\', \'lampiran : 1\', \'ayam\', \'16/02/2024\', \'udin\', \'published\', \'judul\')')
 4 SYSTEMPATH\Database\BaseBuilder.php(2302): CodeIgniter\Database\BaseConnection->query('INSERT INTO `letter` (`title`, `alamat`, `no`, `perihal`, `lampiran`, `content`, `tanggal`, `pengirim`, `status`, `slug`) VALUES (:title:, :alamat:, :no:, :perihal:, :lampiran:, :content:, :tanggal:, :pengirim:, :status:, :slug:)', [...], false)
 5 SYSTEMPATH\Model.php(326): CodeIgniter\Database\BaseBuilder->insert()
 6 SYSTEMPATH\BaseModel.php(802): CodeIgniter\Model->doInsert([...])
 7 SYSTEMPATH\Model.php(744): CodeIgniter\BaseModel->insert([...], true)
 8 APPPATH\Controllers\letteradmin.php(52): CodeIgniter\Model->insert([...])
 9 SYSTEMPATH\CodeIgniter.php(941): App\Controllers\letterAdmin->create()
10 SYSTEMPATH\CodeIgniter.php(502): CodeIgniter\CodeIgniter->runController(Object(App\Controllers\letterAdmin))
11 SYSTEMPATH\CodeIgniter.php(361): CodeIgniter\CodeIgniter->handleRequest(null, Object(Config\Cache), false)
12 FCPATH\index.php(79): CodeIgniter\CodeIgniter->run()
13 SYSTEMPATH\Commands\Server\rewrite.php(47): require_once('C:\\xampp\\htdocs\\web-ti\\public\\index.php')
