CRITICAL - 2024-03-04 03:05:46 --> Error: Class "App\Models\surat_rekomendasiModel" not found
in APPPATH\Controllers\surat_rekomendasi.php on line 13.
 1 SYSTEMPATH\CodeIgniter.php(941): App\Controllers\surat_rekomendasi->index()
 2 SYSTEMPATH\CodeIgniter.php(502): CodeIgniter\CodeIgniter->runController(Object(App\Controllers\surat_rekomendasi))
 3 SYSTEMPATH\CodeIgniter.php(361): CodeIgniter\CodeIgniter->handleRequest(null, Object(Config\Cache), false)
 4 FCPATH\index.php(79): CodeIgniter\CodeIgniter->run()
 5 SYSTEMPATH\Commands\Server\rewrite.php(47): require_once('C:\\xampp\\htdocs\\nasi-campur\\public\\index.php')
CRITICAL - 2024-03-04 03:16:24 --> Error: Class "App\Models\surat_rekomendasiModel" not found
in APPPATH\Controllers\surat_rekomendasi.php on line 13.
 1 SYSTEMPATH\CodeIgniter.php(941): App\Controllers\surat_rekomendasi->index()
 2 SYSTEMPATH\CodeIgniter.php(502): CodeIgniter\CodeIgniter->runController(Object(App\Controllers\surat_rekomendasi))
 3 SYSTEMPATH\CodeIgniter.php(361): CodeIgniter\CodeIgniter->handleRequest(null, Object(Config\Cache), false)
 4 FCPATH\index.php(79): CodeIgniter\CodeIgniter->run()
 5 SYSTEMPATH\Commands\Server\rewrite.php(47): require_once('C:\\xampp\\htdocs\\nasi-campur\\public\\index.php')
CRITICAL - 2024-03-04 03:16:27 --> Error: Class "App\Models\surat_rekomendasiModel" not found
in APPPATH\Controllers\surat_rekomendasi.php on line 13.
 1 SYSTEMPATH\CodeIgniter.php(941): App\Controllers\surat_rekomendasi->index()
 2 SYSTEMPATH\CodeIgniter.php(502): CodeIgniter\CodeIgniter->runController(Object(App\Controllers\surat_rekomendasi))
 3 SYSTEMPATH\CodeIgniter.php(361): CodeIgniter\CodeIgniter->handleRequest(null, Object(Config\Cache), false)
 4 FCPATH\index.php(79): CodeIgniter\CodeIgniter->run()
 5 SYSTEMPATH\Commands\Server\rewrite.php(47): require_once('C:\\xampp\\htdocs\\nasi-campur\\public\\index.php')
CRITICAL - 2024-03-04 03:43:03 --> Error: Class "App\Models\surkomModel" not found
in APPPATH\Controllers\surkom.php on line 13.
 1 SYSTEMPATH\CodeIgniter.php(941): App\Controllers\surkom->index()
 2 SYSTEMPATH\CodeIgniter.php(502): CodeIgniter\CodeIgniter->runController(Object(App\Controllers\surkom))
 3 SYSTEMPATH\CodeIgniter.php(361): CodeIgniter\CodeIgniter->handleRequest(null, Object(Config\Cache), false)
 4 FCPATH\index.php(79): CodeIgniter\CodeIgniter->run()
 5 SYSTEMPATH\Commands\Server\rewrite.php(47): require_once('C:\\xampp\\htdocs\\nasi-campur\\public\\index.php')
CRITICAL - 2024-03-04 03:43:19 --> Error: Class "App\Models\surkomModel" not found
in APPPATH\Controllers\surkom.php on line 13.
 1 SYSTEMPATH\CodeIgniter.php(941): App\Controllers\surkom->index()
 2 SYSTEMPATH\CodeIgniter.php(502): CodeIgniter\CodeIgniter->runController(Object(App\Controllers\surkom))
 3 SYSTEMPATH\CodeIgniter.php(361): CodeIgniter\CodeIgniter->handleRequest(null, Object(Config\Cache), false)
 4 FCPATH\index.php(79): CodeIgniter\CodeIgniter->run()
 5 SYSTEMPATH\Commands\Server\rewrite.php(47): require_once('C:\\xampp\\htdocs\\nasi-campur\\public\\index.php')
CRITICAL - 2024-03-04 07:27:35 --> Error: Class "App\Models\surkomModel" not found
in APPPATH\Controllers\surkomAdmin.php on line 12.
 1 SYSTEMPATH\CodeIgniter.php(941): App\Controllers\surkomAdmin->index()
 2 SYSTEMPATH\CodeIgniter.php(502): CodeIgniter\CodeIgniter->runController(Object(App\Controllers\surkomAdmin))
 3 SYSTEMPATH\CodeIgniter.php(361): CodeIgniter\CodeIgniter->handleRequest(null, Object(Config\Cache), false)
 4 FCPATH\index.php(79): CodeIgniter\CodeIgniter->run()
 5 SYSTEMPATH\Commands\Server\rewrite.php(47): require_once('C:\\xampp\\htdocs\\nasi-campur\\public\\index.php')
