ERROR - 2024-03-06 05:43:47 --> mysqli_sql_exception: You have an error in your SQL syntax; check the manual that corresponds to your MariaDB server version for the right syntax to use near '`pengirim`, `status`, `slug`) VALUES ('d', '123', 'd', 's', '33', 'fdf', '444...' at line 1 in C:\xampp\htdocs\nasi-campur\system\Database\MySQLi\Connection.php:306
Stack trace:
#0 C:\xampp\htdocs\nasi-campur\system\Database\MySQLi\Connection.php(306): mysqli->query('INSERT INTO `su...', 0)
#1 C:\xampp\htdocs\nasi-campur\system\Database\BaseConnection.php(693): CodeIgniter\Database\MySQLi\Connection->execute('INSERT INTO `su...')
#2 C:\xampp\htdocs\nasi-campur\system\Database\BaseConnection.php(607): CodeIgniter\Database\BaseConnection->simpleQuery('INSERT INTO `su...')
#3 C:\xampp\htdocs\nasi-campur\system\Database\BaseBuilder.php(2302): CodeIgniter\Database\BaseConnection->query('INSERT INTO `su...', Array, false)
#4 C:\xampp\htdocs\nasi-campur\system\Model.php(326): CodeIgniter\Database\BaseBuilder->insert()
#5 C:\xampp\htdocs\nasi-campur\system\BaseModel.php(802): CodeIgniter\Model->doInsert(Array)
#6 C:\xampp\htdocs\nasi-campur\system\Model.php(744): CodeIgniter\BaseModel->insert(Array, true)
#7 C:\xampp\htdocs\nasi-campur\app\Controllers\surkomAdmin.php(61): CodeIgniter\Model->insert(Array)
#8 C:\xampp\htdocs\nasi-campur\system\CodeIgniter.php(941): App\Controllers\surkomAdmin->create()
#9 C:\xampp\htdocs\nasi-campur\system\CodeIgniter.php(502): CodeIgniter\CodeIgniter->runController(Object(App\Controllers\surkomAdmin))
#10 C:\xampp\htdocs\nasi-campur\system\CodeIgniter.php(361): CodeIgniter\CodeIgniter->handleRequest(NULL, Object(Config\Cache), false)
#11 C:\xampp\htdocs\nasi-campur\public\index.php(79): CodeIgniter\CodeIgniter->run()
#12 C:\xampp\htdocs\nasi-campur\system\Commands\Server\rewrite.php(47): require_once('C:\\xampp\\htdocs...')
#13 {main}
CRITICAL - 2024-03-06 05:43:47 --> CodeIgniter\Database\Exceptions\DatabaseException: You have an error in your SQL syntax; check the manual that corresponds to your MariaDB server version for the right syntax to use near '`pengirim`, `status`, `slug`) VALUES ('d', '123', 'd', 's', '33', 'fdf', '444...' at line 1
in SYSTEMPATH\Database\BaseConnection.php on line 647.
 1 SYSTEMPATH\Database\BaseBuilder.php(2302): CodeIgniter\Database\BaseConnection->query('INSERT INTO `surkom` (`title`, `no`, `nama1`, `jabatan`, `nip`, `e-mail`, `telp`, `nama2`, `nim`, `jurusan`, `fakultas`, `semester`, `ipk`, `sks`, `content`, `tanggal`, `nama` `pengirim`, `status`, `slug`) VALUES (:title:, :no:, :nama1:, :jabatan:, :nip:, :e-mail:, :telp:, :nama2:, :nim:, :jurusan:, :fakultas:, :semester:, :ipk:, :sks:, :content:, :tanggal:, :nama pengirim:, :status:, :slug:)', [...], false)
 2 SYSTEMPATH\Model.php(326): CodeIgniter\Database\BaseBuilder->insert()
 3 SYSTEMPATH\BaseModel.php(802): CodeIgniter\Model->doInsert([...])
 4 SYSTEMPATH\Model.php(744): CodeIgniter\BaseModel->insert([...], true)
 5 APPPATH\Controllers\surkomAdmin.php(61): CodeIgniter\Model->insert([...])
 6 SYSTEMPATH\CodeIgniter.php(941): App\Controllers\surkomAdmin->create()
 7 SYSTEMPATH\CodeIgniter.php(502): CodeIgniter\CodeIgniter->runController(Object(App\Controllers\surkomAdmin))
 8 SYSTEMPATH\CodeIgniter.php(361): CodeIgniter\CodeIgniter->handleRequest(null, Object(Config\Cache), false)
 9 FCPATH\index.php(79): CodeIgniter\CodeIgniter->run()
10 SYSTEMPATH\Commands\Server\rewrite.php(47): require_once('C:\\xampp\\htdocs\\nasi-campur\\public\\index.php')
CRITICAL - 2024-03-06 05:43:47 --> [Caused by] CodeIgniter\Database\Exceptions\DatabaseException: You have an error in your SQL syntax; check the manual that corresponds to your MariaDB server version for the right syntax to use near '`pengirim`, `status`, `slug`) VALUES ('d', '123', 'd', 's', '33', 'fdf', '444...' at line 1
in SYSTEMPATH\Database\MySQLi\Connection.php on line 311.
 1 SYSTEMPATH\Database\BaseConnection.php(693): CodeIgniter\Database\MySQLi\Connection->execute('INSERT INTO `surkom` (`title`, `no`, `nama1`, `jabatan`, `nip`, `e-mail`, `telp`, `nama2`, `nim`, `jurusan`, `fakultas`, `semester`, `ipk`, `sks`, `content`, `tanggal`, `nama` `pengirim`, `status`, `slug`) VALUES (\'d\', \'123\', \'d\', \'s\', \'33\', \'fdf\', \'4444\', \'gg\', \'45345\', \'ggf\', \'h\', \'5\', \'33\', \'3432\', \'fgbfgh\', \'21/02/2024\', NULL, \'published\', \'d\')')
 2 SYSTEMPATH\Database\BaseConnection.php(607): CodeIgniter\Database\BaseConnection->simpleQuery('INSERT INTO `surkom` (`title`, `no`, `nama1`, `jabatan`, `nip`, `e-mail`, `telp`, `nama2`, `nim`, `jurusan`, `fakultas`, `semester`, `ipk`, `sks`, `content`, `tanggal`, `nama` `pengirim`, `status`, `slug`) VALUES (\'d\', \'123\', \'d\', \'s\', \'33\', \'fdf\', \'4444\', \'gg\', \'45345\', \'ggf\', \'h\', \'5\', \'33\', \'3432\', \'fgbfgh\', \'21/02/2024\', NULL, \'published\', \'d\')')
 3 SYSTEMPATH\Database\BaseBuilder.php(2302): CodeIgniter\Database\BaseConnection->query('INSERT INTO `surkom` (`title`, `no`, `nama1`, `jabatan`, `nip`, `e-mail`, `telp`, `nama2`, `nim`, `jurusan`, `fakultas`, `semester`, `ipk`, `sks`, `content`, `tanggal`, `nama` `pengirim`, `status`, `slug`) VALUES (:title:, :no:, :nama1:, :jabatan:, :nip:, :e-mail:, :telp:, :nama2:, :nim:, :jurusan:, :fakultas:, :semester:, :ipk:, :sks:, :content:, :tanggal:, :nama pengirim:, :status:, :slug:)', [...], false)
 4 SYSTEMPATH\Model.php(326): CodeIgniter\Database\BaseBuilder->insert()
 5 SYSTEMPATH\BaseModel.php(802): CodeIgniter\Model->doInsert([...])
 6 SYSTEMPATH\Model.php(744): CodeIgniter\BaseModel->insert([...], true)
 7 APPPATH\Controllers\surkomAdmin.php(61): CodeIgniter\Model->insert([...])
 8 SYSTEMPATH\CodeIgniter.php(941): App\Controllers\surkomAdmin->create()
 9 SYSTEMPATH\CodeIgniter.php(502): CodeIgniter\CodeIgniter->runController(Object(App\Controllers\surkomAdmin))
10 SYSTEMPATH\CodeIgniter.php(361): CodeIgniter\CodeIgniter->handleRequest(null, Object(Config\Cache), false)
11 FCPATH\index.php(79): CodeIgniter\CodeIgniter->run()
12 SYSTEMPATH\Commands\Server\rewrite.php(47): require_once('C:\\xampp\\htdocs\\nasi-campur\\public\\index.php')
CRITICAL - 2024-03-06 05:43:47 --> [Caused by] mysqli_sql_exception: You have an error in your SQL syntax; check the manual that corresponds to your MariaDB server version for the right syntax to use near '`pengirim`, `status`, `slug`) VALUES ('d', '123', 'd', 's', '33', 'fdf', '444...' at line 1
in SYSTEMPATH\Database\MySQLi\Connection.php on line 306.
 1 SYSTEMPATH\Database\MySQLi\Connection.php(306): mysqli->query('INSERT INTO `surkom` (`title`, `no`, `nama1`, `jabatan`, `nip`, `e-mail`, `telp`, `nama2`, `nim`, `jurusan`, `fakultas`, `semester`, `ipk`, `sks`, `content`, `tanggal`, `nama` `pengirim`, `status`, `slug`) VALUES (\'d\', \'123\', \'d\', \'s\', \'33\', \'fdf\', \'4444\', \'gg\', \'45345\', \'ggf\', \'h\', \'5\', \'33\', \'3432\', \'fgbfgh\', \'21/02/2024\', NULL, \'published\', \'d\')', 0)
 2 SYSTEMPATH\Database\BaseConnection.php(693): CodeIgniter\Database\MySQLi\Connection->execute('INSERT INTO `surkom` (`title`, `no`, `nama1`, `jabatan`, `nip`, `e-mail`, `telp`, `nama2`, `nim`, `jurusan`, `fakultas`, `semester`, `ipk`, `sks`, `content`, `tanggal`, `nama` `pengirim`, `status`, `slug`) VALUES (\'d\', \'123\', \'d\', \'s\', \'33\', \'fdf\', \'4444\', \'gg\', \'45345\', \'ggf\', \'h\', \'5\', \'33\', \'3432\', \'fgbfgh\', \'21/02/2024\', NULL, \'published\', \'d\')')
 3 SYSTEMPATH\Database\BaseConnection.php(607): CodeIgniter\Database\BaseConnection->simpleQuery('INSERT INTO `surkom` (`title`, `no`, `nama1`, `jabatan`, `nip`, `e-mail`, `telp`, `nama2`, `nim`, `jurusan`, `fakultas`, `semester`, `ipk`, `sks`, `content`, `tanggal`, `nama` `pengirim`, `status`, `slug`) VALUES (\'d\', \'123\', \'d\', \'s\', \'33\', \'fdf\', \'4444\', \'gg\', \'45345\', \'ggf\', \'h\', \'5\', \'33\', \'3432\', \'fgbfgh\', \'21/02/2024\', NULL, \'published\', \'d\')')
 4 SYSTEMPATH\Database\BaseBuilder.php(2302): CodeIgniter\Database\BaseConnection->query('INSERT INTO `surkom` (`title`, `no`, `nama1`, `jabatan`, `nip`, `e-mail`, `telp`, `nama2`, `nim`, `jurusan`, `fakultas`, `semester`, `ipk`, `sks`, `content`, `tanggal`, `nama` `pengirim`, `status`, `slug`) VALUES (:title:, :no:, :nama1:, :jabatan:, :nip:, :e-mail:, :telp:, :nama2:, :nim:, :jurusan:, :fakultas:, :semester:, :ipk:, :sks:, :content:, :tanggal:, :nama pengirim:, :status:, :slug:)', [...], false)
 5 SYSTEMPATH\Model.php(326): CodeIgniter\Database\BaseBuilder->insert()
 6 SYSTEMPATH\BaseModel.php(802): CodeIgniter\Model->doInsert([...])
 7 SYSTEMPATH\Model.php(744): CodeIgniter\BaseModel->insert([...], true)
 8 APPPATH\Controllers\surkomAdmin.php(61): CodeIgniter\Model->insert([...])
 9 SYSTEMPATH\CodeIgniter.php(941): App\Controllers\surkomAdmin->create()
10 SYSTEMPATH\CodeIgniter.php(502): CodeIgniter\CodeIgniter->runController(Object(App\Controllers\surkomAdmin))
11 SYSTEMPATH\CodeIgniter.php(361): CodeIgniter\CodeIgniter->handleRequest(null, Object(Config\Cache), false)
12 FCPATH\index.php(79): CodeIgniter\CodeIgniter->run()
13 SYSTEMPATH\Commands\Server\rewrite.php(47): require_once('C:\\xampp\\htdocs\\nasi-campur\\public\\index.php')
ERROR - 2024-03-06 05:45:16 --> mysqli_sql_exception: You have an error in your SQL syntax; check the manual that corresponds to your MariaDB server version for the right syntax to use near '`pengirim`, `status`, `slug`) VALUES ('d', '123', 'd', 's', '33', 'fdf', '444...' at line 1 in C:\xampp\htdocs\nasi-campur\system\Database\MySQLi\Connection.php:306
Stack trace:
#0 C:\xampp\htdocs\nasi-campur\system\Database\MySQLi\Connection.php(306): mysqli->query('INSERT INTO `su...', 0)
#1 C:\xampp\htdocs\nasi-campur\system\Database\BaseConnection.php(693): CodeIgniter\Database\MySQLi\Connection->execute('INSERT INTO `su...')
#2 C:\xampp\htdocs\nasi-campur\system\Database\BaseConnection.php(607): CodeIgniter\Database\BaseConnection->simpleQuery('INSERT INTO `su...')
#3 C:\xampp\htdocs\nasi-campur\system\Database\BaseBuilder.php(2302): CodeIgniter\Database\BaseConnection->query('INSERT INTO `su...', Array, false)
#4 C:\xampp\htdocs\nasi-campur\system\Model.php(326): CodeIgniter\Database\BaseBuilder->insert()
#5 C:\xampp\htdocs\nasi-campur\system\BaseModel.php(802): CodeIgniter\Model->doInsert(Array)
#6 C:\xampp\htdocs\nasi-campur\system\Model.php(744): CodeIgniter\BaseModel->insert(Array, true)
#7 C:\xampp\htdocs\nasi-campur\app\Controllers\surkomAdmin.php(61): CodeIgniter\Model->insert(Array)
#8 C:\xampp\htdocs\nasi-campur\system\CodeIgniter.php(941): App\Controllers\surkomAdmin->create()
#9 C:\xampp\htdocs\nasi-campur\system\CodeIgniter.php(502): CodeIgniter\CodeIgniter->runController(Object(App\Controllers\surkomAdmin))
#10 C:\xampp\htdocs\nasi-campur\system\CodeIgniter.php(361): CodeIgniter\CodeIgniter->handleRequest(NULL, Object(Config\Cache), false)
#11 C:\xampp\htdocs\nasi-campur\public\index.php(79): CodeIgniter\CodeIgniter->run()
#12 C:\xampp\htdocs\nasi-campur\system\Commands\Server\rewrite.php(47): require_once('C:\\xampp\\htdocs...')
#13 {main}
CRITICAL - 2024-03-06 05:45:16 --> CodeIgniter\Database\Exceptions\DatabaseException: You have an error in your SQL syntax; check the manual that corresponds to your MariaDB server version for the right syntax to use near '`pengirim`, `status`, `slug`) VALUES ('d', '123', 'd', 's', '33', 'fdf', '444...' at line 1
in SYSTEMPATH\Database\BaseConnection.php on line 647.
 1 SYSTEMPATH\Database\BaseBuilder.php(2302): CodeIgniter\Database\BaseConnection->query('INSERT INTO `surkom` (`title`, `no`, `nama1`, `jabatan`, `nip`, `e-mail`, `telp`, `nama2`, `nim`, `jurusan`, `fakultas`, `semester`, `ipk`, `sks`, `content`, `tanggal`, `nama` `pengirim`, `status`, `slug`) VALUES (:title:, :no:, :nama1:, :jabatan:, :nip:, :e-mail:, :telp:, :nama2:, :nim:, :jurusan:, :fakultas:, :semester:, :ipk:, :sks:, :content:, :tanggal:, :nama pengirim:, :status:, :slug:)', [...], false)
 2 SYSTEMPATH\Model.php(326): CodeIgniter\Database\BaseBuilder->insert()
 3 SYSTEMPATH\BaseModel.php(802): CodeIgniter\Model->doInsert([...])
 4 SYSTEMPATH\Model.php(744): CodeIgniter\BaseModel->insert([...], true)
 5 APPPATH\Controllers\surkomAdmin.php(61): CodeIgniter\Model->insert([...])
 6 SYSTEMPATH\CodeIgniter.php(941): App\Controllers\surkomAdmin->create()
 7 SYSTEMPATH\CodeIgniter.php(502): CodeIgniter\CodeIgniter->runController(Object(App\Controllers\surkomAdmin))
 8 SYSTEMPATH\CodeIgniter.php(361): CodeIgniter\CodeIgniter->handleRequest(null, Object(Config\Cache), false)
 9 FCPATH\index.php(79): CodeIgniter\CodeIgniter->run()
10 SYSTEMPATH\Commands\Server\rewrite.php(47): require_once('C:\\xampp\\htdocs\\nasi-campur\\public\\index.php')
CRITICAL - 2024-03-06 05:45:16 --> [Caused by] CodeIgniter\Database\Exceptions\DatabaseException: You have an error in your SQL syntax; check the manual that corresponds to your MariaDB server version for the right syntax to use near '`pengirim`, `status`, `slug`) VALUES ('d', '123', 'd', 's', '33', 'fdf', '444...' at line 1
in SYSTEMPATH\Database\MySQLi\Connection.php on line 311.
 1 SYSTEMPATH\Database\BaseConnection.php(693): CodeIgniter\Database\MySQLi\Connection->execute('INSERT INTO `surkom` (`title`, `no`, `nama1`, `jabatan`, `nip`, `e-mail`, `telp`, `nama2`, `nim`, `jurusan`, `fakultas`, `semester`, `ipk`, `sks`, `content`, `tanggal`, `nama` `pengirim`, `status`, `slug`) VALUES (\'d\', \'123\', \'d\', \'s\', \'33\', \'fdf\', \'4444\', \'gg\', \'45345\', \'ggf\', \'h\', \'5\', \'33\', \'3432\', \'fgbfgh\', \'21/02/2024\', NULL, \'published\', \'d\')')
 2 SYSTEMPATH\Database\BaseConnection.php(607): CodeIgniter\Database\BaseConnection->simpleQuery('INSERT INTO `surkom` (`title`, `no`, `nama1`, `jabatan`, `nip`, `e-mail`, `telp`, `nama2`, `nim`, `jurusan`, `fakultas`, `semester`, `ipk`, `sks`, `content`, `tanggal`, `nama` `pengirim`, `status`, `slug`) VALUES (\'d\', \'123\', \'d\', \'s\', \'33\', \'fdf\', \'4444\', \'gg\', \'45345\', \'ggf\', \'h\', \'5\', \'33\', \'3432\', \'fgbfgh\', \'21/02/2024\', NULL, \'published\', \'d\')')
 3 SYSTEMPATH\Database\BaseBuilder.php(2302): CodeIgniter\Database\BaseConnection->query('INSERT INTO `surkom` (`title`, `no`, `nama1`, `jabatan`, `nip`, `e-mail`, `telp`, `nama2`, `nim`, `jurusan`, `fakultas`, `semester`, `ipk`, `sks`, `content`, `tanggal`, `nama` `pengirim`, `status`, `slug`) VALUES (:title:, :no:, :nama1:, :jabatan:, :nip:, :e-mail:, :telp:, :nama2:, :nim:, :jurusan:, :fakultas:, :semester:, :ipk:, :sks:, :content:, :tanggal:, :nama pengirim:, :status:, :slug:)', [...], false)
 4 SYSTEMPATH\Model.php(326): CodeIgniter\Database\BaseBuilder->insert()
 5 SYSTEMPATH\BaseModel.php(802): CodeIgniter\Model->doInsert([...])
 6 SYSTEMPATH\Model.php(744): CodeIgniter\BaseModel->insert([...], true)
 7 APPPATH\Controllers\surkomAdmin.php(61): CodeIgniter\Model->insert([...])
 8 SYSTEMPATH\CodeIgniter.php(941): App\Controllers\surkomAdmin->create()
 9 SYSTEMPATH\CodeIgniter.php(502): CodeIgniter\CodeIgniter->runController(Object(App\Controllers\surkomAdmin))
10 SYSTEMPATH\CodeIgniter.php(361): CodeIgniter\CodeIgniter->handleRequest(null, Object(Config\Cache), false)
11 FCPATH\index.php(79): CodeIgniter\CodeIgniter->run()
12 SYSTEMPATH\Commands\Server\rewrite.php(47): require_once('C:\\xampp\\htdocs\\nasi-campur\\public\\index.php')
CRITICAL - 2024-03-06 05:45:16 --> [Caused by] mysqli_sql_exception: You have an error in your SQL syntax; check the manual that corresponds to your MariaDB server version for the right syntax to use near '`pengirim`, `status`, `slug`) VALUES ('d', '123', 'd', 's', '33', 'fdf', '444...' at line 1
in SYSTEMPATH\Database\MySQLi\Connection.php on line 306.
 1 SYSTEMPATH\Database\MySQLi\Connection.php(306): mysqli->query('INSERT INTO `surkom` (`title`, `no`, `nama1`, `jabatan`, `nip`, `e-mail`, `telp`, `nama2`, `nim`, `jurusan`, `fakultas`, `semester`, `ipk`, `sks`, `content`, `tanggal`, `nama` `pengirim`, `status`, `slug`) VALUES (\'d\', \'123\', \'d\', \'s\', \'33\', \'fdf\', \'4444\', \'gg\', \'45345\', \'ggf\', \'h\', \'5\', \'33\', \'3432\', \'fgbfgh\', \'21/02/2024\', NULL, \'published\', \'d\')', 0)
 2 SYSTEMPATH\Database\BaseConnection.php(693): CodeIgniter\Database\MySQLi\Connection->execute('INSERT INTO `surkom` (`title`, `no`, `nama1`, `jabatan`, `nip`, `e-mail`, `telp`, `nama2`, `nim`, `jurusan`, `fakultas`, `semester`, `ipk`, `sks`, `content`, `tanggal`, `nama` `pengirim`, `status`, `slug`) VALUES (\'d\', \'123\', \'d\', \'s\', \'33\', \'fdf\', \'4444\', \'gg\', \'45345\', \'ggf\', \'h\', \'5\', \'33\', \'3432\', \'fgbfgh\', \'21/02/2024\', NULL, \'published\', \'d\')')
 3 SYSTEMPATH\Database\BaseConnection.php(607): CodeIgniter\Database\BaseConnection->simpleQuery('INSERT INTO `surkom` (`title`, `no`, `nama1`, `jabatan`, `nip`, `e-mail`, `telp`, `nama2`, `nim`, `jurusan`, `fakultas`, `semester`, `ipk`, `sks`, `content`, `tanggal`, `nama` `pengirim`, `status`, `slug`) VALUES (\'d\', \'123\', \'d\', \'s\', \'33\', \'fdf\', \'4444\', \'gg\', \'45345\', \'ggf\', \'h\', \'5\', \'33\', \'3432\', \'fgbfgh\', \'21/02/2024\', NULL, \'published\', \'d\')')
 4 SYSTEMPATH\Database\BaseBuilder.php(2302): CodeIgniter\Database\BaseConnection->query('INSERT INTO `surkom` (`title`, `no`, `nama1`, `jabatan`, `nip`, `e-mail`, `telp`, `nama2`, `nim`, `jurusan`, `fakultas`, `semester`, `ipk`, `sks`, `content`, `tanggal`, `nama` `pengirim`, `status`, `slug`) VALUES (:title:, :no:, :nama1:, :jabatan:, :nip:, :e-mail:, :telp:, :nama2:, :nim:, :jurusan:, :fakultas:, :semester:, :ipk:, :sks:, :content:, :tanggal:, :nama pengirim:, :status:, :slug:)', [...], false)
 5 SYSTEMPATH\Model.php(326): CodeIgniter\Database\BaseBuilder->insert()
 6 SYSTEMPATH\BaseModel.php(802): CodeIgniter\Model->doInsert([...])
 7 SYSTEMPATH\Model.php(744): CodeIgniter\BaseModel->insert([...], true)
 8 APPPATH\Controllers\surkomAdmin.php(61): CodeIgniter\Model->insert([...])
 9 SYSTEMPATH\CodeIgniter.php(941): App\Controllers\surkomAdmin->create()
10 SYSTEMPATH\CodeIgniter.php(502): CodeIgniter\CodeIgniter->runController(Object(App\Controllers\surkomAdmin))
11 SYSTEMPATH\CodeIgniter.php(361): CodeIgniter\CodeIgniter->handleRequest(null, Object(Config\Cache), false)
12 FCPATH\index.php(79): CodeIgniter\CodeIgniter->run()
13 SYSTEMPATH\Commands\Server\rewrite.php(47): require_once('C:\\xampp\\htdocs\\nasi-campur\\public\\index.php')
ERROR - 2024-03-06 05:46:00 --> mysqli_sql_exception: You have an error in your SQL syntax; check the manual that corresponds to your MariaDB server version for the right syntax to use near '`pengirim`, `status`, `slug`) VALUES ('d', '123', 'd', 's', '33', 'fdf', '444...' at line 1 in C:\xampp\htdocs\nasi-campur\system\Database\MySQLi\Connection.php:306
Stack trace:
#0 C:\xampp\htdocs\nasi-campur\system\Database\MySQLi\Connection.php(306): mysqli->query('INSERT INTO `su...', 0)
#1 C:\xampp\htdocs\nasi-campur\system\Database\BaseConnection.php(693): CodeIgniter\Database\MySQLi\Connection->execute('INSERT INTO `su...')
#2 C:\xampp\htdocs\nasi-campur\system\Database\BaseConnection.php(607): CodeIgniter\Database\BaseConnection->simpleQuery('INSERT INTO `su...')
#3 C:\xampp\htdocs\nasi-campur\system\Database\BaseBuilder.php(2302): CodeIgniter\Database\BaseConnection->query('INSERT INTO `su...', Array, false)
#4 C:\xampp\htdocs\nasi-campur\system\Model.php(326): CodeIgniter\Database\BaseBuilder->insert()
#5 C:\xampp\htdocs\nasi-campur\system\BaseModel.php(802): CodeIgniter\Model->doInsert(Array)
#6 C:\xampp\htdocs\nasi-campur\system\Model.php(744): CodeIgniter\BaseModel->insert(Array, true)
#7 C:\xampp\htdocs\nasi-campur\app\Controllers\surkomAdmin.php(61): CodeIgniter\Model->insert(Array)
#8 C:\xampp\htdocs\nasi-campur\system\CodeIgniter.php(941): App\Controllers\surkomAdmin->create()
#9 C:\xampp\htdocs\nasi-campur\system\CodeIgniter.php(502): CodeIgniter\CodeIgniter->runController(Object(App\Controllers\surkomAdmin))
#10 C:\xampp\htdocs\nasi-campur\system\CodeIgniter.php(361): CodeIgniter\CodeIgniter->handleRequest(NULL, Object(Config\Cache), false)
#11 C:\xampp\htdocs\nasi-campur\public\index.php(79): CodeIgniter\CodeIgniter->run()
#12 C:\xampp\htdocs\nasi-campur\system\Commands\Server\rewrite.php(47): require_once('C:\\xampp\\htdocs...')
#13 {main}
CRITICAL - 2024-03-06 05:46:00 --> CodeIgniter\Database\Exceptions\DatabaseException: You have an error in your SQL syntax; check the manual that corresponds to your MariaDB server version for the right syntax to use near '`pengirim`, `status`, `slug`) VALUES ('d', '123', 'd', 's', '33', 'fdf', '444...' at line 1
in SYSTEMPATH\Database\BaseConnection.php on line 647.
 1 SYSTEMPATH\Database\BaseBuilder.php(2302): CodeIgniter\Database\BaseConnection->query('INSERT INTO `surkom` (`title`, `no`, `nama1`, `jabatan`, `nip`, `e-mail`, `telp`, `nama2`, `nim`, `jurusan`, `fakultas`, `semester`, `ipk`, `sks`, `content`, `tanggal`, `nama` `pengirim`, `status`, `slug`) VALUES (:title:, :no:, :nama1:, :jabatan:, :nip:, :e-mail:, :telp:, :nama2:, :nim:, :jurusan:, :fakultas:, :semester:, :ipk:, :sks:, :content:, :tanggal:, :nama pengirim:, :status:, :slug:)', [...], false)
 2 SYSTEMPATH\Model.php(326): CodeIgniter\Database\BaseBuilder->insert()
 3 SYSTEMPATH\BaseModel.php(802): CodeIgniter\Model->doInsert([...])
 4 SYSTEMPATH\Model.php(744): CodeIgniter\BaseModel->insert([...], true)
 5 APPPATH\Controllers\surkomAdmin.php(61): CodeIgniter\Model->insert([...])
 6 SYSTEMPATH\CodeIgniter.php(941): App\Controllers\surkomAdmin->create()
 7 SYSTEMPATH\CodeIgniter.php(502): CodeIgniter\CodeIgniter->runController(Object(App\Controllers\surkomAdmin))
 8 SYSTEMPATH\CodeIgniter.php(361): CodeIgniter\CodeIgniter->handleRequest(null, Object(Config\Cache), false)
 9 FCPATH\index.php(79): CodeIgniter\CodeIgniter->run()
10 SYSTEMPATH\Commands\Server\rewrite.php(47): require_once('C:\\xampp\\htdocs\\nasi-campur\\public\\index.php')
CRITICAL - 2024-03-06 05:46:00 --> [Caused by] CodeIgniter\Database\Exceptions\DatabaseException: You have an error in your SQL syntax; check the manual that corresponds to your MariaDB server version for the right syntax to use near '`pengirim`, `status`, `slug`) VALUES ('d', '123', 'd', 's', '33', 'fdf', '444...' at line 1
in SYSTEMPATH\Database\MySQLi\Connection.php on line 311.
 1 SYSTEMPATH\Database\BaseConnection.php(693): CodeIgniter\Database\MySQLi\Connection->execute('INSERT INTO `surkom` (`title`, `no`, `nama1`, `jabatan`, `nip`, `e-mail`, `telp`, `nama2`, `nim`, `jurusan`, `fakultas`, `semester`, `ipk`, `sks`, `content`, `tanggal`, `nama` `pengirim`, `status`, `slug`) VALUES (\'d\', \'123\', \'d\', \'s\', \'33\', \'fdf\', \'4444\', \'gg\', \'45345\', \'ggf\', \'h\', \'5\', \'33\', \'3432\', \'fgbfgh\', \'21/02/2024\', NULL, \'published\', \'d\')')
 2 SYSTEMPATH\Database\BaseConnection.php(607): CodeIgniter\Database\BaseConnection->simpleQuery('INSERT INTO `surkom` (`title`, `no`, `nama1`, `jabatan`, `nip`, `e-mail`, `telp`, `nama2`, `nim`, `jurusan`, `fakultas`, `semester`, `ipk`, `sks`, `content`, `tanggal`, `nama` `pengirim`, `status`, `slug`) VALUES (\'d\', \'123\', \'d\', \'s\', \'33\', \'fdf\', \'4444\', \'gg\', \'45345\', \'ggf\', \'h\', \'5\', \'33\', \'3432\', \'fgbfgh\', \'21/02/2024\', NULL, \'published\', \'d\')')
 3 SYSTEMPATH\Database\BaseBuilder.php(2302): CodeIgniter\Database\BaseConnection->query('INSERT INTO `surkom` (`title`, `no`, `nama1`, `jabatan`, `nip`, `e-mail`, `telp`, `nama2`, `nim`, `jurusan`, `fakultas`, `semester`, `ipk`, `sks`, `content`, `tanggal`, `nama` `pengirim`, `status`, `slug`) VALUES (:title:, :no:, :nama1:, :jabatan:, :nip:, :e-mail:, :telp:, :nama2:, :nim:, :jurusan:, :fakultas:, :semester:, :ipk:, :sks:, :content:, :tanggal:, :nama pengirim:, :status:, :slug:)', [...], false)
 4 SYSTEMPATH\Model.php(326): CodeIgniter\Database\BaseBuilder->insert()
 5 SYSTEMPATH\BaseModel.php(802): CodeIgniter\Model->doInsert([...])
 6 SYSTEMPATH\Model.php(744): CodeIgniter\BaseModel->insert([...], true)
 7 APPPATH\Controllers\surkomAdmin.php(61): CodeIgniter\Model->insert([...])
 8 SYSTEMPATH\CodeIgniter.php(941): App\Controllers\surkomAdmin->create()
 9 SYSTEMPATH\CodeIgniter.php(502): CodeIgniter\CodeIgniter->runController(Object(App\Controllers\surkomAdmin))
10 SYSTEMPATH\CodeIgniter.php(361): CodeIgniter\CodeIgniter->handleRequest(null, Object(Config\Cache), false)
11 FCPATH\index.php(79): CodeIgniter\CodeIgniter->run()
12 SYSTEMPATH\Commands\Server\rewrite.php(47): require_once('C:\\xampp\\htdocs\\nasi-campur\\public\\index.php')
CRITICAL - 2024-03-06 05:46:00 --> [Caused by] mysqli_sql_exception: You have an error in your SQL syntax; check the manual that corresponds to your MariaDB server version for the right syntax to use near '`pengirim`, `status`, `slug`) VALUES ('d', '123', 'd', 's', '33', 'fdf', '444...' at line 1
in SYSTEMPATH\Database\MySQLi\Connection.php on line 306.
 1 SYSTEMPATH\Database\MySQLi\Connection.php(306): mysqli->query('INSERT INTO `surkom` (`title`, `no`, `nama1`, `jabatan`, `nip`, `e-mail`, `telp`, `nama2`, `nim`, `jurusan`, `fakultas`, `semester`, `ipk`, `sks`, `content`, `tanggal`, `nama` `pengirim`, `status`, `slug`) VALUES (\'d\', \'123\', \'d\', \'s\', \'33\', \'fdf\', \'4444\', \'gg\', \'45345\', \'ggf\', \'h\', \'5\', \'33\', \'3432\', \'fgbfgh\', \'21/02/2024\', NULL, \'published\', \'d\')', 0)
 2 SYSTEMPATH\Database\BaseConnection.php(693): CodeIgniter\Database\MySQLi\Connection->execute('INSERT INTO `surkom` (`title`, `no`, `nama1`, `jabatan`, `nip`, `e-mail`, `telp`, `nama2`, `nim`, `jurusan`, `fakultas`, `semester`, `ipk`, `sks`, `content`, `tanggal`, `nama` `pengirim`, `status`, `slug`) VALUES (\'d\', \'123\', \'d\', \'s\', \'33\', \'fdf\', \'4444\', \'gg\', \'45345\', \'ggf\', \'h\', \'5\', \'33\', \'3432\', \'fgbfgh\', \'21/02/2024\', NULL, \'published\', \'d\')')
 3 SYSTEMPATH\Database\BaseConnection.php(607): CodeIgniter\Database\BaseConnection->simpleQuery('INSERT INTO `surkom` (`title`, `no`, `nama1`, `jabatan`, `nip`, `e-mail`, `telp`, `nama2`, `nim`, `jurusan`, `fakultas`, `semester`, `ipk`, `sks`, `content`, `tanggal`, `nama` `pengirim`, `status`, `slug`) VALUES (\'d\', \'123\', \'d\', \'s\', \'33\', \'fdf\', \'4444\', \'gg\', \'45345\', \'ggf\', \'h\', \'5\', \'33\', \'3432\', \'fgbfgh\', \'21/02/2024\', NULL, \'published\', \'d\')')
 4 SYSTEMPATH\Database\BaseBuilder.php(2302): CodeIgniter\Database\BaseConnection->query('INSERT INTO `surkom` (`title`, `no`, `nama1`, `jabatan`, `nip`, `e-mail`, `telp`, `nama2`, `nim`, `jurusan`, `fakultas`, `semester`, `ipk`, `sks`, `content`, `tanggal`, `nama` `pengirim`, `status`, `slug`) VALUES (:title:, :no:, :nama1:, :jabatan:, :nip:, :e-mail:, :telp:, :nama2:, :nim:, :jurusan:, :fakultas:, :semester:, :ipk:, :sks:, :content:, :tanggal:, :nama pengirim:, :status:, :slug:)', [...], false)
 5 SYSTEMPATH\Model.php(326): CodeIgniter\Database\BaseBuilder->insert()
 6 SYSTEMPATH\BaseModel.php(802): CodeIgniter\Model->doInsert([...])
 7 SYSTEMPATH\Model.php(744): CodeIgniter\BaseModel->insert([...], true)
 8 APPPATH\Controllers\surkomAdmin.php(61): CodeIgniter\Model->insert([...])
 9 SYSTEMPATH\CodeIgniter.php(941): App\Controllers\surkomAdmin->create()
10 SYSTEMPATH\CodeIgniter.php(502): CodeIgniter\CodeIgniter->runController(Object(App\Controllers\surkomAdmin))
11 SYSTEMPATH\CodeIgniter.php(361): CodeIgniter\CodeIgniter->handleRequest(null, Object(Config\Cache), false)
12 FCPATH\index.php(79): CodeIgniter\CodeIgniter->run()
13 SYSTEMPATH\Commands\Server\rewrite.php(47): require_once('C:\\xampp\\htdocs\\nasi-campur\\public\\index.php')
ERROR - 2024-03-06 05:46:18 --> mysqli_sql_exception: You have an error in your SQL syntax; check the manual that corresponds to your MariaDB server version for the right syntax to use near '`pengirim`, `status`, `slug`) VALUES ('hfjkd', '123', 'd', 's', '33', 'fdf', ...' at line 1 in C:\xampp\htdocs\nasi-campur\system\Database\MySQLi\Connection.php:306
Stack trace:
#0 C:\xampp\htdocs\nasi-campur\system\Database\MySQLi\Connection.php(306): mysqli->query('INSERT INTO `su...', 0)
#1 C:\xampp\htdocs\nasi-campur\system\Database\BaseConnection.php(693): CodeIgniter\Database\MySQLi\Connection->execute('INSERT INTO `su...')
#2 C:\xampp\htdocs\nasi-campur\system\Database\BaseConnection.php(607): CodeIgniter\Database\BaseConnection->simpleQuery('INSERT INTO `su...')
#3 C:\xampp\htdocs\nasi-campur\system\Database\BaseBuilder.php(2302): CodeIgniter\Database\BaseConnection->query('INSERT INTO `su...', Array, false)
#4 C:\xampp\htdocs\nasi-campur\system\Model.php(326): CodeIgniter\Database\BaseBuilder->insert()
#5 C:\xampp\htdocs\nasi-campur\system\BaseModel.php(802): CodeIgniter\Model->doInsert(Array)
#6 C:\xampp\htdocs\nasi-campur\system\Model.php(744): CodeIgniter\BaseModel->insert(Array, true)
#7 C:\xampp\htdocs\nasi-campur\app\Controllers\surkomAdmin.php(61): CodeIgniter\Model->insert(Array)
#8 C:\xampp\htdocs\nasi-campur\system\CodeIgniter.php(941): App\Controllers\surkomAdmin->create()
#9 C:\xampp\htdocs\nasi-campur\system\CodeIgniter.php(502): CodeIgniter\CodeIgniter->runController(Object(App\Controllers\surkomAdmin))
#10 C:\xampp\htdocs\nasi-campur\system\CodeIgniter.php(361): CodeIgniter\CodeIgniter->handleRequest(NULL, Object(Config\Cache), false)
#11 C:\xampp\htdocs\nasi-campur\public\index.php(79): CodeIgniter\CodeIgniter->run()
#12 C:\xampp\htdocs\nasi-campur\system\Commands\Server\rewrite.php(47): require_once('C:\\xampp\\htdocs...')
#13 {main}
CRITICAL - 2024-03-06 05:46:18 --> CodeIgniter\Database\Exceptions\DatabaseException: You have an error in your SQL syntax; check the manual that corresponds to your MariaDB server version for the right syntax to use near '`pengirim`, `status`, `slug`) VALUES ('hfjkd', '123', 'd', 's', '33', 'fdf', ...' at line 1
in SYSTEMPATH\Database\BaseConnection.php on line 647.
 1 SYSTEMPATH\Database\BaseBuilder.php(2302): CodeIgniter\Database\BaseConnection->query('INSERT INTO `surkom` (`title`, `no`, `nama1`, `jabatan`, `nip`, `e-mail`, `telp`, `nama2`, `nim`, `jurusan`, `fakultas`, `semester`, `ipk`, `sks`, `content`, `tanggal`, `nama` `pengirim`, `status`, `slug`) VALUES (:title:, :no:, :nama1:, :jabatan:, :nip:, :e-mail:, :telp:, :nama2:, :nim:, :jurusan:, :fakultas:, :semester:, :ipk:, :sks:, :content:, :tanggal:, :nama pengirim:, :status:, :slug:)', [...], false)
 2 SYSTEMPATH\Model.php(326): CodeIgniter\Database\BaseBuilder->insert()
 3 SYSTEMPATH\BaseModel.php(802): CodeIgniter\Model->doInsert([...])
 4 SYSTEMPATH\Model.php(744): CodeIgniter\BaseModel->insert([...], true)
 5 APPPATH\Controllers\surkomAdmin.php(61): CodeIgniter\Model->insert([...])
 6 SYSTEMPATH\CodeIgniter.php(941): App\Controllers\surkomAdmin->create()
 7 SYSTEMPATH\CodeIgniter.php(502): CodeIgniter\CodeIgniter->runController(Object(App\Controllers\surkomAdmin))
 8 SYSTEMPATH\CodeIgniter.php(361): CodeIgniter\CodeIgniter->handleRequest(null, Object(Config\Cache), false)
 9 FCPATH\index.php(79): CodeIgniter\CodeIgniter->run()
10 SYSTEMPATH\Commands\Server\rewrite.php(47): require_once('C:\\xampp\\htdocs\\nasi-campur\\public\\index.php')
CRITICAL - 2024-03-06 05:46:18 --> [Caused by] CodeIgniter\Database\Exceptions\DatabaseException: You have an error in your SQL syntax; check the manual that corresponds to your MariaDB server version for the right syntax to use near '`pengirim`, `status`, `slug`) VALUES ('hfjkd', '123', 'd', 's', '33', 'fdf', ...' at line 1
in SYSTEMPATH\Database\MySQLi\Connection.php on line 311.
 1 SYSTEMPATH\Database\BaseConnection.php(693): CodeIgniter\Database\MySQLi\Connection->execute('INSERT INTO `surkom` (`title`, `no`, `nama1`, `jabatan`, `nip`, `e-mail`, `telp`, `nama2`, `nim`, `jurusan`, `fakultas`, `semester`, `ipk`, `sks`, `content`, `tanggal`, `nama` `pengirim`, `status`, `slug`) VALUES (\'hfjkd\', \'123\', \'d\', \'s\', \'33\', \'fdf\', \'4444\', \'gg\', \'45345\', \'ggf\', \'h\', \'5\', \'33\', \'3432\', \'fgbfgh\', \'21/02/2024\', NULL, \'published\', \'hfjkd\')')
 2 SYSTEMPATH\Database\BaseConnection.php(607): CodeIgniter\Database\BaseConnection->simpleQuery('INSERT INTO `surkom` (`title`, `no`, `nama1`, `jabatan`, `nip`, `e-mail`, `telp`, `nama2`, `nim`, `jurusan`, `fakultas`, `semester`, `ipk`, `sks`, `content`, `tanggal`, `nama` `pengirim`, `status`, `slug`) VALUES (\'hfjkd\', \'123\', \'d\', \'s\', \'33\', \'fdf\', \'4444\', \'gg\', \'45345\', \'ggf\', \'h\', \'5\', \'33\', \'3432\', \'fgbfgh\', \'21/02/2024\', NULL, \'published\', \'hfjkd\')')
 3 SYSTEMPATH\Database\BaseBuilder.php(2302): CodeIgniter\Database\BaseConnection->query('INSERT INTO `surkom` (`title`, `no`, `nama1`, `jabatan`, `nip`, `e-mail`, `telp`, `nama2`, `nim`, `jurusan`, `fakultas`, `semester`, `ipk`, `sks`, `content`, `tanggal`, `nama` `pengirim`, `status`, `slug`) VALUES (:title:, :no:, :nama1:, :jabatan:, :nip:, :e-mail:, :telp:, :nama2:, :nim:, :jurusan:, :fakultas:, :semester:, :ipk:, :sks:, :content:, :tanggal:, :nama pengirim:, :status:, :slug:)', [...], false)
 4 SYSTEMPATH\Model.php(326): CodeIgniter\Database\BaseBuilder->insert()
 5 SYSTEMPATH\BaseModel.php(802): CodeIgniter\Model->doInsert([...])
 6 SYSTEMPATH\Model.php(744): CodeIgniter\BaseModel->insert([...], true)
 7 APPPATH\Controllers\surkomAdmin.php(61): CodeIgniter\Model->insert([...])
 8 SYSTEMPATH\CodeIgniter.php(941): App\Controllers\surkomAdmin->create()
 9 SYSTEMPATH\CodeIgniter.php(502): CodeIgniter\CodeIgniter->runController(Object(App\Controllers\surkomAdmin))
10 SYSTEMPATH\CodeIgniter.php(361): CodeIgniter\CodeIgniter->handleRequest(null, Object(Config\Cache), false)
11 FCPATH\index.php(79): CodeIgniter\CodeIgniter->run()
12 SYSTEMPATH\Commands\Server\rewrite.php(47): require_once('C:\\xampp\\htdocs\\nasi-campur\\public\\index.php')
CRITICAL - 2024-03-06 05:46:18 --> [Caused by] mysqli_sql_exception: You have an error in your SQL syntax; check the manual that corresponds to your MariaDB server version for the right syntax to use near '`pengirim`, `status`, `slug`) VALUES ('hfjkd', '123', 'd', 's', '33', 'fdf', ...' at line 1
in SYSTEMPATH\Database\MySQLi\Connection.php on line 306.
 1 SYSTEMPATH\Database\MySQLi\Connection.php(306): mysqli->query('INSERT INTO `surkom` (`title`, `no`, `nama1`, `jabatan`, `nip`, `e-mail`, `telp`, `nama2`, `nim`, `jurusan`, `fakultas`, `semester`, `ipk`, `sks`, `content`, `tanggal`, `nama` `pengirim`, `status`, `slug`) VALUES (\'hfjkd\', \'123\', \'d\', \'s\', \'33\', \'fdf\', \'4444\', \'gg\', \'45345\', \'ggf\', \'h\', \'5\', \'33\', \'3432\', \'fgbfgh\', \'21/02/2024\', NULL, \'published\', \'hfjkd\')', 0)
 2 SYSTEMPATH\Database\BaseConnection.php(693): CodeIgniter\Database\MySQLi\Connection->execute('INSERT INTO `surkom` (`title`, `no`, `nama1`, `jabatan`, `nip`, `e-mail`, `telp`, `nama2`, `nim`, `jurusan`, `fakultas`, `semester`, `ipk`, `sks`, `content`, `tanggal`, `nama` `pengirim`, `status`, `slug`) VALUES (\'hfjkd\', \'123\', \'d\', \'s\', \'33\', \'fdf\', \'4444\', \'gg\', \'45345\', \'ggf\', \'h\', \'5\', \'33\', \'3432\', \'fgbfgh\', \'21/02/2024\', NULL, \'published\', \'hfjkd\')')
 3 SYSTEMPATH\Database\BaseConnection.php(607): CodeIgniter\Database\BaseConnection->simpleQuery('INSERT INTO `surkom` (`title`, `no`, `nama1`, `jabatan`, `nip`, `e-mail`, `telp`, `nama2`, `nim`, `jurusan`, `fakultas`, `semester`, `ipk`, `sks`, `content`, `tanggal`, `nama` `pengirim`, `status`, `slug`) VALUES (\'hfjkd\', \'123\', \'d\', \'s\', \'33\', \'fdf\', \'4444\', \'gg\', \'45345\', \'ggf\', \'h\', \'5\', \'33\', \'3432\', \'fgbfgh\', \'21/02/2024\', NULL, \'published\', \'hfjkd\')')
 4 SYSTEMPATH\Database\BaseBuilder.php(2302): CodeIgniter\Database\BaseConnection->query('INSERT INTO `surkom` (`title`, `no`, `nama1`, `jabatan`, `nip`, `e-mail`, `telp`, `nama2`, `nim`, `jurusan`, `fakultas`, `semester`, `ipk`, `sks`, `content`, `tanggal`, `nama` `pengirim`, `status`, `slug`) VALUES (:title:, :no:, :nama1:, :jabatan:, :nip:, :e-mail:, :telp:, :nama2:, :nim:, :jurusan:, :fakultas:, :semester:, :ipk:, :sks:, :content:, :tanggal:, :nama pengirim:, :status:, :slug:)', [...], false)
 5 SYSTEMPATH\Model.php(326): CodeIgniter\Database\BaseBuilder->insert()
 6 SYSTEMPATH\BaseModel.php(802): CodeIgniter\Model->doInsert([...])
 7 SYSTEMPATH\Model.php(744): CodeIgniter\BaseModel->insert([...], true)
 8 APPPATH\Controllers\surkomAdmin.php(61): CodeIgniter\Model->insert([...])
 9 SYSTEMPATH\CodeIgniter.php(941): App\Controllers\surkomAdmin->create()
10 SYSTEMPATH\CodeIgniter.php(502): CodeIgniter\CodeIgniter->runController(Object(App\Controllers\surkomAdmin))
11 SYSTEMPATH\CodeIgniter.php(361): CodeIgniter\CodeIgniter->handleRequest(null, Object(Config\Cache), false)
12 FCPATH\index.php(79): CodeIgniter\CodeIgniter->run()
13 SYSTEMPATH\Commands\Server\rewrite.php(47): require_once('C:\\xampp\\htdocs\\nasi-campur\\public\\index.php')
ERROR - 2024-03-06 06:02:34 --> mysqli_sql_exception: You have an error in your SQL syntax; check the manual that corresponds to your MariaDB server version for the right syntax to use near '`pengirim`) VALUES ('Selamat datang di Codeigntier', 'codeigniter-intro', 'Se...' at line 1 in C:\xampp\htdocs\nasi-campur\system\Database\MySQLi\Connection.php:306
Stack trace:
#0 C:\xampp\htdocs\nasi-campur\system\Database\MySQLi\Connection.php(306): mysqli->query('INSERT INTO `su...', 0)
#1 C:\xampp\htdocs\nasi-campur\system\Database\BaseConnection.php(693): CodeIgniter\Database\MySQLi\Connection->execute('INSERT INTO `su...')
#2 C:\xampp\htdocs\nasi-campur\system\Database\BaseConnection.php(607): CodeIgniter\Database\BaseConnection->simpleQuery('INSERT INTO `su...')
#3 C:\xampp\htdocs\nasi-campur\system\Database\BaseBuilder.php(2302): CodeIgniter\Database\BaseConnection->query('INSERT INTO `su...', Array, false)
#4 C:\xampp\htdocs\nasi-campur\app\Database\Seeds\Surkom.php(37): CodeIgniter\Database\BaseBuilder->insert(Array)
#5 C:\xampp\htdocs\nasi-campur\system\Database\Seeder.php(145): App\Database\Seeds\surkom->run()
#6 C:\xampp\htdocs\nasi-campur\system\Commands\Database\Seed.php(77): CodeIgniter\Database\Seeder->call('App\\Database\\Se...')
#7 C:\xampp\htdocs\nasi-campur\system\CLI\Commands.php(65): CodeIgniter\Commands\Database\Seed->run(Array)
#8 C:\xampp\htdocs\nasi-campur\system\CLI\Console.php(46): CodeIgniter\CLI\Commands->run('db:seed', Array)
#9 C:\xampp\htdocs\nasi-campur\spark(102): CodeIgniter\CLI\Console->run()
#10 {main}
ERROR - 2024-03-06 06:03:05 --> mysqli_sql_exception: You have an error in your SQL syntax; check the manual that corresponds to your MariaDB server version for the right syntax to use near '`pengirim`) VALUES ('Selamat datang di Codeigntier', 'codeigniter-intro', 'Se...' at line 1 in C:\xampp\htdocs\nasi-campur\system\Database\MySQLi\Connection.php:306
Stack trace:
#0 C:\xampp\htdocs\nasi-campur\system\Database\MySQLi\Connection.php(306): mysqli->query('INSERT INTO `su...', 0)
#1 C:\xampp\htdocs\nasi-campur\system\Database\BaseConnection.php(693): CodeIgniter\Database\MySQLi\Connection->execute('INSERT INTO `su...')
#2 C:\xampp\htdocs\nasi-campur\system\Database\BaseConnection.php(607): CodeIgniter\Database\BaseConnection->simpleQuery('INSERT INTO `su...')
#3 C:\xampp\htdocs\nasi-campur\system\Database\BaseBuilder.php(2302): CodeIgniter\Database\BaseConnection->query('INSERT INTO `su...', Array, false)
#4 C:\xampp\htdocs\nasi-campur\app\Database\Seeds\surkom.php(37): CodeIgniter\Database\BaseBuilder->insert(Array)
#5 C:\xampp\htdocs\nasi-campur\system\Database\Seeder.php(145): App\Database\Seeds\surkom->run()
#6 C:\xampp\htdocs\nasi-campur\system\Commands\Database\Seed.php(77): CodeIgniter\Database\Seeder->call('App\\Database\\Se...')
#7 C:\xampp\htdocs\nasi-campur\system\CLI\Commands.php(65): CodeIgniter\Commands\Database\Seed->run(Array)
#8 C:\xampp\htdocs\nasi-campur\system\CLI\Console.php(46): CodeIgniter\CLI\Commands->run('db:seed', Array)
#9 C:\xampp\htdocs\nasi-campur\spark(102): CodeIgniter\CLI\Console->run()
#10 {main}
